<?xml version="1.0" ?>
<!DOCTYPE coverage
  SYSTEM 'http://cobertura.sourceforge.net/xml/coverage-04.dtd'>
<coverage branch-rate="0.0" branches-covered="0" branches-valid="0" complexity="0" line-rate="0.6045224541429475" lines-covered="3823" lines-valid="6324" timestamp="1711635008" version="2.0.3">
	<sources>
		<source>.</source>
	</sources>
	<packages>
		<package line-rate="0.803030303030303" branch-rate="0.0" name="include.Module.Adaptor" complexity="0">
			<classes>
				<class branch-rate="0.0" complexity="0" filename="include/Module/Adaptor/Adaptor.hxx" line-rate="0.7619047619047619" name="include.Module.Adaptor.Adaptor.hxx">
					<methods>
						<method name="_ZN6aff3ct6module7AdaptorC2ERKSt6vectorImSaImEERKS2_ISt10type_indexSaIS7_EEm" signature="" line-rate="1.0" branch-rate="1.0">
							<lines>
								<line hits="141" number="66" branch="false"/>
							</lines>
						</method>
						<method name="_ZN6aff3ct6module7Adaptor8is_emptyEm" signature="" line-rate="1.0" branch-rate="1.0">
							<lines>
								<line hits="693761" number="147" branch="false"/>
							</lines>
						</method>
						<method name="_ZN6aff3ct6module7Adaptor7is_fullEm" signature="" line-rate="1.0" branch-rate="1.0">
							<lines>
								<line hits="224881" number="153" branch="false"/>
							</lines>
						</method>
						<method name="_ZN6aff3ct6module7Adaptor12n_fill_slotsEm" signature="" line-rate="1.0" branch-rate="1.0">
							<lines>
								<line hits="224881" number="160" branch="false"/>
							</lines>
						</method>
						<method name="_ZN6aff3ct6module7Adaptor12n_free_slotsEm" signature="" line-rate="1.0" branch-rate="1.0">
							<lines>
								<line hits="224881" number="166" branch="false"/>
							</lines>
						</method>
					</methods>
					<lines>
						<line branch="false" hits="141" number="66"/>
						<line branch="false" hits="141" number="69"/>
						<line branch="false" hits="141" number="75"/>
						<line branch="false" hits="141" number="79"/>
						<line branch="false" hits="423" number="80"/>
						<line branch="false" hits="141" number="81"/>
						<line branch="false" hits="141" number="82"/>
						<line branch="false" hits="141" number="83"/>
						<line branch="false" hits="987" number="85"/>
						<line branch="false" hits="282" number="87"/>
						<line branch="false" hits="141" number="88"/>
						<line branch="false" hits="141" number="89"/>
						<line branch="false" hits="141" number="91"/>
						<line branch="false" hits="0" number="93"/>
						<line branch="false" hits="0" number="94"/>
						<line branch="false" hits="0" number="95"/>
						<line branch="false" hits="141" number="98"/>
						<line branch="false" hits="0" number="100"/>
						<line branch="false" hits="0" number="101"/>
						<line branch="false" hits="0" number="102"/>
						<line branch="false" hits="423" number="105"/>
						<line branch="false" hits="282" number="107"/>
						<line branch="false" hits="0" number="109"/>
						<line branch="false" hits="0" number="110"/>
						<line branch="false" hits="0" number="111"/>
						<line branch="false" hits="0" number="112"/>
						<line branch="false" hits="423" number="116"/>
						<line branch="false" hits="42671" number="117"/>
						<line branch="false" hits="42389" number="119"/>
						<line branch="false" hits="42389" number="120"/>
						<line branch="false" hits="141141" number="123"/>
						<line branch="false" hits="141141" number="124"/>
						<line branch="false" hits="141" number="126"/>
						<line branch="false" hits="141" number="127"/>
						<line branch="false" hits="693761" number="147"/>
						<line branch="false" hits="693761" number="150"/>
						<line branch="false" hits="224881" number="153"/>
						<line branch="false" hits="224881" number="157"/>
						<line branch="false" hits="224881" number="160"/>
						<line branch="false" hits="224881" number="163"/>
						<line branch="false" hits="224881" number="166"/>
						<line branch="false" hits="224881" number="169"/>
					</lines>
				</class>
				<class branch-rate="0.0" complexity="0" filename="include/Module/Adaptor/Adaptor_1_to_n.hpp" line-rate="1.0" name="include.Module.Adaptor.Adaptor_1_to_n.hpp">
					<methods>
						<method name="_ZN6aff3ct6module14Adaptor_1_to_nD2Ev" signature="" line-rate="1.0" branch-rate="1.0">
							<lines>
								<line hits="251" number="49" branch="false"/>
							</lines>
						</method>
						<method name="_ZN6aff3ct6module14Adaptor_1_to_nD0Ev" signature="" line-rate="1.0" branch-rate="1.0">
							<lines>
								<line hits="251" number="49" branch="false"/>
							</lines>
						</method>
					</methods>
					<lines>
						<line branch="false" hits="502" number="49"/>
					</lines>
				</class>
				<class branch-rate="0.0" complexity="0" filename="include/Module/Adaptor/Adaptor_1_to_n.hxx" line-rate="0.8181818181818182" name="include.Module.Adaptor.Adaptor_1_to_n.hxx">
					<methods>
						<method name="_ZN6aff3ct6module14Adaptor_1_to_nC2ERKSt6vectorImSaImEERKS2_ISt10type_indexSaIS7_EEmb" signature="" line-rate="1.0" branch-rate="1.0">
							<lines>
								<line hits="79" number="45" branch="false"/>
							</lines>
						</method>
						<method name="_ZN6aff3ct6module14Adaptor_1_to_n4initEv" signature="" line-rate="1.0" branch-rate="1.0">
							<lines>
								<line hits="79" number="60" branch="false"/>
							</lines>
						</method>
						<method name="_ZZN6aff3ct6module14Adaptor_1_to_n4initEvENKUlRNS0_6ModuleERNS_7runtime4TaskEmE_clES3_S6_m" signature="" line-rate="1.0" branch-rate="1.0">
							<lines>
								<line hits="36317" number="73" branch="false"/>
							</lines>
						</method>
						<method name="_ZZN6aff3ct6module14Adaptor_1_to_n4initEvENKUlRNS0_6ModuleERNS_7runtime4TaskEmE0_clES3_S6_m" signature="" line-rate="1.0" branch-rate="1.0">
							<lines>
								<line hits="27753" number="98" branch="false"/>
							</lines>
						</method>
					</methods>
					<lines>
						<line branch="false" hits="79" number="45"/>
						<line branch="false" hits="79" number="49"/>
						<line branch="false" hits="79" number="52"/>
						<line branch="false" hits="79" number="53"/>
						<line branch="false" hits="79" number="54"/>
						<line branch="false" hits="316" number="55"/>
						<line branch="false" hits="79" number="57"/>
						<line branch="false" hits="79" number="58"/>
						<line branch="false" hits="79" number="60"/>
						<line branch="false" hits="158" number="63"/>
						<line branch="false" hits="79" number="64"/>
						<line branch="false" hits="79" number="65"/>
						<line branch="false" hits="79" number="66"/>
						<line branch="false" hits="79" number="68"/>
						<line branch="false" hits="158" number="69"/>
						<line branch="false" hits="223" number="70"/>
						<line branch="false" hits="144" number="71"/>
						<line branch="false" hits="79" number="73"/>
						<line branch="false" hits="36317" number="75"/>
						<line branch="false" hits="36317" number="76"/>
						<line branch="false" hits="36317" number="78"/>
						<line branch="false" hits="97466" number="80"/>
						<line branch="false" hits="61180" number="81"/>
						<line branch="false" hits="0" number="85"/>
						<line branch="false" hits="0" number="86"/>
						<line branch="false" hits="0" number="87"/>
						<line branch="false" hits="0" number="88"/>
						<line branch="false" hits="36286" number="90"/>
						<line branch="false" hits="79" number="93"/>
						<line branch="false" hits="79" number="94"/>
						<line branch="false" hits="223" number="95"/>
						<line branch="false" hits="144" number="96"/>
						<line branch="false" hits="79" number="98"/>
						<line branch="false" hits="27753" number="100"/>
						<line branch="false" hits="27753" number="101"/>
						<line branch="false" hits="27753" number="103"/>
						<line branch="false" hits="79266" number="105"/>
						<line branch="false" hits="51658" number="106"/>
						<line branch="false" hits="0" number="110"/>
						<line branch="false" hits="0" number="111"/>
						<line branch="false" hits="0" number="112"/>
						<line branch="false" hits="0" number="113"/>
						<line branch="false" hits="27608" number="115"/>
						<line branch="false" hits="79" number="117"/>
					</lines>
				</class>
				<class branch-rate="0.0" complexity="0" filename="include/Module/Adaptor/Adaptor_n_to_1.hpp" line-rate="1.0" name="include.Module.Adaptor.Adaptor_n_to_1.hpp">
					<methods>
						<method name="_ZN6aff3ct6module14Adaptor_n_to_1D2Ev" signature="" line-rate="1.0" branch-rate="1.0">
							<lines>
								<line hits="234" number="49" branch="false"/>
							</lines>
						</method>
						<method name="_ZN6aff3ct6module14Adaptor_n_to_1D0Ev" signature="" line-rate="1.0" branch-rate="1.0">
							<lines>
								<line hits="234" number="49" branch="false"/>
							</lines>
						</method>
					</methods>
					<lines>
						<line branch="false" hits="468" number="49"/>
					</lines>
				</class>
				<class branch-rate="0.0" complexity="0" filename="include/Module/Adaptor/Adaptor_n_to_1.hxx" line-rate="0.8181818181818182" name="include.Module.Adaptor.Adaptor_n_to_1.hxx">
					<methods>
						<method name="_ZN6aff3ct6module14Adaptor_n_to_1C2ERKSt6vectorImSaImEERKS2_ISt10type_indexSaIS7_EEmb" signature="" line-rate="1.0" branch-rate="1.0">
							<lines>
								<line hits="62" number="45" branch="false"/>
							</lines>
						</method>
						<method name="_ZN6aff3ct6module14Adaptor_n_to_14initEv" signature="" line-rate="1.0" branch-rate="1.0">
							<lines>
								<line hits="62" number="60" branch="false"/>
							</lines>
						</method>
						<method name="_ZZN6aff3ct6module14Adaptor_n_to_14initEvENKUlRNS0_6ModuleERNS_7runtime4TaskEmE_clES3_S6_m" signature="" line-rate="1.0" branch-rate="1.0">
							<lines>
								<line hits="22860" number="73" branch="false"/>
							</lines>
						</method>
						<method name="_ZZN6aff3ct6module14Adaptor_n_to_14initEvENKUlRNS0_6ModuleERNS_7runtime4TaskEmE0_clES3_S6_m" signature="" line-rate="1.0" branch-rate="1.0">
							<lines>
								<line hits="19790" number="98" branch="false"/>
							</lines>
						</method>
					</methods>
					<lines>
						<line branch="false" hits="62" number="45"/>
						<line branch="false" hits="62" number="49"/>
						<line branch="false" hits="62" number="52"/>
						<line branch="false" hits="62" number="53"/>
						<line branch="false" hits="62" number="54"/>
						<line branch="false" hits="248" number="55"/>
						<line branch="false" hits="62" number="57"/>
						<line branch="false" hits="62" number="58"/>
						<line branch="false" hits="62" number="60"/>
						<line branch="false" hits="124" number="63"/>
						<line branch="false" hits="62" number="64"/>
						<line branch="false" hits="62" number="65"/>
						<line branch="false" hits="62" number="66"/>
						<line branch="false" hits="62" number="68"/>
						<line branch="false" hits="124" number="69"/>
						<line branch="false" hits="200" number="70"/>
						<line branch="false" hits="138" number="71"/>
						<line branch="false" hits="62" number="73"/>
						<line branch="false" hits="22860" number="75"/>
						<line branch="false" hits="22860" number="76"/>
						<line branch="false" hits="22860" number="78"/>
						<line branch="false" hits="64718" number="80"/>
						<line branch="false" hits="41951" number="81"/>
						<line branch="false" hits="0" number="85"/>
						<line branch="false" hits="0" number="86"/>
						<line branch="false" hits="0" number="87"/>
						<line branch="false" hits="0" number="88"/>
						<line branch="false" hits="22767" number="90"/>
						<line branch="false" hits="62" number="93"/>
						<line branch="false" hits="62" number="94"/>
						<line branch="false" hits="200" number="95"/>
						<line branch="false" hits="138" number="96"/>
						<line branch="false" hits="62" number="98"/>
						<line branch="false" hits="19790" number="100"/>
						<line branch="false" hits="19790" number="101"/>
						<line branch="false" hits="19790" number="103"/>
						<line branch="false" hits="55932" number="105"/>
						<line branch="false" hits="36186" number="106"/>
						<line branch="false" hits="0" number="110"/>
						<line branch="false" hits="0" number="111"/>
						<line branch="false" hits="0" number="112"/>
						<line branch="false" hits="0" number="113"/>
						<line branch="false" hits="19746" number="115"/>
						<line branch="false" hits="62" number="117"/>
					</lines>
				</class>
			</classes>
		</package>
		<package line-rate="0.2" branch-rate="0.0" name="include.Module.Controller" complexity="0">
			<classes>
				<class branch-rate="0.0" complexity="0" filename="include/Module/Controller/Controller.hpp" line-rate="1.0" name="include.Module.Controller.Controller.hpp">
					<methods>
						<method name="_ZN6aff3ct6module10ControllerD2Ev" signature="" line-rate="1.0" branch-rate="1.0">
							<lines>
								<line hits="37" number="40" branch="false"/>
							</lines>
						</method>
						<method name="_ZN6aff3ct6module10ControllerD0Ev" signature="" line-rate="0.0" branch-rate="0.0">
							<lines>
								<line hits="0" number="40" branch="false"/>
							</lines>
						</method>
					</methods>
					<lines>
						<line branch="false" hits="37" number="40"/>
					</lines>
				</class>
				<class branch-rate="0.0" complexity="0" filename="include/Module/Controller/Controller.hxx" line-rate="0.0" name="include.Module.Controller.Controller.hxx">
					<methods>
						<method name="_ZN6aff3ct6module10ControllerixENS0_3ctr3tskE" signature="" line-rate="0.0" branch-rate="0.0">
							<lines>
								<line hits="0" number="10" branch="false"/>
							</lines>
						</method>
						<method name="_ZN6aff3ct6module10ControllerixENS0_3ctr3sck7controlE" signature="" line-rate="0.0" branch-rate="0.0">
							<lines>
								<line hits="0" number="16" branch="false"/>
							</lines>
						</method>
					</methods>
					<lines>
						<line branch="false" hits="0" number="10"/>
						<line branch="false" hits="0" number="13"/>
						<line branch="false" hits="0" number="16"/>
						<line branch="false" hits="0" number="19"/>
					</lines>
				</class>
			</classes>
		</package>
		<package line-rate="1.0" branch-rate="0.0" name="include.Module.Controller.Controller_cyclic" complexity="0">
			<classes>
				<class branch-rate="0.0" complexity="0" filename="include/Module/Controller/Controller_cyclic/Controller_cyclic.hpp" line-rate="1.0" name="include.Module.Controller.Controller_cyclic.Controller_cyclic.hpp">
					<methods>
						<method name="_ZN6aff3ct6module17Controller_cyclicD2Ev" signature="" line-rate="1.0" branch-rate="1.0">
							<lines>
								<line hits="4" number="24" branch="false"/>
							</lines>
						</method>
						<method name="_ZN6aff3ct6module17Controller_cyclicD0Ev" signature="" line-rate="1.0" branch-rate="1.0">
							<lines>
								<line hits="4" number="24" branch="false"/>
							</lines>
						</method>
					</methods>
					<lines>
						<line branch="false" hits="8" number="24"/>
					</lines>
				</class>
			</classes>
		</package>
		<package line-rate="0.0" branch-rate="0.0" name="include.Module.Controller.Controller_limit" complexity="0">
			<classes>
				<class branch-rate="0.0" complexity="0" filename="include/Module/Controller/Controller_limit/Controller_limit.hpp" line-rate="0.0" name="include.Module.Controller.Controller_limit.Controller_limit.hpp">
					<methods>
						<method name="_ZN6aff3ct6module16Controller_limitD0Ev" signature="" line-rate="0.0" branch-rate="0.0">
							<lines>
								<line hits="0" number="25" branch="false"/>
							</lines>
						</method>
						<method name="_ZN6aff3ct6module16Controller_limitD2Ev" signature="" line-rate="0.0" branch-rate="0.0">
							<lines>
								<line hits="0" number="25" branch="false"/>
							</lines>
						</method>
					</methods>
					<lines>
						<line branch="false" hits="0" number="25"/>
					</lines>
				</class>
			</classes>
		</package>
		<package line-rate="1.0" branch-rate="0.0" name="include.Module.Controller.Controller_static" complexity="0">
			<classes>
				<class branch-rate="0.0" complexity="0" filename="include/Module/Controller/Controller_static/Controller_static.hpp" line-rate="1.0" name="include.Module.Controller.Controller_static.Controller_static.hpp">
					<methods>
						<method name="_ZN6aff3ct6module17Controller_staticD2Ev" signature="" line-rate="1.0" branch-rate="1.0">
							<lines>
								<line hits="33" number="21" branch="false"/>
							</lines>
						</method>
						<method name="_ZN6aff3ct6module17Controller_staticD0Ev" signature="" line-rate="1.0" branch-rate="1.0">
							<lines>
								<line hits="33" number="21" branch="false"/>
							</lines>
						</method>
					</methods>
					<lines>
						<line branch="false" hits="66" number="21"/>
					</lines>
				</class>
			</classes>
		</package>
		<package line-rate="0.0" branch-rate="0.0" name="include.Module.Delayer" complexity="0">
			<classes>
				<class branch-rate="0.0" complexity="0" filename="include/Module/Delayer/Delayer.hpp" line-rate="0.0" name="include.Module.Delayer.Delayer.hpp">
					<methods>
						<method name="_ZN6aff3ct6module7DelayerIjED0Ev" signature="" line-rate="0.0" branch-rate="0.0">
							<lines>
								<line hits="0" number="40" branch="false"/>
							</lines>
						</method>
						<method name="_ZN6aff3ct6module7DelayerIdED2Ev" signature="" line-rate="0.0" branch-rate="0.0">
							<lines>
								<line hits="0" number="40" branch="false"/>
							</lines>
						</method>
						<method name="_ZN6aff3ct6module7DelayerIdED0Ev" signature="" line-rate="0.0" branch-rate="0.0">
							<lines>
								<line hits="0" number="40" branch="false"/>
							</lines>
						</method>
						<method name="_ZN6aff3ct6module7DelayerImED0Ev" signature="" line-rate="0.0" branch-rate="0.0">
							<lines>
								<line hits="0" number="40" branch="false"/>
							</lines>
						</method>
						<method name="_ZN6aff3ct6module7DelayerIfED2Ev" signature="" line-rate="0.0" branch-rate="0.0">
							<lines>
								<line hits="0" number="40" branch="false"/>
							</lines>
						</method>
						<method name="_ZN6aff3ct6module7DelayerIsED2Ev" signature="" line-rate="0.0" branch-rate="0.0">
							<lines>
								<line hits="0" number="40" branch="false"/>
							</lines>
						</method>
						<method name="_ZN6aff3ct6module7DelayerIhED2Ev" signature="" line-rate="0.0" branch-rate="0.0">
							<lines>
								<line hits="0" number="40" branch="false"/>
							</lines>
						</method>
						<method name="_ZN6aff3ct6module7DelayerIfED0Ev" signature="" line-rate="0.0" branch-rate="0.0">
							<lines>
								<line hits="0" number="40" branch="false"/>
							</lines>
						</method>
						<method name="_ZN6aff3ct6module7DelayerIlED0Ev" signature="" line-rate="0.0" branch-rate="0.0">
							<lines>
								<line hits="0" number="40" branch="false"/>
							</lines>
						</method>
						<method name="_ZN6aff3ct6module7DelayerIhED0Ev" signature="" line-rate="0.0" branch-rate="0.0">
							<lines>
								<line hits="0" number="40" branch="false"/>
							</lines>
						</method>
						<method name="_ZN6aff3ct6module7DelayerIlED2Ev" signature="" line-rate="0.0" branch-rate="0.0">
							<lines>
								<line hits="0" number="40" branch="false"/>
							</lines>
						</method>
						<method name="_ZN6aff3ct6module7DelayerImED2Ev" signature="" line-rate="0.0" branch-rate="0.0">
							<lines>
								<line hits="0" number="40" branch="false"/>
							</lines>
						</method>
						<method name="_ZN6aff3ct6module7DelayerItED2Ev" signature="" line-rate="0.0" branch-rate="0.0">
							<lines>
								<line hits="0" number="40" branch="false"/>
							</lines>
						</method>
						<method name="_ZN6aff3ct6module7DelayerIsED0Ev" signature="" line-rate="0.0" branch-rate="0.0">
							<lines>
								<line hits="0" number="40" branch="false"/>
							</lines>
						</method>
						<method name="_ZN6aff3ct6module7DelayerItED0Ev" signature="" line-rate="0.0" branch-rate="0.0">
							<lines>
								<line hits="0" number="40" branch="false"/>
							</lines>
						</method>
						<method name="_ZN6aff3ct6module7DelayerIaED2Ev" signature="" line-rate="0.0" branch-rate="0.0">
							<lines>
								<line hits="0" number="40" branch="false"/>
							</lines>
						</method>
						<method name="_ZN6aff3ct6module7DelayerIjED2Ev" signature="" line-rate="0.0" branch-rate="0.0">
							<lines>
								<line hits="0" number="40" branch="false"/>
							</lines>
						</method>
						<method name="_ZN6aff3ct6module7DelayerIiED2Ev" signature="" line-rate="0.0" branch-rate="0.0">
							<lines>
								<line hits="0" number="40" branch="false"/>
							</lines>
						</method>
						<method name="_ZN6aff3ct6module7DelayerIaED0Ev" signature="" line-rate="0.0" branch-rate="0.0">
							<lines>
								<line hits="0" number="40" branch="false"/>
							</lines>
						</method>
						<method name="_ZN6aff3ct6module7DelayerIiED0Ev" signature="" line-rate="0.0" branch-rate="0.0">
							<lines>
								<line hits="0" number="40" branch="false"/>
							</lines>
						</method>
					</methods>
					<lines>
						<line branch="false" hits="0" number="40"/>
					</lines>
				</class>
				<class branch-rate="0.0" complexity="0" filename="include/Module/Delayer/Delayer.hxx" line-rate="0.0" name="include.Module.Delayer.Delayer.hxx">
					<methods>
						<method name="_ZN6aff3ct6module7DelayerIlEixENS0_3dly3tskE" signature="" line-rate="0.0" branch-rate="0.0">
							<lines>
								<line hits="0" number="9" branch="false"/>
							</lines>
						</method>
						<method name="_ZN6aff3ct6module7DelayerImEixENS0_3dly3tskE" signature="" line-rate="0.0" branch-rate="0.0">
							<lines>
								<line hits="0" number="9" branch="false"/>
							</lines>
						</method>
						<method name="_ZN6aff3ct6module7DelayerIjEixENS0_3dly3tskE" signature="" line-rate="0.0" branch-rate="0.0">
							<lines>
								<line hits="0" number="9" branch="false"/>
							</lines>
						</method>
						<method name="_ZN6aff3ct6module7DelayerItEixENS0_3dly3tskE" signature="" line-rate="0.0" branch-rate="0.0">
							<lines>
								<line hits="0" number="9" branch="false"/>
							</lines>
						</method>
						<method name="_ZN6aff3ct6module7DelayerIdEixENS0_3dly3tskE" signature="" line-rate="0.0" branch-rate="0.0">
							<lines>
								<line hits="0" number="9" branch="false"/>
							</lines>
						</method>
						<method name="_ZN6aff3ct6module7DelayerIsEixENS0_3dly3tskE" signature="" line-rate="0.0" branch-rate="0.0">
							<lines>
								<line hits="0" number="9" branch="false"/>
							</lines>
						</method>
						<method name="_ZN6aff3ct6module7DelayerIhEixENS0_3dly3tskE" signature="" line-rate="0.0" branch-rate="0.0">
							<lines>
								<line hits="0" number="9" branch="false"/>
							</lines>
						</method>
						<method name="_ZN6aff3ct6module7DelayerIfEixENS0_3dly3tskE" signature="" line-rate="0.0" branch-rate="0.0">
							<lines>
								<line hits="0" number="9" branch="false"/>
							</lines>
						</method>
						<method name="_ZN6aff3ct6module7DelayerIiEixENS0_3dly3tskE" signature="" line-rate="0.0" branch-rate="0.0">
							<lines>
								<line hits="0" number="9" branch="false"/>
							</lines>
						</method>
						<method name="_ZN6aff3ct6module7DelayerIaEixENS0_3dly3tskE" signature="" line-rate="0.0" branch-rate="0.0">
							<lines>
								<line hits="0" number="9" branch="false"/>
							</lines>
						</method>
						<method name="_ZN6aff3ct6module7DelayerIiEixENS0_3dly3sck8memorizeE" signature="" line-rate="0.0" branch-rate="0.0">
							<lines>
								<line hits="0" number="16" branch="false"/>
							</lines>
						</method>
						<method name="_ZN6aff3ct6module7DelayerItEixENS0_3dly3sck8memorizeE" signature="" line-rate="0.0" branch-rate="0.0">
							<lines>
								<line hits="0" number="16" branch="false"/>
							</lines>
						</method>
						<method name="_ZN6aff3ct6module7DelayerIjEixENS0_3dly3sck8memorizeE" signature="" line-rate="0.0" branch-rate="0.0">
							<lines>
								<line hits="0" number="16" branch="false"/>
							</lines>
						</method>
						<method name="_ZN6aff3ct6module7DelayerIlEixENS0_3dly3sck8memorizeE" signature="" line-rate="0.0" branch-rate="0.0">
							<lines>
								<line hits="0" number="16" branch="false"/>
							</lines>
						</method>
						<method name="_ZN6aff3ct6module7DelayerIsEixENS0_3dly3sck8memorizeE" signature="" line-rate="0.0" branch-rate="0.0">
							<lines>
								<line hits="0" number="16" branch="false"/>
							</lines>
						</method>
						<method name="_ZN6aff3ct6module7DelayerIfEixENS0_3dly3sck8memorizeE" signature="" line-rate="0.0" branch-rate="0.0">
							<lines>
								<line hits="0" number="16" branch="false"/>
							</lines>
						</method>
						<method name="_ZN6aff3ct6module7DelayerIdEixENS0_3dly3sck8memorizeE" signature="" line-rate="0.0" branch-rate="0.0">
							<lines>
								<line hits="0" number="16" branch="false"/>
							</lines>
						</method>
						<method name="_ZN6aff3ct6module7DelayerIhEixENS0_3dly3sck8memorizeE" signature="" line-rate="0.0" branch-rate="0.0">
							<lines>
								<line hits="0" number="16" branch="false"/>
							</lines>
						</method>
						<method name="_ZN6aff3ct6module7DelayerIaEixENS0_3dly3sck8memorizeE" signature="" line-rate="0.0" branch-rate="0.0">
							<lines>
								<line hits="0" number="16" branch="false"/>
							</lines>
						</method>
						<method name="_ZN6aff3ct6module7DelayerImEixENS0_3dly3sck8memorizeE" signature="" line-rate="0.0" branch-rate="0.0">
							<lines>
								<line hits="0" number="16" branch="false"/>
							</lines>
						</method>
						<method name="_ZN6aff3ct6module7DelayerIhEixENS0_3dly3sck7produceE" signature="" line-rate="0.0" branch-rate="0.0">
							<lines>
								<line hits="0" number="23" branch="false"/>
							</lines>
						</method>
						<method name="_ZN6aff3ct6module7DelayerIdEixENS0_3dly3sck7produceE" signature="" line-rate="0.0" branch-rate="0.0">
							<lines>
								<line hits="0" number="23" branch="false"/>
							</lines>
						</method>
						<method name="_ZN6aff3ct6module7DelayerIfEixENS0_3dly3sck7produceE" signature="" line-rate="0.0" branch-rate="0.0">
							<lines>
								<line hits="0" number="23" branch="false"/>
							</lines>
						</method>
						<method name="_ZN6aff3ct6module7DelayerImEixENS0_3dly3sck7produceE" signature="" line-rate="0.0" branch-rate="0.0">
							<lines>
								<line hits="0" number="23" branch="false"/>
							</lines>
						</method>
						<method name="_ZN6aff3ct6module7DelayerIaEixENS0_3dly3sck7produceE" signature="" line-rate="0.0" branch-rate="0.0">
							<lines>
								<line hits="0" number="23" branch="false"/>
							</lines>
						</method>
						<method name="_ZN6aff3ct6module7DelayerIjEixENS0_3dly3sck7produceE" signature="" line-rate="0.0" branch-rate="0.0">
							<lines>
								<line hits="0" number="23" branch="false"/>
							</lines>
						</method>
						<method name="_ZN6aff3ct6module7DelayerItEixENS0_3dly3sck7produceE" signature="" line-rate="0.0" branch-rate="0.0">
							<lines>
								<line hits="0" number="23" branch="false"/>
							</lines>
						</method>
						<method name="_ZN6aff3ct6module7DelayerIiEixENS0_3dly3sck7produceE" signature="" line-rate="0.0" branch-rate="0.0">
							<lines>
								<line hits="0" number="23" branch="false"/>
							</lines>
						</method>
						<method name="_ZN6aff3ct6module7DelayerIsEixENS0_3dly3sck7produceE" signature="" line-rate="0.0" branch-rate="0.0">
							<lines>
								<line hits="0" number="23" branch="false"/>
							</lines>
						</method>
						<method name="_ZN6aff3ct6module7DelayerIlEixENS0_3dly3sck7produceE" signature="" line-rate="0.0" branch-rate="0.0">
							<lines>
								<line hits="0" number="23" branch="false"/>
							</lines>
						</method>
						<method name="_ZN6aff3ct6module7DelayerIdEixERKNSt7__cxx1112basic_stringIcSt11char_traitsIcESaIcEEE" signature="" line-rate="0.0" branch-rate="0.0">
							<lines>
								<line hits="0" number="30" branch="false"/>
							</lines>
						</method>
						<method name="_ZN6aff3ct6module7DelayerImEixERKNSt7__cxx1112basic_stringIcSt11char_traitsIcESaIcEEE" signature="" line-rate="0.0" branch-rate="0.0">
							<lines>
								<line hits="0" number="30" branch="false"/>
							</lines>
						</method>
						<method name="_ZN6aff3ct6module7DelayerIsEixERKNSt7__cxx1112basic_stringIcSt11char_traitsIcESaIcEEE" signature="" line-rate="0.0" branch-rate="0.0">
							<lines>
								<line hits="0" number="30" branch="false"/>
							</lines>
						</method>
						<method name="_ZN6aff3ct6module7DelayerIlEixERKNSt7__cxx1112basic_stringIcSt11char_traitsIcESaIcEEE" signature="" line-rate="0.0" branch-rate="0.0">
							<lines>
								<line hits="0" number="30" branch="false"/>
							</lines>
						</method>
						<method name="_ZN6aff3ct6module7DelayerItEixERKNSt7__cxx1112basic_stringIcSt11char_traitsIcESaIcEEE" signature="" line-rate="0.0" branch-rate="0.0">
							<lines>
								<line hits="0" number="30" branch="false"/>
							</lines>
						</method>
						<method name="_ZN6aff3ct6module7DelayerIjEixERKNSt7__cxx1112basic_stringIcSt11char_traitsIcESaIcEEE" signature="" line-rate="0.0" branch-rate="0.0">
							<lines>
								<line hits="0" number="30" branch="false"/>
							</lines>
						</method>
						<method name="_ZN6aff3ct6module7DelayerIaEixERKNSt7__cxx1112basic_stringIcSt11char_traitsIcESaIcEEE" signature="" line-rate="0.0" branch-rate="0.0">
							<lines>
								<line hits="0" number="30" branch="false"/>
							</lines>
						</method>
						<method name="_ZN6aff3ct6module7DelayerIiEixERKNSt7__cxx1112basic_stringIcSt11char_traitsIcESaIcEEE" signature="" line-rate="0.0" branch-rate="0.0">
							<lines>
								<line hits="0" number="30" branch="false"/>
							</lines>
						</method>
						<method name="_ZN6aff3ct6module7DelayerIhEixERKNSt7__cxx1112basic_stringIcSt11char_traitsIcESaIcEEE" signature="" line-rate="0.0" branch-rate="0.0">
							<lines>
								<line hits="0" number="30" branch="false"/>
							</lines>
						</method>
						<method name="_ZN6aff3ct6module7DelayerIfEixERKNSt7__cxx1112basic_stringIcSt11char_traitsIcESaIcEEE" signature="" line-rate="0.0" branch-rate="0.0">
							<lines>
								<line hits="0" number="30" branch="false"/>
							</lines>
						</method>
					</methods>
					<lines>
						<line branch="false" hits="0" number="9"/>
						<line branch="false" hits="0" number="12"/>
						<line branch="false" hits="0" number="16"/>
						<line branch="false" hits="0" number="19"/>
						<line branch="false" hits="0" number="23"/>
						<line branch="false" hits="0" number="26"/>
						<line branch="false" hits="0" number="30"/>
						<line branch="false" hits="0" number="33"/>
					</lines>
				</class>
			</classes>
		</package>
		<package line-rate="0.0" branch-rate="0.0" name="include.Module.Finalizer" complexity="0">
			<classes>
				<class branch-rate="0.0" complexity="0" filename="include/Module/Finalizer/Finalizer.hpp" line-rate="0.0" name="include.Module.Finalizer.Finalizer.hpp">
					<methods>
						<method name="_ZN6aff3ct6module9FinalizerImED2Ev" signature="" line-rate="0.0" branch-rate="0.0">
							<lines>
								<line hits="0" number="43" branch="false"/>
							</lines>
						</method>
						<method name="_ZN6aff3ct6module9FinalizerIiED0Ev" signature="" line-rate="0.0" branch-rate="0.0">
							<lines>
								<line hits="0" number="43" branch="false"/>
							</lines>
						</method>
						<method name="_ZN6aff3ct6module9FinalizerItED2Ev" signature="" line-rate="0.0" branch-rate="0.0">
							<lines>
								<line hits="0" number="43" branch="false"/>
							</lines>
						</method>
						<method name="_ZN6aff3ct6module9FinalizerIjED2Ev" signature="" line-rate="0.0" branch-rate="0.0">
							<lines>
								<line hits="0" number="43" branch="false"/>
							</lines>
						</method>
						<method name="_ZN6aff3ct6module9FinalizerIiED2Ev" signature="" line-rate="0.0" branch-rate="0.0">
							<lines>
								<line hits="0" number="43" branch="false"/>
							</lines>
						</method>
						<method name="_ZN6aff3ct6module9FinalizerIsED0Ev" signature="" line-rate="0.0" branch-rate="0.0">
							<lines>
								<line hits="0" number="43" branch="false"/>
							</lines>
						</method>
						<method name="_ZN6aff3ct6module9FinalizerIjED0Ev" signature="" line-rate="0.0" branch-rate="0.0">
							<lines>
								<line hits="0" number="43" branch="false"/>
							</lines>
						</method>
						<method name="_ZN6aff3ct6module9FinalizerItED0Ev" signature="" line-rate="0.0" branch-rate="0.0">
							<lines>
								<line hits="0" number="43" branch="false"/>
							</lines>
						</method>
						<method name="_ZN6aff3ct6module9FinalizerImED0Ev" signature="" line-rate="0.0" branch-rate="0.0">
							<lines>
								<line hits="0" number="43" branch="false"/>
							</lines>
						</method>
						<method name="_ZN6aff3ct6module9FinalizerIdED2Ev" signature="" line-rate="0.0" branch-rate="0.0">
							<lines>
								<line hits="0" number="43" branch="false"/>
							</lines>
						</method>
						<method name="_ZN6aff3ct6module9FinalizerIhED2Ev" signature="" line-rate="0.0" branch-rate="0.0">
							<lines>
								<line hits="0" number="43" branch="false"/>
							</lines>
						</method>
						<method name="_ZN6aff3ct6module9FinalizerIfED0Ev" signature="" line-rate="0.0" branch-rate="0.0">
							<lines>
								<line hits="0" number="43" branch="false"/>
							</lines>
						</method>
						<method name="_ZN6aff3ct6module9FinalizerIaED0Ev" signature="" line-rate="0.0" branch-rate="0.0">
							<lines>
								<line hits="0" number="43" branch="false"/>
							</lines>
						</method>
						<method name="_ZN6aff3ct6module9FinalizerIlED0Ev" signature="" line-rate="0.0" branch-rate="0.0">
							<lines>
								<line hits="0" number="43" branch="false"/>
							</lines>
						</method>
						<method name="_ZN6aff3ct6module9FinalizerIhED0Ev" signature="" line-rate="0.0" branch-rate="0.0">
							<lines>
								<line hits="0" number="43" branch="false"/>
							</lines>
						</method>
						<method name="_ZN6aff3ct6module9FinalizerIsED2Ev" signature="" line-rate="0.0" branch-rate="0.0">
							<lines>
								<line hits="0" number="43" branch="false"/>
							</lines>
						</method>
						<method name="_ZN6aff3ct6module9FinalizerIlED2Ev" signature="" line-rate="0.0" branch-rate="0.0">
							<lines>
								<line hits="0" number="43" branch="false"/>
							</lines>
						</method>
						<method name="_ZN6aff3ct6module9FinalizerIdED0Ev" signature="" line-rate="0.0" branch-rate="0.0">
							<lines>
								<line hits="0" number="43" branch="false"/>
							</lines>
						</method>
						<method name="_ZN6aff3ct6module9FinalizerIaED2Ev" signature="" line-rate="0.0" branch-rate="0.0">
							<lines>
								<line hits="0" number="43" branch="false"/>
							</lines>
						</method>
						<method name="_ZN6aff3ct6module9FinalizerIfED2Ev" signature="" line-rate="0.0" branch-rate="0.0">
							<lines>
								<line hits="0" number="43" branch="false"/>
							</lines>
						</method>
					</methods>
					<lines>
						<line branch="false" hits="0" number="43"/>
					</lines>
				</class>
				<class branch-rate="0.0" complexity="0" filename="include/Module/Finalizer/Finalizer.hxx" line-rate="0.0" name="include.Module.Finalizer.Finalizer.hxx">
					<methods>
						<method name="_ZN6aff3ct6module9FinalizerIiEixENS0_3fin3tskE" signature="" line-rate="0.0" branch-rate="0.0">
							<lines>
								<line hits="0" number="9" branch="false"/>
							</lines>
						</method>
						<method name="_ZN6aff3ct6module9FinalizerItEixENS0_3fin3tskE" signature="" line-rate="0.0" branch-rate="0.0">
							<lines>
								<line hits="0" number="9" branch="false"/>
							</lines>
						</method>
						<method name="_ZN6aff3ct6module9FinalizerIjEixENS0_3fin3tskE" signature="" line-rate="0.0" branch-rate="0.0">
							<lines>
								<line hits="0" number="9" branch="false"/>
							</lines>
						</method>
						<method name="_ZN6aff3ct6module9FinalizerImEixENS0_3fin3tskE" signature="" line-rate="0.0" branch-rate="0.0">
							<lines>
								<line hits="0" number="9" branch="false"/>
							</lines>
						</method>
						<method name="_ZN6aff3ct6module9FinalizerIlEixENS0_3fin3tskE" signature="" line-rate="0.0" branch-rate="0.0">
							<lines>
								<line hits="0" number="9" branch="false"/>
							</lines>
						</method>
						<method name="_ZN6aff3ct6module9FinalizerIdEixENS0_3fin3tskE" signature="" line-rate="0.0" branch-rate="0.0">
							<lines>
								<line hits="0" number="9" branch="false"/>
							</lines>
						</method>
						<method name="_ZN6aff3ct6module9FinalizerIsEixENS0_3fin3tskE" signature="" line-rate="0.0" branch-rate="0.0">
							<lines>
								<line hits="0" number="9" branch="false"/>
							</lines>
						</method>
						<method name="_ZN6aff3ct6module9FinalizerIhEixENS0_3fin3tskE" signature="" line-rate="0.0" branch-rate="0.0">
							<lines>
								<line hits="0" number="9" branch="false"/>
							</lines>
						</method>
						<method name="_ZN6aff3ct6module9FinalizerIfEixENS0_3fin3tskE" signature="" line-rate="0.0" branch-rate="0.0">
							<lines>
								<line hits="0" number="9" branch="false"/>
							</lines>
						</method>
						<method name="_ZN6aff3ct6module9FinalizerIaEixENS0_3fin3tskE" signature="" line-rate="0.0" branch-rate="0.0">
							<lines>
								<line hits="0" number="9" branch="false"/>
							</lines>
						</method>
						<method name="_ZN6aff3ct6module9FinalizerIsEixENS0_3fin3sck8finalizeE" signature="" line-rate="0.0" branch-rate="0.0">
							<lines>
								<line hits="0" number="16" branch="false"/>
							</lines>
						</method>
						<method name="_ZN6aff3ct6module9FinalizerIiEixENS0_3fin3sck8finalizeE" signature="" line-rate="0.0" branch-rate="0.0">
							<lines>
								<line hits="0" number="16" branch="false"/>
							</lines>
						</method>
						<method name="_ZN6aff3ct6module9FinalizerImEixENS0_3fin3sck8finalizeE" signature="" line-rate="0.0" branch-rate="0.0">
							<lines>
								<line hits="0" number="16" branch="false"/>
							</lines>
						</method>
						<method name="_ZN6aff3ct6module9FinalizerIdEixENS0_3fin3sck8finalizeE" signature="" line-rate="0.0" branch-rate="0.0">
							<lines>
								<line hits="0" number="16" branch="false"/>
							</lines>
						</method>
						<method name="_ZN6aff3ct6module9FinalizerIlEixENS0_3fin3sck8finalizeE" signature="" line-rate="0.0" branch-rate="0.0">
							<lines>
								<line hits="0" number="16" branch="false"/>
							</lines>
						</method>
						<method name="_ZN6aff3ct6module9FinalizerIfEixENS0_3fin3sck8finalizeE" signature="" line-rate="0.0" branch-rate="0.0">
							<lines>
								<line hits="0" number="16" branch="false"/>
							</lines>
						</method>
						<method name="_ZN6aff3ct6module9FinalizerIaEixENS0_3fin3sck8finalizeE" signature="" line-rate="0.0" branch-rate="0.0">
							<lines>
								<line hits="0" number="16" branch="false"/>
							</lines>
						</method>
						<method name="_ZN6aff3ct6module9FinalizerIjEixENS0_3fin3sck8finalizeE" signature="" line-rate="0.0" branch-rate="0.0">
							<lines>
								<line hits="0" number="16" branch="false"/>
							</lines>
						</method>
						<method name="_ZN6aff3ct6module9FinalizerIhEixENS0_3fin3sck8finalizeE" signature="" line-rate="0.0" branch-rate="0.0">
							<lines>
								<line hits="0" number="16" branch="false"/>
							</lines>
						</method>
						<method name="_ZN6aff3ct6module9FinalizerItEixENS0_3fin3sck8finalizeE" signature="" line-rate="0.0" branch-rate="0.0">
							<lines>
								<line hits="0" number="16" branch="false"/>
							</lines>
						</method>
						<method name="_ZN6aff3ct6module9FinalizerIaEixERKNSt7__cxx1112basic_stringIcSt11char_traitsIcESaIcEEE" signature="" line-rate="0.0" branch-rate="0.0">
							<lines>
								<line hits="0" number="23" branch="false"/>
							</lines>
						</method>
						<method name="_ZN6aff3ct6module9FinalizerImEixERKNSt7__cxx1112basic_stringIcSt11char_traitsIcESaIcEEE" signature="" line-rate="0.0" branch-rate="0.0">
							<lines>
								<line hits="0" number="23" branch="false"/>
							</lines>
						</method>
						<method name="_ZN6aff3ct6module9FinalizerIfEixERKNSt7__cxx1112basic_stringIcSt11char_traitsIcESaIcEEE" signature="" line-rate="0.0" branch-rate="0.0">
							<lines>
								<line hits="0" number="23" branch="false"/>
							</lines>
						</method>
						<method name="_ZN6aff3ct6module9FinalizerItEixERKNSt7__cxx1112basic_stringIcSt11char_traitsIcESaIcEEE" signature="" line-rate="0.0" branch-rate="0.0">
							<lines>
								<line hits="0" number="23" branch="false"/>
							</lines>
						</method>
						<method name="_ZN6aff3ct6module9FinalizerIjEixERKNSt7__cxx1112basic_stringIcSt11char_traitsIcESaIcEEE" signature="" line-rate="0.0" branch-rate="0.0">
							<lines>
								<line hits="0" number="23" branch="false"/>
							</lines>
						</method>
						<method name="_ZN6aff3ct6module9FinalizerIsEixERKNSt7__cxx1112basic_stringIcSt11char_traitsIcESaIcEEE" signature="" line-rate="0.0" branch-rate="0.0">
							<lines>
								<line hits="0" number="23" branch="false"/>
							</lines>
						</method>
						<method name="_ZN6aff3ct6module9FinalizerIlEixERKNSt7__cxx1112basic_stringIcSt11char_traitsIcESaIcEEE" signature="" line-rate="0.0" branch-rate="0.0">
							<lines>
								<line hits="0" number="23" branch="false"/>
							</lines>
						</method>
						<method name="_ZN6aff3ct6module9FinalizerIiEixERKNSt7__cxx1112basic_stringIcSt11char_traitsIcESaIcEEE" signature="" line-rate="0.0" branch-rate="0.0">
							<lines>
								<line hits="0" number="23" branch="false"/>
							</lines>
						</method>
						<method name="_ZN6aff3ct6module9FinalizerIhEixERKNSt7__cxx1112basic_stringIcSt11char_traitsIcESaIcEEE" signature="" line-rate="0.0" branch-rate="0.0">
							<lines>
								<line hits="0" number="23" branch="false"/>
							</lines>
						</method>
						<method name="_ZN6aff3ct6module9FinalizerIdEixERKNSt7__cxx1112basic_stringIcSt11char_traitsIcESaIcEEE" signature="" line-rate="0.0" branch-rate="0.0">
							<lines>
								<line hits="0" number="23" branch="false"/>
							</lines>
						</method>
					</methods>
					<lines>
						<line branch="false" hits="0" number="9"/>
						<line branch="false" hits="0" number="12"/>
						<line branch="false" hits="0" number="16"/>
						<line branch="false" hits="0" number="19"/>
						<line branch="false" hits="0" number="23"/>
						<line branch="false" hits="0" number="26"/>
					</lines>
				</class>
			</classes>
		</package>
		<package line-rate="0.1111111111111111" branch-rate="0.0" name="include.Module.Incrementer" complexity="0">
			<classes>
				<class branch-rate="0.0" complexity="0" filename="include/Module/Incrementer/Incrementer.hpp" line-rate="1.0" name="include.Module.Incrementer.Incrementer.hpp">
					<methods>
						<method name="_ZN6aff3ct6module11IncrementerIfED0Ev" signature="" line-rate="0.0" branch-rate="0.0">
							<lines>
								<line hits="0" number="43" branch="false"/>
							</lines>
						</method>
						<method name="_ZN6aff3ct6module11IncrementerIaED0Ev" signature="" line-rate="0.0" branch-rate="0.0">
							<lines>
								<line hits="0" number="43" branch="false"/>
							</lines>
						</method>
						<method name="_ZN6aff3ct6module11IncrementerIhED0Ev" signature="" line-rate="1.0" branch-rate="1.0">
							<lines>
								<line hits="1523" number="43" branch="false"/>
							</lines>
						</method>
						<method name="_ZN6aff3ct6module11IncrementerIaED2Ev" signature="" line-rate="0.0" branch-rate="0.0">
							<lines>
								<line hits="0" number="43" branch="false"/>
							</lines>
						</method>
						<method name="_ZN6aff3ct6module11IncrementerIdED2Ev" signature="" line-rate="0.0" branch-rate="0.0">
							<lines>
								<line hits="0" number="43" branch="false"/>
							</lines>
						</method>
						<method name="_ZN6aff3ct6module11IncrementerIiED2Ev" signature="" line-rate="0.0" branch-rate="0.0">
							<lines>
								<line hits="0" number="43" branch="false"/>
							</lines>
						</method>
						<method name="_ZN6aff3ct6module11IncrementerItED2Ev" signature="" line-rate="0.0" branch-rate="0.0">
							<lines>
								<line hits="0" number="43" branch="false"/>
							</lines>
						</method>
						<method name="_ZN6aff3ct6module11IncrementerIsED0Ev" signature="" line-rate="0.0" branch-rate="0.0">
							<lines>
								<line hits="0" number="43" branch="false"/>
							</lines>
						</method>
						<method name="_ZN6aff3ct6module11IncrementerIlED2Ev" signature="" line-rate="0.0" branch-rate="0.0">
							<lines>
								<line hits="0" number="43" branch="false"/>
							</lines>
						</method>
						<method name="_ZN6aff3ct6module11IncrementerIjED0Ev" signature="" line-rate="0.0" branch-rate="0.0">
							<lines>
								<line hits="0" number="43" branch="false"/>
							</lines>
						</method>
						<method name="_ZN6aff3ct6module11IncrementerIlED0Ev" signature="" line-rate="0.0" branch-rate="0.0">
							<lines>
								<line hits="0" number="43" branch="false"/>
							</lines>
						</method>
						<method name="_ZN6aff3ct6module11IncrementerIhED2Ev" signature="" line-rate="1.0" branch-rate="1.0">
							<lines>
								<line hits="1523" number="43" branch="false"/>
							</lines>
						</method>
						<method name="_ZN6aff3ct6module11IncrementerIfED2Ev" signature="" line-rate="0.0" branch-rate="0.0">
							<lines>
								<line hits="0" number="43" branch="false"/>
							</lines>
						</method>
						<method name="_ZN6aff3ct6module11IncrementerIjED2Ev" signature="" line-rate="0.0" branch-rate="0.0">
							<lines>
								<line hits="0" number="43" branch="false"/>
							</lines>
						</method>
						<method name="_ZN6aff3ct6module11IncrementerIiED0Ev" signature="" line-rate="0.0" branch-rate="0.0">
							<lines>
								<line hits="0" number="43" branch="false"/>
							</lines>
						</method>
						<method name="_ZN6aff3ct6module11IncrementerImED0Ev" signature="" line-rate="0.0" branch-rate="0.0">
							<lines>
								<line hits="0" number="43" branch="false"/>
							</lines>
						</method>
						<method name="_ZN6aff3ct6module11IncrementerIdED0Ev" signature="" line-rate="0.0" branch-rate="0.0">
							<lines>
								<line hits="0" number="43" branch="false"/>
							</lines>
						</method>
						<method name="_ZN6aff3ct6module11IncrementerIsED2Ev" signature="" line-rate="0.0" branch-rate="0.0">
							<lines>
								<line hits="0" number="43" branch="false"/>
							</lines>
						</method>
						<method name="_ZN6aff3ct6module11IncrementerItED0Ev" signature="" line-rate="0.0" branch-rate="0.0">
							<lines>
								<line hits="0" number="43" branch="false"/>
							</lines>
						</method>
						<method name="_ZN6aff3ct6module11IncrementerImED2Ev" signature="" line-rate="0.0" branch-rate="0.0">
							<lines>
								<line hits="0" number="43" branch="false"/>
							</lines>
						</method>
					</methods>
					<lines>
						<line branch="false" hits="3046" number="43"/>
					</lines>
				</class>
				<class branch-rate="0.0" complexity="0" filename="include/Module/Incrementer/Incrementer.hxx" line-rate="0.0" name="include.Module.Incrementer.Incrementer.hxx">
					<methods>
						<method name="_ZN6aff3ct6module11IncrementerIfEixENS0_3inc3tskE" signature="" line-rate="0.0" branch-rate="0.0">
							<lines>
								<line hits="0" number="9" branch="false"/>
							</lines>
						</method>
						<method name="_ZN6aff3ct6module11IncrementerIsEixENS0_3inc3tskE" signature="" line-rate="0.0" branch-rate="0.0">
							<lines>
								<line hits="0" number="9" branch="false"/>
							</lines>
						</method>
						<method name="_ZN6aff3ct6module11IncrementerIdEixENS0_3inc3tskE" signature="" line-rate="0.0" branch-rate="0.0">
							<lines>
								<line hits="0" number="9" branch="false"/>
							</lines>
						</method>
						<method name="_ZN6aff3ct6module11IncrementerIlEixENS0_3inc3tskE" signature="" line-rate="0.0" branch-rate="0.0">
							<lines>
								<line hits="0" number="9" branch="false"/>
							</lines>
						</method>
						<method name="_ZN6aff3ct6module11IncrementerItEixENS0_3inc3tskE" signature="" line-rate="0.0" branch-rate="0.0">
							<lines>
								<line hits="0" number="9" branch="false"/>
							</lines>
						</method>
						<method name="_ZN6aff3ct6module11IncrementerIhEixENS0_3inc3tskE" signature="" line-rate="0.0" branch-rate="0.0">
							<lines>
								<line hits="0" number="9" branch="false"/>
							</lines>
						</method>
						<method name="_ZN6aff3ct6module11IncrementerIaEixENS0_3inc3tskE" signature="" line-rate="0.0" branch-rate="0.0">
							<lines>
								<line hits="0" number="9" branch="false"/>
							</lines>
						</method>
						<method name="_ZN6aff3ct6module11IncrementerIiEixENS0_3inc3tskE" signature="" line-rate="0.0" branch-rate="0.0">
							<lines>
								<line hits="0" number="9" branch="false"/>
							</lines>
						</method>
						<method name="_ZN6aff3ct6module11IncrementerIjEixENS0_3inc3tskE" signature="" line-rate="0.0" branch-rate="0.0">
							<lines>
								<line hits="0" number="9" branch="false"/>
							</lines>
						</method>
						<method name="_ZN6aff3ct6module11IncrementerImEixENS0_3inc3tskE" signature="" line-rate="0.0" branch-rate="0.0">
							<lines>
								<line hits="0" number="9" branch="false"/>
							</lines>
						</method>
						<method name="_ZN6aff3ct6module11IncrementerIsEixENS0_3inc3sck9incrementE" signature="" line-rate="0.0" branch-rate="0.0">
							<lines>
								<line hits="0" number="16" branch="false"/>
							</lines>
						</method>
						<method name="_ZN6aff3ct6module11IncrementerItEixENS0_3inc3sck9incrementE" signature="" line-rate="0.0" branch-rate="0.0">
							<lines>
								<line hits="0" number="16" branch="false"/>
							</lines>
						</method>
						<method name="_ZN6aff3ct6module11IncrementerIjEixENS0_3inc3sck9incrementE" signature="" line-rate="0.0" branch-rate="0.0">
							<lines>
								<line hits="0" number="16" branch="false"/>
							</lines>
						</method>
						<method name="_ZN6aff3ct6module11IncrementerIfEixENS0_3inc3sck9incrementE" signature="" line-rate="0.0" branch-rate="0.0">
							<lines>
								<line hits="0" number="16" branch="false"/>
							</lines>
						</method>
						<method name="_ZN6aff3ct6module11IncrementerIiEixENS0_3inc3sck9incrementE" signature="" line-rate="0.0" branch-rate="0.0">
							<lines>
								<line hits="0" number="16" branch="false"/>
							</lines>
						</method>
						<method name="_ZN6aff3ct6module11IncrementerIhEixENS0_3inc3sck9incrementE" signature="" line-rate="0.0" branch-rate="0.0">
							<lines>
								<line hits="0" number="16" branch="false"/>
							</lines>
						</method>
						<method name="_ZN6aff3ct6module11IncrementerImEixENS0_3inc3sck9incrementE" signature="" line-rate="0.0" branch-rate="0.0">
							<lines>
								<line hits="0" number="16" branch="false"/>
							</lines>
						</method>
						<method name="_ZN6aff3ct6module11IncrementerIlEixENS0_3inc3sck9incrementE" signature="" line-rate="0.0" branch-rate="0.0">
							<lines>
								<line hits="0" number="16" branch="false"/>
							</lines>
						</method>
						<method name="_ZN6aff3ct6module11IncrementerIdEixENS0_3inc3sck9incrementE" signature="" line-rate="0.0" branch-rate="0.0">
							<lines>
								<line hits="0" number="16" branch="false"/>
							</lines>
						</method>
						<method name="_ZN6aff3ct6module11IncrementerIaEixENS0_3inc3sck9incrementE" signature="" line-rate="0.0" branch-rate="0.0">
							<lines>
								<line hits="0" number="16" branch="false"/>
							</lines>
						</method>
						<method name="_ZN6aff3ct6module11IncrementerIsEixENS0_3inc3sck10incrementfE" signature="" line-rate="0.0" branch-rate="0.0">
							<lines>
								<line hits="0" number="23" branch="false"/>
							</lines>
						</method>
						<method name="_ZN6aff3ct6module11IncrementerIjEixENS0_3inc3sck10incrementfE" signature="" line-rate="0.0" branch-rate="0.0">
							<lines>
								<line hits="0" number="23" branch="false"/>
							</lines>
						</method>
						<method name="_ZN6aff3ct6module11IncrementerIfEixENS0_3inc3sck10incrementfE" signature="" line-rate="0.0" branch-rate="0.0">
							<lines>
								<line hits="0" number="23" branch="false"/>
							</lines>
						</method>
						<method name="_ZN6aff3ct6module11IncrementerIhEixENS0_3inc3sck10incrementfE" signature="" line-rate="0.0" branch-rate="0.0">
							<lines>
								<line hits="0" number="23" branch="false"/>
							</lines>
						</method>
						<method name="_ZN6aff3ct6module11IncrementerImEixENS0_3inc3sck10incrementfE" signature="" line-rate="0.0" branch-rate="0.0">
							<lines>
								<line hits="0" number="23" branch="false"/>
							</lines>
						</method>
						<method name="_ZN6aff3ct6module11IncrementerIdEixENS0_3inc3sck10incrementfE" signature="" line-rate="0.0" branch-rate="0.0">
							<lines>
								<line hits="0" number="23" branch="false"/>
							</lines>
						</method>
						<method name="_ZN6aff3ct6module11IncrementerItEixENS0_3inc3sck10incrementfE" signature="" line-rate="0.0" branch-rate="0.0">
							<lines>
								<line hits="0" number="23" branch="false"/>
							</lines>
						</method>
						<method name="_ZN6aff3ct6module11IncrementerIiEixENS0_3inc3sck10incrementfE" signature="" line-rate="0.0" branch-rate="0.0">
							<lines>
								<line hits="0" number="23" branch="false"/>
							</lines>
						</method>
						<method name="_ZN6aff3ct6module11IncrementerIaEixENS0_3inc3sck10incrementfE" signature="" line-rate="0.0" branch-rate="0.0">
							<lines>
								<line hits="0" number="23" branch="false"/>
							</lines>
						</method>
						<method name="_ZN6aff3ct6module11IncrementerIlEixENS0_3inc3sck10incrementfE" signature="" line-rate="0.0" branch-rate="0.0">
							<lines>
								<line hits="0" number="23" branch="false"/>
							</lines>
						</method>
						<method name="_ZN6aff3ct6module11IncrementerIfEixERKNSt7__cxx1112basic_stringIcSt11char_traitsIcESaIcEEE" signature="" line-rate="0.0" branch-rate="0.0">
							<lines>
								<line hits="0" number="30" branch="false"/>
							</lines>
						</method>
						<method name="_ZN6aff3ct6module11IncrementerIdEixERKNSt7__cxx1112basic_stringIcSt11char_traitsIcESaIcEEE" signature="" line-rate="0.0" branch-rate="0.0">
							<lines>
								<line hits="0" number="30" branch="false"/>
							</lines>
						</method>
						<method name="_ZN6aff3ct6module11IncrementerIaEixERKNSt7__cxx1112basic_stringIcSt11char_traitsIcESaIcEEE" signature="" line-rate="0.0" branch-rate="0.0">
							<lines>
								<line hits="0" number="30" branch="false"/>
							</lines>
						</method>
						<method name="_ZN6aff3ct6module11IncrementerIhEixERKNSt7__cxx1112basic_stringIcSt11char_traitsIcESaIcEEE" signature="" line-rate="0.0" branch-rate="0.0">
							<lines>
								<line hits="0" number="30" branch="false"/>
							</lines>
						</method>
						<method name="_ZN6aff3ct6module11IncrementerIsEixERKNSt7__cxx1112basic_stringIcSt11char_traitsIcESaIcEEE" signature="" line-rate="0.0" branch-rate="0.0">
							<lines>
								<line hits="0" number="30" branch="false"/>
							</lines>
						</method>
						<method name="_ZN6aff3ct6module11IncrementerImEixERKNSt7__cxx1112basic_stringIcSt11char_traitsIcESaIcEEE" signature="" line-rate="0.0" branch-rate="0.0">
							<lines>
								<line hits="0" number="30" branch="false"/>
							</lines>
						</method>
						<method name="_ZN6aff3ct6module11IncrementerIjEixERKNSt7__cxx1112basic_stringIcSt11char_traitsIcESaIcEEE" signature="" line-rate="0.0" branch-rate="0.0">
							<lines>
								<line hits="0" number="30" branch="false"/>
							</lines>
						</method>
						<method name="_ZN6aff3ct6module11IncrementerIlEixERKNSt7__cxx1112basic_stringIcSt11char_traitsIcESaIcEEE" signature="" line-rate="0.0" branch-rate="0.0">
							<lines>
								<line hits="0" number="30" branch="false"/>
							</lines>
						</method>
						<method name="_ZN6aff3ct6module11IncrementerItEixERKNSt7__cxx1112basic_stringIcSt11char_traitsIcESaIcEEE" signature="" line-rate="0.0" branch-rate="0.0">
							<lines>
								<line hits="0" number="30" branch="false"/>
							</lines>
						</method>
						<method name="_ZN6aff3ct6module11IncrementerIiEixERKNSt7__cxx1112basic_stringIcSt11char_traitsIcESaIcEEE" signature="" line-rate="0.0" branch-rate="0.0">
							<lines>
								<line hits="0" number="30" branch="false"/>
							</lines>
						</method>
					</methods>
					<lines>
						<line branch="false" hits="0" number="9"/>
						<line branch="false" hits="0" number="12"/>
						<line branch="false" hits="0" number="16"/>
						<line branch="false" hits="0" number="19"/>
						<line branch="false" hits="0" number="23"/>
						<line branch="false" hits="0" number="26"/>
						<line branch="false" hits="0" number="30"/>
						<line branch="false" hits="0" number="33"/>
					</lines>
				</class>
			</classes>
		</package>
		<package line-rate="0.0" branch-rate="0.0" name="include.Module.Initializer" complexity="0">
			<classes>
				<class branch-rate="0.0" complexity="0" filename="include/Module/Initializer/Initializer.hpp" line-rate="0.0" name="include.Module.Initializer.Initializer.hpp">
					<methods>
						<method name="_ZN6aff3ct6module11InitializerIlED0Ev" signature="" line-rate="0.0" branch-rate="0.0">
							<lines>
								<line hits="0" number="39" branch="false"/>
							</lines>
						</method>
						<method name="_ZN6aff3ct6module11InitializerIsED0Ev" signature="" line-rate="0.0" branch-rate="0.0">
							<lines>
								<line hits="0" number="39" branch="false"/>
							</lines>
						</method>
						<method name="_ZN6aff3ct6module11InitializerIiED2Ev" signature="" line-rate="0.0" branch-rate="0.0">
							<lines>
								<line hits="0" number="39" branch="false"/>
							</lines>
						</method>
						<method name="_ZN6aff3ct6module11InitializerIjED2Ev" signature="" line-rate="0.0" branch-rate="0.0">
							<lines>
								<line hits="0" number="39" branch="false"/>
							</lines>
						</method>
						<method name="_ZN6aff3ct6module11InitializerIsED2Ev" signature="" line-rate="0.0" branch-rate="0.0">
							<lines>
								<line hits="0" number="39" branch="false"/>
							</lines>
						</method>
						<method name="_ZN6aff3ct6module11InitializerIhED0Ev" signature="" line-rate="0.0" branch-rate="0.0">
							<lines>
								<line hits="0" number="39" branch="false"/>
							</lines>
						</method>
						<method name="_ZN6aff3ct6module11InitializerItED2Ev" signature="" line-rate="0.0" branch-rate="0.0">
							<lines>
								<line hits="0" number="39" branch="false"/>
							</lines>
						</method>
						<method name="_ZN6aff3ct6module11InitializerIfED2Ev" signature="" line-rate="0.0" branch-rate="0.0">
							<lines>
								<line hits="0" number="39" branch="false"/>
							</lines>
						</method>
						<method name="_ZN6aff3ct6module11InitializerIjED0Ev" signature="" line-rate="0.0" branch-rate="0.0">
							<lines>
								<line hits="0" number="39" branch="false"/>
							</lines>
						</method>
						<method name="_ZN6aff3ct6module11InitializerIaED2Ev" signature="" line-rate="0.0" branch-rate="0.0">
							<lines>
								<line hits="0" number="39" branch="false"/>
							</lines>
						</method>
						<method name="_ZN6aff3ct6module11InitializerIlED2Ev" signature="" line-rate="0.0" branch-rate="0.0">
							<lines>
								<line hits="0" number="39" branch="false"/>
							</lines>
						</method>
						<method name="_ZN6aff3ct6module11InitializerImED0Ev" signature="" line-rate="0.0" branch-rate="0.0">
							<lines>
								<line hits="0" number="39" branch="false"/>
							</lines>
						</method>
						<method name="_ZN6aff3ct6module11InitializerIhED2Ev" signature="" line-rate="0.0" branch-rate="0.0">
							<lines>
								<line hits="0" number="39" branch="false"/>
							</lines>
						</method>
						<method name="_ZN6aff3ct6module11InitializerImED2Ev" signature="" line-rate="0.0" branch-rate="0.0">
							<lines>
								<line hits="0" number="39" branch="false"/>
							</lines>
						</method>
						<method name="_ZN6aff3ct6module11InitializerItED0Ev" signature="" line-rate="0.0" branch-rate="0.0">
							<lines>
								<line hits="0" number="39" branch="false"/>
							</lines>
						</method>
						<method name="_ZN6aff3ct6module11InitializerIdED2Ev" signature="" line-rate="0.0" branch-rate="0.0">
							<lines>
								<line hits="0" number="39" branch="false"/>
							</lines>
						</method>
						<method name="_ZN6aff3ct6module11InitializerIaED0Ev" signature="" line-rate="0.0" branch-rate="0.0">
							<lines>
								<line hits="0" number="39" branch="false"/>
							</lines>
						</method>
						<method name="_ZN6aff3ct6module11InitializerIiED0Ev" signature="" line-rate="0.0" branch-rate="0.0">
							<lines>
								<line hits="0" number="39" branch="false"/>
							</lines>
						</method>
						<method name="_ZN6aff3ct6module11InitializerIdED0Ev" signature="" line-rate="0.0" branch-rate="0.0">
							<lines>
								<line hits="0" number="39" branch="false"/>
							</lines>
						</method>
						<method name="_ZN6aff3ct6module11InitializerIfED0Ev" signature="" line-rate="0.0" branch-rate="0.0">
							<lines>
								<line hits="0" number="39" branch="false"/>
							</lines>
						</method>
					</methods>
					<lines>
						<line branch="false" hits="0" number="39"/>
					</lines>
				</class>
				<class branch-rate="0.0" complexity="0" filename="include/Module/Initializer/Initializer.hxx" line-rate="0.0" name="include.Module.Initializer.Initializer.hxx">
					<methods>
						<method name="_ZN6aff3ct6module11InitializerImEixENS0_3ini3tskE" signature="" line-rate="0.0" branch-rate="0.0">
							<lines>
								<line hits="0" number="14" branch="false"/>
							</lines>
						</method>
						<method name="_ZN6aff3ct6module11InitializerIjEixENS0_3ini3tskE" signature="" line-rate="0.0" branch-rate="0.0">
							<lines>
								<line hits="0" number="14" branch="false"/>
							</lines>
						</method>
						<method name="_ZN6aff3ct6module11InitializerIhEixENS0_3ini3tskE" signature="" line-rate="0.0" branch-rate="0.0">
							<lines>
								<line hits="0" number="14" branch="false"/>
							</lines>
						</method>
						<method name="_ZN6aff3ct6module11InitializerIaEixENS0_3ini3tskE" signature="" line-rate="0.0" branch-rate="0.0">
							<lines>
								<line hits="0" number="14" branch="false"/>
							</lines>
						</method>
						<method name="_ZN6aff3ct6module11InitializerIdEixENS0_3ini3tskE" signature="" line-rate="0.0" branch-rate="0.0">
							<lines>
								<line hits="0" number="14" branch="false"/>
							</lines>
						</method>
						<method name="_ZN6aff3ct6module11InitializerItEixENS0_3ini3tskE" signature="" line-rate="0.0" branch-rate="0.0">
							<lines>
								<line hits="0" number="14" branch="false"/>
							</lines>
						</method>
						<method name="_ZN6aff3ct6module11InitializerIlEixENS0_3ini3tskE" signature="" line-rate="0.0" branch-rate="0.0">
							<lines>
								<line hits="0" number="14" branch="false"/>
							</lines>
						</method>
						<method name="_ZN6aff3ct6module11InitializerIiEixENS0_3ini3tskE" signature="" line-rate="0.0" branch-rate="0.0">
							<lines>
								<line hits="0" number="14" branch="false"/>
							</lines>
						</method>
						<method name="_ZN6aff3ct6module11InitializerIsEixENS0_3ini3tskE" signature="" line-rate="0.0" branch-rate="0.0">
							<lines>
								<line hits="0" number="14" branch="false"/>
							</lines>
						</method>
						<method name="_ZN6aff3ct6module11InitializerIfEixENS0_3ini3tskE" signature="" line-rate="0.0" branch-rate="0.0">
							<lines>
								<line hits="0" number="14" branch="false"/>
							</lines>
						</method>
						<method name="_ZN6aff3ct6module11InitializerIjEixENS0_3ini3sck10initializeE" signature="" line-rate="0.0" branch-rate="0.0">
							<lines>
								<line hits="0" number="21" branch="false"/>
							</lines>
						</method>
						<method name="_ZN6aff3ct6module11InitializerIiEixENS0_3ini3sck10initializeE" signature="" line-rate="0.0" branch-rate="0.0">
							<lines>
								<line hits="0" number="21" branch="false"/>
							</lines>
						</method>
						<method name="_ZN6aff3ct6module11InitializerIaEixENS0_3ini3sck10initializeE" signature="" line-rate="0.0" branch-rate="0.0">
							<lines>
								<line hits="0" number="21" branch="false"/>
							</lines>
						</method>
						<method name="_ZN6aff3ct6module11InitializerIhEixENS0_3ini3sck10initializeE" signature="" line-rate="0.0" branch-rate="0.0">
							<lines>
								<line hits="0" number="21" branch="false"/>
							</lines>
						</method>
						<method name="_ZN6aff3ct6module11InitializerItEixENS0_3ini3sck10initializeE" signature="" line-rate="0.0" branch-rate="0.0">
							<lines>
								<line hits="0" number="21" branch="false"/>
							</lines>
						</method>
						<method name="_ZN6aff3ct6module11InitializerIdEixENS0_3ini3sck10initializeE" signature="" line-rate="0.0" branch-rate="0.0">
							<lines>
								<line hits="0" number="21" branch="false"/>
							</lines>
						</method>
						<method name="_ZN6aff3ct6module11InitializerIfEixENS0_3ini3sck10initializeE" signature="" line-rate="0.0" branch-rate="0.0">
							<lines>
								<line hits="0" number="21" branch="false"/>
							</lines>
						</method>
						<method name="_ZN6aff3ct6module11InitializerIsEixENS0_3ini3sck10initializeE" signature="" line-rate="0.0" branch-rate="0.0">
							<lines>
								<line hits="0" number="21" branch="false"/>
							</lines>
						</method>
						<method name="_ZN6aff3ct6module11InitializerIlEixENS0_3ini3sck10initializeE" signature="" line-rate="0.0" branch-rate="0.0">
							<lines>
								<line hits="0" number="21" branch="false"/>
							</lines>
						</method>
						<method name="_ZN6aff3ct6module11InitializerImEixENS0_3ini3sck10initializeE" signature="" line-rate="0.0" branch-rate="0.0">
							<lines>
								<line hits="0" number="21" branch="false"/>
							</lines>
						</method>
						<method name="_ZN6aff3ct6module11InitializerIjEixERKNSt7__cxx1112basic_stringIcSt11char_traitsIcESaIcEEE" signature="" line-rate="0.0" branch-rate="0.0">
							<lines>
								<line hits="0" number="29" branch="false"/>
							</lines>
						</method>
						<method name="_ZN6aff3ct6module11InitializerItEixERKNSt7__cxx1112basic_stringIcSt11char_traitsIcESaIcEEE" signature="" line-rate="0.0" branch-rate="0.0">
							<lines>
								<line hits="0" number="29" branch="false"/>
							</lines>
						</method>
						<method name="_ZN6aff3ct6module11InitializerIlEixERKNSt7__cxx1112basic_stringIcSt11char_traitsIcESaIcEEE" signature="" line-rate="0.0" branch-rate="0.0">
							<lines>
								<line hits="0" number="29" branch="false"/>
							</lines>
						</method>
						<method name="_ZN6aff3ct6module11InitializerIdEixERKNSt7__cxx1112basic_stringIcSt11char_traitsIcESaIcEEE" signature="" line-rate="0.0" branch-rate="0.0">
							<lines>
								<line hits="0" number="29" branch="false"/>
							</lines>
						</method>
						<method name="_ZN6aff3ct6module11InitializerIsEixERKNSt7__cxx1112basic_stringIcSt11char_traitsIcESaIcEEE" signature="" line-rate="0.0" branch-rate="0.0">
							<lines>
								<line hits="0" number="29" branch="false"/>
							</lines>
						</method>
						<method name="_ZN6aff3ct6module11InitializerIfEixERKNSt7__cxx1112basic_stringIcSt11char_traitsIcESaIcEEE" signature="" line-rate="0.0" branch-rate="0.0">
							<lines>
								<line hits="0" number="29" branch="false"/>
							</lines>
						</method>
						<method name="_ZN6aff3ct6module11InitializerIhEixERKNSt7__cxx1112basic_stringIcSt11char_traitsIcESaIcEEE" signature="" line-rate="0.0" branch-rate="0.0">
							<lines>
								<line hits="0" number="29" branch="false"/>
							</lines>
						</method>
						<method name="_ZN6aff3ct6module11InitializerIaEixERKNSt7__cxx1112basic_stringIcSt11char_traitsIcESaIcEEE" signature="" line-rate="0.0" branch-rate="0.0">
							<lines>
								<line hits="0" number="29" branch="false"/>
							</lines>
						</method>
						<method name="_ZN6aff3ct6module11InitializerImEixERKNSt7__cxx1112basic_stringIcSt11char_traitsIcESaIcEEE" signature="" line-rate="0.0" branch-rate="0.0">
							<lines>
								<line hits="0" number="29" branch="false"/>
							</lines>
						</method>
						<method name="_ZN6aff3ct6module11InitializerIiEixERKNSt7__cxx1112basic_stringIcSt11char_traitsIcESaIcEEE" signature="" line-rate="0.0" branch-rate="0.0">
							<lines>
								<line hits="0" number="29" branch="false"/>
							</lines>
						</method>
					</methods>
					<lines>
						<line branch="false" hits="0" number="14"/>
						<line branch="false" hits="0" number="17"/>
						<line branch="false" hits="0" number="21"/>
						<line branch="false" hits="0" number="24"/>
						<line branch="false" hits="0" number="29"/>
						<line branch="false" hits="0" number="32"/>
					</lines>
				</class>
			</classes>
		</package>
		<package line-rate="0.0" branch-rate="0.0" name="include.Module.Iterator" complexity="0">
			<classes>
				<class branch-rate="0.0" complexity="0" filename="include/Module/Iterator/Iterator.hpp" line-rate="0.0" name="include.Module.Iterator.Iterator.hpp">
					<methods>
						<method name="_ZN6aff3ct6module8IteratorD2Ev" signature="" line-rate="0.0" branch-rate="0.0">
							<lines>
								<line hits="0" number="40" branch="false"/>
							</lines>
						</method>
						<method name="_ZN6aff3ct6module8IteratorD0Ev" signature="" line-rate="0.0" branch-rate="0.0">
							<lines>
								<line hits="0" number="40" branch="false"/>
							</lines>
						</method>
					</methods>
					<lines>
						<line branch="false" hits="0" number="40"/>
					</lines>
				</class>
				<class branch-rate="0.0" complexity="0" filename="include/Module/Iterator/Iterator.hxx" line-rate="0.0" name="include.Module.Iterator.Iterator.hxx">
					<methods>
						<method name="_ZN6aff3ct6module8IteratorixENS0_3ite3tskE" signature="" line-rate="0.0" branch-rate="0.0">
							<lines>
								<line hits="0" number="13" branch="false"/>
							</lines>
						</method>
						<method name="_ZN6aff3ct6module8IteratorixENS0_3ite3sck7iterateE" signature="" line-rate="0.0" branch-rate="0.0">
							<lines>
								<line hits="0" number="19" branch="false"/>
							</lines>
						</method>
					</methods>
					<lines>
						<line branch="false" hits="0" number="13"/>
						<line branch="false" hits="0" number="16"/>
						<line branch="false" hits="0" number="19"/>
						<line branch="false" hits="0" number="22"/>
					</lines>
				</class>
			</classes>
		</package>
		<package line-rate="0.3673469387755102" branch-rate="0.0" name="include.Module" complexity="0">
			<classes>
				<class branch-rate="0.0" complexity="0" filename="include/Module/Module.hpp" line-rate="0.0" name="include.Module.Module.hpp">
					<methods>
						<method name="_ZN6aff3ct6module6ModuleD0Ev" signature="" line-rate="0.0" branch-rate="0.0">
							<lines>
								<line hits="0" number="53" branch="false"/>
							</lines>
						</method>
						<method name="_ZN6aff3ct6module6ModuleD2Ev" signature="" line-rate="0.0" branch-rate="0.0">
							<lines>
								<line hits="0" number="53" branch="false"/>
							</lines>
						</method>
					</methods>
					<lines>
						<line branch="false" hits="0" number="53"/>
					</lines>
				</class>
				<class branch-rate="0.0" complexity="0" filename="include/Module/Module.hxx" line-rate="0.375" name="include.Module.Module.hxx">
					<methods>
						<method name="_ZN6aff3ct6module6ModuleixEm" signature="" line-rate="0.0" branch-rate="0.0">
							<lines>
								<line hits="0" number="12" branch="false"/>
							</lines>
						</method>
						<method name="_ZNK6aff3ct6module6ModuleixEm" signature="" line-rate="1.0" branch-rate="1.0">
							<lines>
								<line hits="196" number="21" branch="false"/>
							</lines>
						</method>
						<method name="_ZN6aff3ct6module6ModuleixERKNSt7__cxx1112basic_stringIcSt11char_traitsIcESaIcEEE" signature="" line-rate="0.0" branch-rate="0.0">
							<lines>
								<line hits="0" number="30" branch="false"/>
							</lines>
						</method>
						<method name="_ZZN6aff3ct6module6ModuleixERKNSt7__cxx1112basic_stringIcSt11char_traitsIcESaIcEEEENKUlSt10shared_ptrINS_7runtime6SocketEEE_clESD_" signature="" line-rate="0.0" branch-rate="0.0">
							<lines>
								<line hits="0" number="47" branch="false"/>
							</lines>
						</method>
						<method name="_ZN6aff3ct6module6ModuleclERKNSt7__cxx1112basic_stringIcSt11char_traitsIcESaIcEEE" signature="" line-rate="0.0" branch-rate="0.0">
							<lines>
								<line hits="0" number="59" branch="false"/>
							</lines>
						</method>
						<method name="_ZZN6aff3ct6module6ModuleclERKNSt7__cxx1112basic_stringIcSt11char_traitsIcESaIcEEEENKUlSt10shared_ptrINS_7runtime4TaskEEE_clESD_" signature="" line-rate="0.0" branch-rate="0.0">
							<lines>
								<line hits="0" number="63" branch="false"/>
							</lines>
						</method>
						<method name="_ZN6aff3ct6module6Module16create_socket_inItEEmRNS_7runtime4TaskERKNSt7__cxx1112basic_stringIcSt11char_traitsIcESaIcEEEm" signature="" line-rate="0.0" branch-rate="0.0">
							<lines>
								<line hits="0" number="76" branch="false"/>
							</lines>
						</method>
						<method name="_ZN6aff3ct6module6Module16create_socket_inIhEEmRNS_7runtime4TaskERKNSt7__cxx1112basic_stringIcSt11char_traitsIcESaIcEEEm" signature="" line-rate="1.0" branch-rate="1.0">
							<lines>
								<line hits="922" number="76" branch="false"/>
							</lines>
						</method>
						<method name="_ZN6aff3ct6module6Module16create_socket_inIjEEmRNS_7runtime4TaskERKNSt7__cxx1112basic_stringIcSt11char_traitsIcESaIcEEEm" signature="" line-rate="1.0" branch-rate="1.0">
							<lines>
								<line hits="65" number="76" branch="false"/>
							</lines>
						</method>
						<method name="_ZN6aff3ct6module6Module16create_socket_inImEEmRNS_7runtime4TaskERKNSt7__cxx1112basic_stringIcSt11char_traitsIcESaIcEEEm" signature="" line-rate="1.0" branch-rate="1.0">
							<lines>
								<line hits="28" number="76" branch="false"/>
							</lines>
						</method>
						<method name="_ZN6aff3ct6module6Module16create_socket_inIdEEmRNS_7runtime4TaskERKNSt7__cxx1112basic_stringIcSt11char_traitsIcESaIcEEEm" signature="" line-rate="0.0" branch-rate="0.0">
							<lines>
								<line hits="0" number="76" branch="false"/>
							</lines>
						</method>
						<method name="_ZN6aff3ct6module6Module16create_socket_inIsEEmRNS_7runtime4TaskERKNSt7__cxx1112basic_stringIcSt11char_traitsIcESaIcEEEm" signature="" line-rate="0.0" branch-rate="0.0">
							<lines>
								<line hits="0" number="76" branch="false"/>
							</lines>
						</method>
						<method name="_ZN6aff3ct6module6Module16create_socket_inIiEEmRNS_7runtime4TaskERKNSt7__cxx1112basic_stringIcSt11char_traitsIcESaIcEEEm" signature="" line-rate="0.0" branch-rate="0.0">
							<lines>
								<line hits="0" number="76" branch="false"/>
							</lines>
						</method>
						<method name="_ZN6aff3ct6module6Module16create_socket_inIaEEmRNS_7runtime4TaskERKNSt7__cxx1112basic_stringIcSt11char_traitsIcESaIcEEEm" signature="" line-rate="0.0" branch-rate="0.0">
							<lines>
								<line hits="0" number="76" branch="false"/>
							</lines>
						</method>
						<method name="_ZN6aff3ct6module6Module16create_socket_inIfEEmRNS_7runtime4TaskERKNSt7__cxx1112basic_stringIcSt11char_traitsIcESaIcEEEm" signature="" line-rate="0.0" branch-rate="0.0">
							<lines>
								<line hits="0" number="76" branch="false"/>
							</lines>
						</method>
						<method name="_ZN6aff3ct6module6Module16create_socket_inIlEEmRNS_7runtime4TaskERKNSt7__cxx1112basic_stringIcSt11char_traitsIcESaIcEEEm" signature="" line-rate="0.0" branch-rate="0.0">
							<lines>
								<line hits="0" number="76" branch="false"/>
							</lines>
						</method>
						<method name="_ZN6aff3ct6module6Module17create_socket_outIhEEmRNS_7runtime4TaskERKNSt7__cxx1112basic_stringIcSt11char_traitsIcESaIcEEEm" signature="" line-rate="1.0" branch-rate="1.0">
							<lines>
								<line hits="853" number="90" branch="false"/>
							</lines>
						</method>
						<method name="_ZN6aff3ct6module6Module17create_socket_outIaEEmRNS_7runtime4TaskERKNSt7__cxx1112basic_stringIcSt11char_traitsIcESaIcEEEm" signature="" line-rate="0.0" branch-rate="0.0">
							<lines>
								<line hits="0" number="90" branch="false"/>
							</lines>
						</method>
						<method name="_ZN6aff3ct6module6Module17create_socket_outIdEEmRNS_7runtime4TaskERKNSt7__cxx1112basic_stringIcSt11char_traitsIcESaIcEEEm" signature="" line-rate="0.0" branch-rate="0.0">
							<lines>
								<line hits="0" number="90" branch="false"/>
							</lines>
						</method>
						<method name="_ZN6aff3ct6module6Module17create_socket_outItEEmRNS_7runtime4TaskERKNSt7__cxx1112basic_stringIcSt11char_traitsIcESaIcEEEm" signature="" line-rate="0.0" branch-rate="0.0">
							<lines>
								<line hits="0" number="90" branch="false"/>
							</lines>
						</method>
						<method name="_ZN6aff3ct6module6Module17create_socket_outIfEEmRNS_7runtime4TaskERKNSt7__cxx1112basic_stringIcSt11char_traitsIcESaIcEEEm" signature="" line-rate="0.0" branch-rate="0.0">
							<lines>
								<line hits="0" number="90" branch="false"/>
							</lines>
						</method>
						<method name="_ZN6aff3ct6module6Module17create_socket_outIsEEmRNS_7runtime4TaskERKNSt7__cxx1112basic_stringIcSt11char_traitsIcESaIcEEEm" signature="" line-rate="0.0" branch-rate="0.0">
							<lines>
								<line hits="0" number="90" branch="false"/>
							</lines>
						</method>
						<method name="_ZN6aff3ct6module6Module17create_socket_outIiEEmRNS_7runtime4TaskERKNSt7__cxx1112basic_stringIcSt11char_traitsIcESaIcEEEm" signature="" line-rate="0.0" branch-rate="0.0">
							<lines>
								<line hits="0" number="90" branch="false"/>
							</lines>
						</method>
						<method name="_ZN6aff3ct6module6Module17create_socket_outIlEEmRNS_7runtime4TaskERKNSt7__cxx1112basic_stringIcSt11char_traitsIcESaIcEEEm" signature="" line-rate="0.0" branch-rate="0.0">
							<lines>
								<line hits="0" number="90" branch="false"/>
							</lines>
						</method>
						<method name="_ZN6aff3ct6module6Module17create_socket_outImEEmRNS_7runtime4TaskERKNSt7__cxx1112basic_stringIcSt11char_traitsIcESaIcEEEm" signature="" line-rate="0.0" branch-rate="0.0">
							<lines>
								<line hits="0" number="90" branch="false"/>
							</lines>
						</method>
						<method name="_ZN6aff3ct6module6Module17create_socket_outIjEEmRNS_7runtime4TaskERKNSt7__cxx1112basic_stringIcSt11char_traitsIcESaIcEEEm" signature="" line-rate="1.0" branch-rate="1.0">
							<lines>
								<line hits="51" number="90" branch="false"/>
							</lines>
						</method>
						<method name="_ZN6aff3ct6module6Module17create_socket_fwdImEEmRNS_7runtime4TaskERKNSt7__cxx1112basic_stringIcSt11char_traitsIcESaIcEEEm" signature="" line-rate="0.0" branch-rate="0.0">
							<lines>
								<line hits="0" number="104" branch="false"/>
							</lines>
						</method>
[...]
						<line branch="false" hits="0" number="473"/>
						<line branch="false" hits="0" number="475"/>
						<line branch="false" hits="0" number="478"/>
						<line branch="false" hits="0" number="479"/>
						<line branch="false" hits="0" number="480"/>
						<line branch="false" hits="14" number="482"/>
						<line branch="false" hits="14" number="485"/>
						<line branch="false" hits="14" number="486"/>
						<line branch="false" hits="14" number="487"/>
						<line branch="false" hits="0" number="489"/>
						<line branch="false" hits="0" number="492"/>
						<line branch="false" hits="0" number="493"/>
						<line branch="false" hits="0" number="494"/>
						<line branch="false" hits="154" number="496"/>
						<line branch="false" hits="154" number="499"/>
						<line branch="false" hits="308" number="500"/>
						<line branch="false" hits="154" number="501"/>
						<line branch="false" hits="154" number="502"/>
						<line branch="false" hits="154" number="503"/>
						<line branch="false" hits="14" number="505"/>
						<line branch="false" hits="98" number="508"/>
						<line branch="false" hits="84" number="509"/>
						<line branch="false" hits="14" number="510"/>
					</lines>
				</class>
			</classes>
		</package>
		<package line-rate="0.3333333333333333" branch-rate="0.0" name="src.Tools.Reporter" complexity="0">
			<classes>
				<class branch-rate="0.0" complexity="0" filename="src/Tools/Reporter/Reporter.cpp" line-rate="0.3333333333333333" name="src.Tools.Reporter.Reporter.cpp">
					<methods>
						<method name="_ZN6aff3ct5tools8Reporter4initEv" signature="" line-rate="0.0" branch-rate="0.0">
							<lines>
								<line hits="0" number="6" branch="false"/>
							</lines>
						</method>
						<method name="_ZNK6aff3ct5tools8Reporter10get_groupsB5cxx11Ev" signature="" line-rate="1.0" branch-rate="1.0">
							<lines>
								<line hits="660" number="11" branch="false"/>
							</lines>
						</method>
						<method name="_ZN6aff3ct5tools8Reporter5resetEv" signature="" line-rate="0.0" branch-rate="0.0">
							<lines>
								<line hits="0" number="17" branch="false"/>
							</lines>
						</method>
					</methods>
					<lines>
						<line branch="false" hits="0" number="6"/>
						<line branch="false" hits="0" number="9"/>
						<line branch="false" hits="660" number="11"/>
						<line branch="false" hits="660" number="14"/>
						<line branch="false" hits="0" number="17"/>
						<line branch="false" hits="0" number="20"/>
					</lines>
				</class>
			</classes>
		</package>
		<package line-rate="0.34375" branch-rate="0.0" name="src.Tools.Signal_handler" complexity="0">
			<classes>
				<class branch-rate="0.0" complexity="0" filename="src/Tools/Signal_handler/Signal_handler.cpp" line-rate="0.34375" name="src.Tools.Signal_handler.Signal_handler.cpp">
					<methods>
						<method name="_Z21signal_sigint_handleriP9siginfo_tPv" signature="" line-rate="0.0" branch-rate="0.0">
							<lines>
								<line hits="0" number="137" branch="false"/>
							</lines>
						</method>
						<method name="_ZN6aff3ct5tools14Signal_handler4initEv" signature="" line-rate="1.0" branch-rate="1.0">
							<lines>
								<line hits="133" number="165" branch="false"/>
							</lines>
						</method>
						<method name="_ZN6aff3ct5tools14Signal_handler9is_sigintEv" signature="" line-rate="1.0" branch-rate="1.0">
							<lines>
								<line hits="177014" number="199" branch="false"/>
							</lines>
						</method>
						<method name="_ZN6aff3ct5tools14Signal_handler12reset_sigintEv" signature="" line-rate="1.0" branch-rate="1.0">
							<lines>
								<line hits="546" number="205" branch="false"/>
							</lines>
						</method>
						<method name="_ZN6aff3ct5tools14Signal_handler10is_sigsegvEv" signature="" line-rate="0.0" branch-rate="0.0">
							<lines>
								<line hits="0" number="211" branch="false"/>
							</lines>
						</method>
						<method name="_ZN6aff3ct5tools14Signal_handler13reset_sigsegvEv" signature="" line-rate="0.0" branch-rate="0.0">
							<lines>
								<line hits="0" number="217" branch="false"/>
							</lines>
						</method>
					</methods>
					<lines>
						<line branch="false" hits="0" number="137"/>
						<line branch="false" hits="0" number="140"/>
						<line branch="false" hits="0" number="143"/>
						<line branch="false" hits="0" number="144"/>
						<line branch="false" hits="0" number="145"/>
						<line branch="false" hits="0" number="146"/>
						<line branch="false" hits="0" number="147"/>
						<line branch="false" hits="0" number="151"/>
						<line branch="false" hits="0" number="152"/>
						<line branch="false" hits="0" number="155"/>
						<line branch="false" hits="0" number="156"/>
						<line branch="false" hits="0" number="157"/>
						<line branch="false" hits="0" number="159"/>
						<line branch="false" hits="0" number="161"/>
						<line branch="false" hits="0" number="163"/>
						<line branch="false" hits="133" number="165"/>
						<line branch="false" hits="133" number="189"/>
						<line branch="false" hits="133" number="190"/>
						<line branch="false" hits="133" number="191"/>
						<line branch="false" hits="133" number="192"/>
						<line branch="false" hits="0" number="193"/>
						<line branch="false" hits="133" number="196"/>
						<line branch="false" hits="177014" number="199"/>
						<line branch="false" hits="177014" number="202"/>
						<line branch="false" hits="546" number="205"/>
						<line branch="false" hits="546" number="208"/>
						<line branch="false" hits="546" number="209"/>
						<line branch="false" hits="0" number="211"/>
						<line branch="false" hits="0" number="214"/>
						<line branch="false" hits="0" number="217"/>
						<line branch="false" hits="0" number="220"/>
						<line branch="false" hits="0" number="221"/>
					</lines>
				</class>
			</classes>
		</package>
		<package line-rate="0.9090909090909091" branch-rate="0.0" name="src.Tools.System" complexity="0">
			<classes>
				<class branch-rate="0.0" complexity="0" filename="src/Tools/System/memory.cpp" line-rate="0.9090909090909091" name="src.Tools.System.memory.cpp">
					<methods>
						<method name="_ZN6aff3ct5toolsL17mem_alloc_alignedEmm" signature="" line-rate="1.0" branch-rate="1.0">
							<lines>
								<line hits="14302" number="9" branch="false"/>
							</lines>
						</method>
						<method name="_ZN6aff3ct5tools9mem_allocEm" signature="" line-rate="1.0" branch-rate="1.0">
							<lines>
								<line hits="14302" number="33" branch="false"/>
							</lines>
						</method>
						<method name="_ZN6aff3ct5tools8mem_freeEPv" signature="" line-rate="1.0" branch-rate="1.0">
							<lines>
								<line hits="14302" number="42" branch="false"/>
							</lines>
						</method>
					</methods>
					<lines>
						<line branch="false" hits="14302" number="9"/>
						<line branch="false" hits="14302" number="11"/>
						<line branch="false" hits="14302" number="15"/>
						<line branch="false" hits="0" number="16"/>
						<line branch="false" hits="14302" number="30"/>
						<line branch="false" hits="14302" number="33"/>
						<line branch="false" hits="14302" number="35"/>
						<line branch="false" hits="14302" number="39"/>
						<line branch="false" hits="14302" number="42"/>
						<line branch="false" hits="14302" number="45"/>
						<line branch="false" hits="14302" number="53"/>
					</lines>
				</class>
			</classes>
		</package>
		<package line-rate="0.0" branch-rate="0.0" name="src.Tools.Thread_pinning" complexity="0">
			<classes>
				<class branch-rate="0.0" complexity="0" filename="src/Tools/Thread_pinning/Thread_pinning.cpp" line-rate="0.0" name="src.Tools.Thread_pinning.Thread_pinning.cpp">
					<methods>
						<method name="_ZN6aff3ct5tools14Thread_pinning4initEv" signature="" line-rate="0.0" branch-rate="0.0">
							<lines>
								<line hits="0" number="28" branch="false"/>
							</lines>
						</method>
						<method name="_ZN6aff3ct5tools14Thread_pinning7destroyEv" signature="" line-rate="0.0" branch-rate="0.0">
							<lines>
								<line hits="0" number="60" branch="false"/>
							</lines>
						</method>
						<method name="_ZN6aff3ct5tools14Thread_pinning8set_logsEb" signature="" line-rate="0.0" branch-rate="0.0">
							<lines>
								<line hits="0" number="79" branch="false"/>
							</lines>
						</method>
						<method name="_ZN6aff3ct5tools14Thread_pinning7is_logsEv" signature="" line-rate="0.0" branch-rate="0.0">
							<lines>
								<line hits="0" number="87" branch="false"/>
							</lines>
						</method>
						<method name="_ZN6aff3ct5tools14Thread_pinning3pinEm" signature="" line-rate="0.0" branch-rate="0.0">
							<lines>
								<line hits="0" number="93" branch="false"/>
							</lines>
						</method>
						<method name="_ZN6aff3ct5tools14Thread_pinning3pinENSt7__cxx1112basic_stringIcSt11char_traitsIcESaIcEEE" signature="" line-rate="0.0" branch-rate="0.0">
							<lines>
								<line hits="0" number="159" branch="false"/>
							</lines>
						</method>
						<method name="_ZN6aff3ct5tools14Thread_pinning5unpinEv" signature="" line-rate="0.0" branch-rate="0.0">
							<lines>
								<line hits="0" number="240" branch="false"/>
							</lines>
						</method>
						<method name="_ZN6aff3ct5tools14Thread_pinning18get_cur_cpuset_strB5cxx11Ev" signature="" line-rate="0.0" branch-rate="0.0">
							<lines>
								<line hits="0" number="277" branch="false"/>
							</lines>
						</method>
					</methods>
					<lines>
						<line branch="false" hits="0" number="28"/>
						<line branch="false" hits="0" number="31"/>
						<line branch="false" hits="0" number="33"/>
						<line branch="false" hits="0" number="34"/>
						<line branch="false" hits="0" number="36"/>
						<line branch="false" hits="0" number="56"/>
						<line branch="false" hits="0" number="58"/>
						<line branch="false" hits="0" number="60"/>
						<line branch="false" hits="0" number="63"/>
						<line branch="false" hits="0" number="65"/>
						<line branch="false" hits="0" number="66"/>
						<line branch="false" hits="0" number="73"/>
						<line branch="false" hits="0" number="75"/>
						<line branch="false" hits="0" number="77"/>
						<line branch="false" hits="0" number="79"/>
						<line branch="false" hits="0" number="82"/>
						<line branch="false" hits="0" number="83"/>
						<line branch="false" hits="0" number="84"/>
						<line branch="false" hits="0" number="85"/>
						<line branch="false" hits="0" number="87"/>
						<line branch="false" hits="0" number="90"/>
						<line branch="false" hits="0" number="93"/>
						<line branch="false" hits="0" number="96"/>
						<line branch="false" hits="0" number="150"/>
						<line branch="false" hits="0" number="152"/>
						<line branch="false" hits="0" number="155"/>
						<line branch="false" hits="0" number="156"/>
						<line branch="false" hits="0" number="159"/>
						<line branch="false" hits="0" number="161"/>
						<line branch="false" hits="0" number="231"/>
						<line branch="false" hits="0" number="233"/>
						<line branch="false" hits="0" number="236"/>
						<line branch="false" hits="0" number="237"/>
						<line branch="false" hits="0" number="240"/>
						<line branch="false" hits="0" number="243"/>
						<line branch="false" hits="0" number="269"/>
						<line branch="false" hits="0" number="271"/>
						<line branch="false" hits="0" number="274"/>
						<line branch="false" hits="0" number="275"/>
						<line branch="false" hits="0" number="277"/>
						<line branch="false" hits="0" number="293"/>
						<line branch="false" hits="0" number="294"/>
						<line branch="false" hits="0" number="295"/>
					</lines>
				</class>
				<class branch-rate="0.0" complexity="0" filename="src/Tools/Thread_pinning/Thread_pinning_utils.cpp" line-rate="0.0" name="src.Tools.Thread_pinning.Thread_pinning_utils.cpp">
					<methods>
						<method name="_ZN6aff3ct5tools20Thread_pinning_utils24pipeline_parser_unpackerERKNSt7__cxx1112basic_stringIcSt11char_traitsIcESaIcEEEm" signature="" line-rate="0.0" branch-rate="0.0">
							<lines>
								<line hits="0" number="21" branch="false"/>
							</lines>
						</method>
						<method name="_ZN6aff3ct5tools20Thread_pinning_utils21stage_parser_unpackerERKNSt7__cxx1112basic_stringIcSt11char_traitsIcESaIcEEEm" signature="" line-rate="0.0" branch-rate="0.0">
							<lines>
								<line hits="0" number="61" branch="false"/>
							</lines>
						</method>
						<method name="_ZN6aff3ct5tools20Thread_pinning_utils13thread_parserERKNSt7__cxx1112basic_stringIcSt11char_traitsIcESaIcEEE" signature="" line-rate="0.0" branch-rate="0.0">
							<lines>
								<line hits="0" number="98" branch="false"/>
							</lines>
						</method>
					</methods>
					<lines>
						<line branch="false" hits="0" number="21"/>
						<line branch="false" hits="0" number="24"/>
						<line branch="false" hits="0" number="25"/>
						<line branch="false" hits="0" number="26"/>
						<line branch="false" hits="0" number="29"/>
						<line branch="false" hits="0" number="31"/>
						<line branch="false" hits="0" number="33"/>
						<line branch="false" hits="0" number="34"/>
						<line branch="false" hits="0" number="36"/>
						<line branch="false" hits="0" number="38"/>
						<line branch="false" hits="0" number="40"/>
						<line branch="false" hits="0" number="42"/>
						<line branch="false" hits="0" number="45"/>
						<line branch="false" hits="0" number="47"/>
						<line branch="false" hits="0" number="48"/>
						<line branch="false" hits="0" number="50"/>
						<line branch="false" hits="0" number="52"/>
						<line branch="false" hits="0" number="53"/>
						<line branch="false" hits="0" number="54"/>
						<line branch="false" hits="0" number="55"/>
						<line branch="false" hits="0" number="58"/>
						<line branch="false" hits="0" number="61"/>
						<line branch="false" hits="0" number="64"/>
						<line branch="false" hits="0" number="65"/>
						<line branch="false" hits="0" number="66"/>
						<line branch="false" hits="0" number="67"/>
						<line branch="false" hits="0" number="69"/>
						<line branch="false" hits="0" number="71"/>
						<line branch="false" hits="0" number="72"/>
						<line branch="false" hits="0" number="74"/>
						<line branch="false" hits="0" number="76"/>
						<line branch="false" hits="0" number="78"/>
						<line branch="false" hits="0" number="80"/>
						<line branch="false" hits="0" number="83"/>
						<line branch="false" hits="0" number="85"/>
						<line branch="false" hits="0" number="86"/>
						<line branch="false" hits="0" number="88"/>
						<line branch="false" hits="0" number="90"/>
						<line branch="false" hits="0" number="91"/>
						<line branch="false" hits="0" number="92"/>
						<line branch="false" hits="0" number="93"/>
						<line branch="false" hits="0" number="95"/>
						<line branch="false" hits="0" number="98"/>
						<line branch="false" hits="0" number="101"/>
						<line branch="false" hits="0" number="102"/>
						<line branch="false" hits="0" number="103"/>
						<line branch="false" hits="0" number="105"/>
						<line branch="false" hits="0" number="107"/>
						<line branch="false" hits="0" number="109"/>
						<line branch="false" hits="0" number="110"/>
						<line branch="false" hits="0" number="112"/>
						<line branch="false" hits="0" number="114"/>
						<line branch="false" hits="0" number="116"/>
						<line branch="false" hits="0" number="118"/>
						<line branch="false" hits="0" number="119"/>
					</lines>
				</class>
			</classes>
		</package>
		<package line-rate="0.28846153846153844" branch-rate="0.0" name="src.Tools" complexity="0">
			<classes>
				<class branch-rate="0.0" complexity="0" filename="src/Tools/compute_bytes.cpp" line-rate="0.625" name="src.Tools.compute_bytes.cpp">
					<methods>
						<method name="_ZN6aff3ct5tools13compute_bytesEmSt10type_index" signature="" line-rate="1.0" branch-rate="1.0">
							<lines>
								<line hits="384" number="7" branch="false"/>
							</lines>
						</method>
						<method name="_ZN6aff3ct5tools13compute_bytesERKSt6vectorImSaImEERKS1_ISt10type_indexSaIS6_EE" signature="" line-rate="1.0" branch-rate="1.0">
							<lines>
								<line hits="141" number="27" branch="false"/>
							</lines>
						</method>
					</methods>
					<lines>
						<line branch="false" hits="384" number="7"/>
						<line branch="false" hits="384" number="9"/>
						<line branch="false" hits="381" number="10"/>
						<line branch="false" hits="120" number="11"/>
						<line branch="false" hits="120" number="12"/>
						<line branch="false" hits="120" number="13"/>
						<line branch="false" hits="94" number="14"/>
						<line branch="false" hits="16" number="15"/>
						<line branch="false" hits="16" number="16"/>
						<line branch="false" hits="0" number="17"/>
						<line branch="false" hits="0" number="18"/>
						<line branch="false" hits="0" number="21"/>
						<line branch="false" hits="0" number="22"/>
						<line branch="false" hits="0" number="23"/>
						<line branch="false" hits="141" number="27"/>
						<line branch="false" hits="141" number="30"/>
						<line branch="false" hits="0" number="32"/>
						<line branch="false" hits="0" number="33"/>
						<line branch="false" hits="0" number="34"/>
						<line branch="false" hits="0" number="35"/>
						<line branch="false" hits="141" number="38"/>
						<line branch="false" hits="423" number="39"/>
						<line branch="false" hits="282" number="40"/>
						<line branch="false" hits="141" number="41"/>
					</lines>
				</class>
				<class branch-rate="0.0" complexity="0" filename="src/Tools/system_functions.cpp" line-rate="0.0" name="src.Tools.system_functions.cpp">
					<methods>
						<method name="_ZN6aff3ct5tools18run_system_commandENSt7__cxx1112basic_stringIcSt11char_traitsIcESaIcEEE" signature="" line-rate="0.0" branch-rate="0.0">
							<lines>
								<line hits="0" number="25" branch="false"/>
							</lines>
						</method>
						<method name="_ZN6aff3ct5tools15get_binary_pathB5cxx11Ev" signature="" line-rate="0.0" branch-rate="0.0">
							<lines>
								<line hits="0" number="59" branch="false"/>
							</lines>
						</method>
						<method name="_ZN6aff3ct5tools10split_pathERKNSt7__cxx1112basic_stringIcSt11char_traitsIcESaIcEEERS6_S9_" signature="" line-rate="0.0" branch-rate="0.0">
							<lines>
								<line hits="0" number="108" branch="false"/>
							</lines>
						</method>
					</methods>
					<lines>
						<line branch="false" hits="0" number="25"/>
						<line branch="false" hits="0" number="27"/>
						<line branch="false" hits="0" number="29"/>
						<line branch="false" hits="0" number="32"/>
						<line branch="false" hits="0" number="39"/>
						<line branch="false" hits="0" number="41"/>
						<line branch="false" hits="0" number="43"/>
						<line branch="false" hits="0" number="44"/>
						<line branch="false" hits="0" number="45"/>
						<line branch="false" hits="0" number="48"/>
						<line branch="false" hits="0" number="54"/>
						<line branch="false" hits="0" number="56"/>
						<line branch="false" hits="0" number="59"/>
						<line branch="false" hits="0" number="61"/>
						<line branch="false" hits="0" number="64"/>
						<line branch="false" hits="0" number="69"/>
						<line branch="false" hits="0" number="71"/>
						<line branch="false" hits="0" number="73"/>
						<line branch="false" hits="0" number="74"/>
						<line branch="false" hits="0" number="75"/>
						<line branch="false" hits="0" number="77"/>
						<line branch="false" hits="0" number="78"/>
						<line branch="false" hits="0" number="105"/>
						<line branch="false" hits="0" number="108"/>
						<line branch="false" hits="0" number="111"/>
						<line branch="false" hits="0" number="112"/>
						<line branch="false" hits="0" number="113"/>
						<line branch="false" hits="0" number="114"/>
					</lines>
				</class>
			</classes>
		</package>
	</packages>
</coverage>
