<?xml version="1.0" ?>
<!DOCTYPE coverage
  SYSTEM 'http://cobertura.sourceforge.net/xml/coverage-04.dtd'>
<coverage branch-rate="0.0" branches-covered="0" branches-valid="0" complexity="0" line-rate="0.5328646173969915" lines-covered="3259" lines-valid="6116" timestamp="1708288940" version="2.0.3">
	<sources>
		<source>.</source>
	</sources>
	<packages>
		<package line-rate="0.803030303030303" branch-rate="0.0" name="include.Module.Adaptor" complexity="0">
			<classes>
				<class branch-rate="0.0" complexity="0" filename="include/Module/Adaptor/Adaptor.hxx" line-rate="0.7619047619047619" name="include.Module.Adaptor.Adaptor.hxx">
					<methods>
						<method name="_ZN6aff3ct6module7AdaptorC2ERKSt6vectorImSaImEERKS2_ISt10type_indexSaIS7_EEm" signature="" line-rate="1.0" branch-rate="1.0">
							<lines>
								<line hits="119" number="66" branch="false"/>
							</lines>
						</method>
						<method name="_ZN6aff3ct6module7Adaptor8is_emptyEm" signature="" line-rate="1.0" branch-rate="1.0">
							<lines>
								<line hits="132416" number="147" branch="false"/>
							</lines>
						</method>
						<method name="_ZN6aff3ct6module7Adaptor7is_fullEm" signature="" line-rate="1.0" branch-rate="1.0">
							<lines>
								<line hits="39665" number="153" branch="false"/>
							</lines>
						</method>
						<method name="_ZN6aff3ct6module7Adaptor12n_fill_slotsEm" signature="" line-rate="1.0" branch-rate="1.0">
							<lines>
								<line hits="39665" number="160" branch="false"/>
							</lines>
						</method>
						<method name="_ZN6aff3ct6module7Adaptor12n_free_slotsEm" signature="" line-rate="1.0" branch-rate="1.0">
							<lines>
								<line hits="39665" number="166" branch="false"/>
							</lines>
						</method>
					</methods>
					<lines>
						<line branch="false" hits="119" number="66"/>
						<line branch="false" hits="119" number="69"/>
						<line branch="false" hits="119" number="75"/>
						<line branch="false" hits="119" number="79"/>
						<line branch="false" hits="357" number="80"/>
						<line branch="false" hits="119" number="81"/>
						<line branch="false" hits="119" number="82"/>
						<line branch="false" hits="119" number="83"/>
						<line branch="false" hits="833" number="85"/>
						<line branch="false" hits="238" number="87"/>
						<line branch="false" hits="119" number="88"/>
						<line branch="false" hits="119" number="89"/>
						<line branch="false" hits="119" number="91"/>
						<line branch="false" hits="0" number="93"/>
						<line branch="false" hits="0" number="94"/>
						<line branch="false" hits="0" number="95"/>
						<line branch="false" hits="119" number="98"/>
						<line branch="false" hits="0" number="100"/>
						<line branch="false" hits="0" number="101"/>
						<line branch="false" hits="0" number="102"/>
						<line branch="false" hits="327" number="105"/>
						<line branch="false" hits="208" number="107"/>
						<line branch="false" hits="0" number="109"/>
						<line branch="false" hits="0" number="110"/>
						<line branch="false" hits="0" number="111"/>
						<line branch="false" hits="0" number="112"/>
						<line branch="false" hits="327" number="116"/>
						<line branch="false" hits="32659" number="117"/>
						<line branch="false" hits="32451" number="119"/>
						<line branch="false" hits="32451" number="120"/>
						<line branch="false" hits="119119" number="123"/>
						<line branch="false" hits="119119" number="124"/>
						<line branch="false" hits="119" number="126"/>
						<line branch="false" hits="119" number="127"/>
						<line branch="false" hits="132416" number="147"/>
						<line branch="false" hits="132416" number="150"/>
						<line branch="false" hits="39665" number="153"/>
						<line branch="false" hits="39665" number="157"/>
						<line branch="false" hits="39665" number="160"/>
						<line branch="false" hits="39665" number="163"/>
						<line branch="false" hits="39665" number="166"/>
						<line branch="false" hits="39665" number="169"/>
					</lines>
				</class>
				<class branch-rate="0.0" complexity="0" filename="include/Module/Adaptor/Adaptor_1_to_n.hpp" line-rate="1.0" name="include.Module.Adaptor.Adaptor_1_to_n.hpp">
					<methods>
						<method name="_ZN6aff3ct6module14Adaptor_1_to_nD2Ev" signature="" line-rate="1.0" branch-rate="1.0">
							<lines>
								<line hits="207" number="49" branch="false"/>
							</lines>
						</method>
						<method name="_ZN6aff3ct6module14Adaptor_1_to_nD0Ev" signature="" line-rate="1.0" branch-rate="1.0">
							<lines>
								<line hits="207" number="49" branch="false"/>
							</lines>
						</method>
					</methods>
					<lines>
						<line branch="false" hits="414" number="49"/>
					</lines>
				</class>
				<class branch-rate="0.0" complexity="0" filename="include/Module/Adaptor/Adaptor_1_to_n.hxx" line-rate="0.8181818181818182" name="include.Module.Adaptor.Adaptor_1_to_n.hxx">
					<methods>
						<method name="_ZN6aff3ct6module14Adaptor_1_to_nC2ERKSt6vectorImSaImEERKS2_ISt10type_indexSaIS7_EEmb" signature="" line-rate="1.0" branch-rate="1.0">
							<lines>
								<line hits="68" number="45" branch="false"/>
							</lines>
						</method>
						<method name="_ZN6aff3ct6module14Adaptor_1_to_n4initEv" signature="" line-rate="1.0" branch-rate="1.0">
							<lines>
								<line hits="68" number="60" branch="false"/>
							</lines>
						</method>
						<method name="_ZZN6aff3ct6module14Adaptor_1_to_n4initEvENKUlRNS0_6ModuleERNS_7runtime4TaskEmE_clES3_S6_m" signature="" line-rate="1.0" branch-rate="1.0">
							<lines>
								<line hits="13160" number="73" branch="false"/>
							</lines>
						</method>
						<method name="_ZZN6aff3ct6module14Adaptor_1_to_n4initEvENKUlRNS0_6ModuleERNS_7runtime4TaskEmE0_clES3_S6_m" signature="" line-rate="1.0" branch-rate="1.0">
							<lines>
								<line hits="10951" number="98" branch="false"/>
							</lines>
						</method>
					</methods>
					<lines>
						<line branch="false" hits="68" number="45"/>
						<line branch="false" hits="68" number="49"/>
						<line branch="false" hits="68" number="52"/>
						<line branch="false" hits="68" number="53"/>
						<line branch="false" hits="68" number="54"/>
						<line branch="false" hits="272" number="55"/>
						<line branch="false" hits="68" number="57"/>
						<line branch="false" hits="68" number="58"/>
						<line branch="false" hits="68" number="60"/>
						<line branch="false" hits="136" number="63"/>
						<line branch="false" hits="68" number="64"/>
						<line branch="false" hits="68" number="65"/>
						<line branch="false" hits="68" number="66"/>
						<line branch="false" hits="68" number="68"/>
						<line branch="false" hits="136" number="69"/>
						<line branch="false" hits="183" number="70"/>
						<line branch="false" hits="115" number="71"/>
						<line branch="false" hits="68" number="73"/>
						<line branch="false" hits="13160" number="75"/>
						<line branch="false" hits="13160" number="76"/>
						<line branch="false" hits="13160" number="78"/>
						<line branch="false" hits="42344" number="80"/>
						<line branch="false" hits="29187" number="81"/>
						<line branch="false" hits="0" number="85"/>
						<line branch="false" hits="0" number="86"/>
						<line branch="false" hits="0" number="87"/>
						<line branch="false" hits="0" number="88"/>
						<line branch="false" hits="13157" number="90"/>
						<line branch="false" hits="68" number="93"/>
						<line branch="false" hits="68" number="94"/>
						<line branch="false" hits="183" number="95"/>
						<line branch="false" hits="115" number="96"/>
						<line branch="false" hits="68" number="98"/>
						<line branch="false" hits="10951" number="100"/>
						<line branch="false" hits="10951" number="101"/>
						<line branch="false" hits="10951" number="103"/>
						<line branch="false" hits="37428" number="105"/>
						<line branch="false" hits="26597" number="106"/>
						<line branch="false" hits="0" number="110"/>
						<line branch="false" hits="0" number="111"/>
						<line branch="false" hits="0" number="112"/>
						<line branch="false" hits="0" number="113"/>
						<line branch="false" hits="10831" number="115"/>
						<line branch="false" hits="68" number="117"/>
					</lines>
				</class>
				<class branch-rate="0.0" complexity="0" filename="include/Module/Adaptor/Adaptor_n_to_1.hpp" line-rate="1.0" name="include.Module.Adaptor.Adaptor_n_to_1.hpp">
					<methods>
						<method name="_ZN6aff3ct6module14Adaptor_n_to_1D0Ev" signature="" line-rate="1.0" branch-rate="1.0">
							<lines>
								<line hits="190" number="49" branch="false"/>
							</lines>
						</method>
						<method name="_ZN6aff3ct6module14Adaptor_n_to_1D2Ev" signature="" line-rate="1.0" branch-rate="1.0">
							<lines>
								<line hits="190" number="49" branch="false"/>
							</lines>
						</method>
					</methods>
					<lines>
						<line branch="false" hits="380" number="49"/>
					</lines>
				</class>
				<class branch-rate="0.0" complexity="0" filename="include/Module/Adaptor/Adaptor_n_to_1.hxx" line-rate="0.8181818181818182" name="include.Module.Adaptor.Adaptor_n_to_1.hxx">
					<methods>
						<method name="_ZN6aff3ct6module14Adaptor_n_to_1C2ERKSt6vectorImSaImEERKS2_ISt10type_indexSaIS7_EEmb" signature="" line-rate="1.0" branch-rate="1.0">
							<lines>
								<line hits="51" number="45" branch="false"/>
							</lines>
						</method>
						<method name="_ZN6aff3ct6module14Adaptor_n_to_14initEv" signature="" line-rate="1.0" branch-rate="1.0">
							<lines>
								<line hits="51" number="60" branch="false"/>
							</lines>
						</method>
						<method name="_ZZN6aff3ct6module14Adaptor_n_to_14initEvENKUlRNS0_6ModuleERNS_7runtime4TaskEmE_clES3_S6_m" signature="" line-rate="1.0" branch-rate="1.0">
							<lines>
								<line hits="6464" number="73" branch="false"/>
							</lines>
						</method>
						<method name="_ZZN6aff3ct6module14Adaptor_n_to_14initEvENKUlRNS0_6ModuleERNS_7runtime4TaskEmE0_clES3_S6_m" signature="" line-rate="1.0" branch-rate="1.0">
							<lines>
								<line hits="5630" number="98" branch="false"/>
							</lines>
						</method>
					</methods>
					<lines>
						<line branch="false" hits="51" number="45"/>
						<line branch="false" hits="51" number="49"/>
						<line branch="false" hits="51" number="52"/>
						<line branch="false" hits="51" number="53"/>
						<line branch="false" hits="51" number="54"/>
						<line branch="false" hits="204" number="55"/>
						<line branch="false" hits="51" number="57"/>
						<line branch="false" hits="51" number="58"/>
						<line branch="false" hits="51" number="60"/>
						<line branch="false" hits="102" number="63"/>
						<line branch="false" hits="51" number="64"/>
						<line branch="false" hits="51" number="65"/>
						<line branch="false" hits="51" number="66"/>
						<line branch="false" hits="51" number="68"/>
						<line branch="false" hits="102" number="69"/>
						<line branch="false" hits="144" number="70"/>
						<line branch="false" hits="93" number="71"/>
						<line branch="false" hits="51" number="73"/>
						<line branch="false" hits="6464" number="75"/>
						<line branch="false" hits="6464" number="76"/>
						<line branch="false" hits="6464" number="78"/>
						<line branch="false" hits="18936" number="80"/>
						<line branch="false" hits="12496" number="81"/>
						<line branch="false" hits="0" number="85"/>
						<line branch="false" hits="0" number="86"/>
						<line branch="false" hits="0" number="87"/>
						<line branch="false" hits="0" number="88"/>
						<line branch="false" hits="6440" number="90"/>
						<line branch="false" hits="51" number="93"/>
						<line branch="false" hits="51" number="94"/>
						<line branch="false" hits="144" number="95"/>
						<line branch="false" hits="93" number="96"/>
						<line branch="false" hits="51" number="98"/>
						<line branch="false" hits="5630" number="100"/>
						<line branch="false" hits="5630" number="101"/>
						<line branch="false" hits="5630" number="103"/>
						<line branch="false" hits="16506" number="105"/>
						<line branch="false" hits="10907" number="106"/>
						<line branch="false" hits="0" number="110"/>
						<line branch="false" hits="0" number="111"/>
						<line branch="false" hits="0" number="112"/>
						<line branch="false" hits="0" number="113"/>
						<line branch="false" hits="5599" number="115"/>
						<line branch="false" hits="51" number="117"/>
					</lines>
				</class>
			</classes>
		</package>
		<package line-rate="0.2" branch-rate="0.0" name="include.Module.Controller" complexity="0">
			<classes>
				<class branch-rate="0.0" complexity="0" filename="include/Module/Controller/Controller.hpp" line-rate="1.0" name="include.Module.Controller.Controller.hpp">
					<methods>
						<method name="_ZN6aff3ct6module10ControllerD2Ev" signature="" line-rate="1.0" branch-rate="1.0">
							<lines>
								<line hits="37" number="40" branch="false"/>
							</lines>
						</method>
						<method name="_ZN6aff3ct6module10ControllerD0Ev" signature="" line-rate="0.0" branch-rate="0.0">
							<lines>
								<line hits="0" number="40" branch="false"/>
							</lines>
						</method>
					</methods>
					<lines>
						<line branch="false" hits="37" number="40"/>
					</lines>
				</class>
				<class branch-rate="0.0" complexity="0" filename="include/Module/Controller/Controller.hxx" line-rate="0.0" name="include.Module.Controller.Controller.hxx">
					<methods>
						<method name="_ZN6aff3ct6module10ControllerixENS0_3ctr3tskE" signature="" line-rate="0.0" branch-rate="0.0">
							<lines>
								<line hits="0" number="10" branch="false"/>
							</lines>
						</method>
						<method name="_ZN6aff3ct6module10ControllerixENS0_3ctr3sck7controlE" signature="" line-rate="0.0" branch-rate="0.0">
							<lines>
								<line hits="0" number="16" branch="false"/>
							</lines>
						</method>
					</methods>
					<lines>
						<line branch="false" hits="0" number="10"/>
						<line branch="false" hits="0" number="13"/>
						<line branch="false" hits="0" number="16"/>
						<line branch="false" hits="0" number="19"/>
					</lines>
				</class>
			</classes>
		</package>
		<package line-rate="1.0" branch-rate="0.0" name="include.Module.Controller.Controller_cyclic" complexity="0">
			<classes>
				<class branch-rate="0.0" complexity="0" filename="include/Module/Controller/Controller_cyclic/Controller_cyclic.hpp" line-rate="1.0" name="include.Module.Controller.Controller_cyclic.Controller_cyclic.hpp">
					<methods>
						<method name="_ZN6aff3ct6module17Controller_cyclicD0Ev" signature="" line-rate="1.0" branch-rate="1.0">
							<lines>
								<line hits="4" number="24" branch="false"/>
							</lines>
						</method>
						<method name="_ZN6aff3ct6module17Controller_cyclicD2Ev" signature="" line-rate="1.0" branch-rate="1.0">
							<lines>
								<line hits="4" number="24" branch="false"/>
							</lines>
						</method>
					</methods>
					<lines>
						<line branch="false" hits="8" number="24"/>
					</lines>
				</class>
			</classes>
		</package>
		<package line-rate="0.0" branch-rate="0.0" name="include.Module.Controller.Controller_limit" complexity="0">
			<classes>
				<class branch-rate="0.0" complexity="0" filename="include/Module/Controller/Controller_limit/Controller_limit.hpp" line-rate="0.0" name="include.Module.Controller.Controller_limit.Controller_limit.hpp">
					<methods>
						<method name="_ZN6aff3ct6module16Controller_limitD2Ev" signature="" line-rate="0.0" branch-rate="0.0">
							<lines>
								<line hits="0" number="25" branch="false"/>
							</lines>
						</method>
						<method name="_ZN6aff3ct6module16Controller_limitD0Ev" signature="" line-rate="0.0" branch-rate="0.0">
							<lines>
								<line hits="0" number="25" branch="false"/>
							</lines>
						</method>
					</methods>
					<lines>
						<line branch="false" hits="0" number="25"/>
					</lines>
				</class>
			</classes>
		</package>
		<package line-rate="1.0" branch-rate="0.0" name="include.Module.Controller.Controller_static" complexity="0">
			<classes>
				<class branch-rate="0.0" complexity="0" filename="include/Module/Controller/Controller_static/Controller_static.hpp" line-rate="1.0" name="include.Module.Controller.Controller_static.Controller_static.hpp">
					<methods>
						<method name="_ZN6aff3ct6module17Controller_staticD0Ev" signature="" line-rate="1.0" branch-rate="1.0">
							<lines>
								<line hits="33" number="21" branch="false"/>
							</lines>
						</method>
						<method name="_ZN6aff3ct6module17Controller_staticD2Ev" signature="" line-rate="1.0" branch-rate="1.0">
							<lines>
								<line hits="33" number="21" branch="false"/>
							</lines>
						</method>
					</methods>
					<lines>
						<line branch="false" hits="66" number="21"/>
					</lines>
				</class>
			</classes>
		</package>
		<package line-rate="0.0" branch-rate="0.0" name="include.Module.Delayer" complexity="0">
			<classes>
				<class branch-rate="0.0" complexity="0" filename="include/Module/Delayer/Delayer.hpp" line-rate="0.0" name="include.Module.Delayer.Delayer.hpp">
					<methods>
						<method name="_ZN6aff3ct6module7DelayerIiED0Ev" signature="" line-rate="0.0" branch-rate="0.0">
							<lines>
								<line hits="0" number="40" branch="false"/>
							</lines>
						</method>
						<method name="_ZN6aff3ct6module7DelayerIjED0Ev" signature="" line-rate="0.0" branch-rate="0.0">
							<lines>
								<line hits="0" number="40" branch="false"/>
							</lines>
						</method>
						<method name="_ZN6aff3ct6module7DelayerIfED2Ev" signature="" line-rate="0.0" branch-rate="0.0">
							<lines>
								<line hits="0" number="40" branch="false"/>
							</lines>
						</method>
						<method name="_ZN6aff3ct6module7DelayerItED0Ev" signature="" line-rate="0.0" branch-rate="0.0">
							<lines>
								<line hits="0" number="40" branch="false"/>
							</lines>
						</method>
						<method name="_ZN6aff3ct6module7DelayerIhED2Ev" signature="" line-rate="0.0" branch-rate="0.0">
							<lines>
								<line hits="0" number="40" branch="false"/>
							</lines>
						</method>
						<method name="_ZN6aff3ct6module7DelayerImED0Ev" signature="" line-rate="0.0" branch-rate="0.0">
							<lines>
								<line hits="0" number="40" branch="false"/>
							</lines>
						</method>
						<method name="_ZN6aff3ct6module7DelayerIjED2Ev" signature="" line-rate="0.0" branch-rate="0.0">
							<lines>
								<line hits="0" number="40" branch="false"/>
							</lines>
						</method>
						<method name="_ZN6aff3ct6module7DelayerIlED0Ev" signature="" line-rate="0.0" branch-rate="0.0">
							<lines>
								<line hits="0" number="40" branch="false"/>
							</lines>
						</method>
						<method name="_ZN6aff3ct6module7DelayerIlED2Ev" signature="" line-rate="0.0" branch-rate="0.0">
							<lines>
								<line hits="0" number="40" branch="false"/>
							</lines>
						</method>
						<method name="_ZN6aff3ct6module7DelayerIfED0Ev" signature="" line-rate="0.0" branch-rate="0.0">
							<lines>
								<line hits="0" number="40" branch="false"/>
							</lines>
						</method>
						<method name="_ZN6aff3ct6module7DelayerIhED0Ev" signature="" line-rate="0.0" branch-rate="0.0">
							<lines>
								<line hits="0" number="40" branch="false"/>
							</lines>
						</method>
						<method name="_ZN6aff3ct6module7DelayerIaED2Ev" signature="" line-rate="0.0" branch-rate="0.0">
							<lines>
								<line hits="0" number="40" branch="false"/>
							</lines>
						</method>
						<method name="_ZN6aff3ct6module7DelayerIaED0Ev" signature="" line-rate="0.0" branch-rate="0.0">
							<lines>
								<line hits="0" number="40" branch="false"/>
							</lines>
						</method>
						<method name="_ZN6aff3ct6module7DelayerIsED2Ev" signature="" line-rate="0.0" branch-rate="0.0">
							<lines>
								<line hits="0" number="40" branch="false"/>
							</lines>
						</method>
						<method name="_ZN6aff3ct6module7DelayerIdED2Ev" signature="" line-rate="0.0" branch-rate="0.0">
							<lines>
								<line hits="0" number="40" branch="false"/>
							</lines>
						</method>
						<method name="_ZN6aff3ct6module7DelayerIsED0Ev" signature="" line-rate="0.0" branch-rate="0.0">
							<lines>
								<line hits="0" number="40" branch="false"/>
							</lines>
						</method>
						<method name="_ZN6aff3ct6module7DelayerIdED0Ev" signature="" line-rate="0.0" branch-rate="0.0">
							<lines>
								<line hits="0" number="40" branch="false"/>
							</lines>
						</method>
						<method name="_ZN6aff3ct6module7DelayerIiED2Ev" signature="" line-rate="0.0" branch-rate="0.0">
							<lines>
								<line hits="0" number="40" branch="false"/>
							</lines>
						</method>
						<method name="_ZN6aff3ct6module7DelayerItED2Ev" signature="" line-rate="0.0" branch-rate="0.0">
							<lines>
								<line hits="0" number="40" branch="false"/>
							</lines>
						</method>
						<method name="_ZN6aff3ct6module7DelayerImED2Ev" signature="" line-rate="0.0" branch-rate="0.0">
							<lines>
								<line hits="0" number="40" branch="false"/>
							</lines>
						</method>
					</methods>
					<lines>
						<line branch="false" hits="0" number="40"/>
					</lines>
				</class>
				<class branch-rate="0.0" complexity="0" filename="include/Module/Delayer/Delayer.hxx" line-rate="0.0" name="include.Module.Delayer.Delayer.hxx">
					<methods>
						<method name="_ZN6aff3ct6module7DelayerIfEixENS0_3dly3tskE" signature="" line-rate="0.0" branch-rate="0.0">
							<lines>
								<line hits="0" number="9" branch="false"/>
							</lines>
						</method>
						<method name="_ZN6aff3ct6module7DelayerItEixENS0_3dly3tskE" signature="" line-rate="0.0" branch-rate="0.0">
							<lines>
								<line hits="0" number="9" branch="false"/>
							</lines>
						</method>
						<method name="_ZN6aff3ct6module7DelayerImEixENS0_3dly3tskE" signature="" line-rate="0.0" branch-rate="0.0">
							<lines>
								<line hits="0" number="9" branch="false"/>
							</lines>
						</method>
						<method name="_ZN6aff3ct6module7DelayerIaEixENS0_3dly3tskE" signature="" line-rate="0.0" branch-rate="0.0">
							<lines>
								<line hits="0" number="9" branch="false"/>
							</lines>
						</method>
						<method name="_ZN6aff3ct6module7DelayerIjEixENS0_3dly3tskE" signature="" line-rate="0.0" branch-rate="0.0">
							<lines>
								<line hits="0" number="9" branch="false"/>
							</lines>
						</method>
						<method name="_ZN6aff3ct6module7DelayerIdEixENS0_3dly3tskE" signature="" line-rate="0.0" branch-rate="0.0">
							<lines>
								<line hits="0" number="9" branch="false"/>
							</lines>
						</method>
						<method name="_ZN6aff3ct6module7DelayerIsEixENS0_3dly3tskE" signature="" line-rate="0.0" branch-rate="0.0">
							<lines>
								<line hits="0" number="9" branch="false"/>
							</lines>
						</method>
						<method name="_ZN6aff3ct6module7DelayerIlEixENS0_3dly3tskE" signature="" line-rate="0.0" branch-rate="0.0">
							<lines>
								<line hits="0" number="9" branch="false"/>
							</lines>
						</method>
						<method name="_ZN6aff3ct6module7DelayerIhEixENS0_3dly3tskE" signature="" line-rate="0.0" branch-rate="0.0">
							<lines>
								<line hits="0" number="9" branch="false"/>
							</lines>
						</method>
						<method name="_ZN6aff3ct6module7DelayerIiEixENS0_3dly3tskE" signature="" line-rate="0.0" branch-rate="0.0">
							<lines>
								<line hits="0" number="9" branch="false"/>
							</lines>
						</method>
						<method name="_ZN6aff3ct6module7DelayerIjEixENS0_3dly3sck8memorizeE" signature="" line-rate="0.0" branch-rate="0.0">
							<lines>
								<line hits="0" number="16" branch="false"/>
							</lines>
						</method>
						<method name="_ZN6aff3ct6module7DelayerIfEixENS0_3dly3sck8memorizeE" signature="" line-rate="0.0" branch-rate="0.0">
							<lines>
								<line hits="0" number="16" branch="false"/>
							</lines>
						</method>
						<method name="_ZN6aff3ct6module7DelayerIiEixENS0_3dly3sck8memorizeE" signature="" line-rate="0.0" branch-rate="0.0">
							<lines>
								<line hits="0" number="16" branch="false"/>
							</lines>
						</method>
						<method name="_ZN6aff3ct6module7DelayerImEixENS0_3dly3sck8memorizeE" signature="" line-rate="0.0" branch-rate="0.0">
							<lines>
								<line hits="0" number="16" branch="false"/>
							</lines>
						</method>
						<method name="_ZN6aff3ct6module7DelayerIlEixENS0_3dly3sck8memorizeE" signature="" line-rate="0.0" branch-rate="0.0">
							<lines>
								<line hits="0" number="16" branch="false"/>
							</lines>
						</method>
						<method name="_ZN6aff3ct6module7DelayerIhEixENS0_3dly3sck8memorizeE" signature="" line-rate="0.0" branch-rate="0.0">
							<lines>
								<line hits="0" number="16" branch="false"/>
							</lines>
						</method>
						<method name="_ZN6aff3ct6module7DelayerItEixENS0_3dly3sck8memorizeE" signature="" line-rate="0.0" branch-rate="0.0">
							<lines>
								<line hits="0" number="16" branch="false"/>
							</lines>
						</method>
						<method name="_ZN6aff3ct6module7DelayerIsEixENS0_3dly3sck8memorizeE" signature="" line-rate="0.0" branch-rate="0.0">
							<lines>
								<line hits="0" number="16" branch="false"/>
							</lines>
						</method>
						<method name="_ZN6aff3ct6module7DelayerIaEixENS0_3dly3sck8memorizeE" signature="" line-rate="0.0" branch-rate="0.0">
							<lines>
								<line hits="0" number="16" branch="false"/>
							</lines>
						</method>
						<method name="_ZN6aff3ct6module7DelayerIdEixENS0_3dly3sck8memorizeE" signature="" line-rate="0.0" branch-rate="0.0">
							<lines>
								<line hits="0" number="16" branch="false"/>
							</lines>
						</method>
						<method name="_ZN6aff3ct6module7DelayerImEixENS0_3dly3sck7produceE" signature="" line-rate="0.0" branch-rate="0.0">
							<lines>
								<line hits="0" number="23" branch="false"/>
							</lines>
						</method>
						<method name="_ZN6aff3ct6module7DelayerItEixENS0_3dly3sck7produceE" signature="" line-rate="0.0" branch-rate="0.0">
							<lines>
								<line hits="0" number="23" branch="false"/>
							</lines>
						</method>
						<method name="_ZN6aff3ct6module7DelayerIaEixENS0_3dly3sck7produceE" signature="" line-rate="0.0" branch-rate="0.0">
							<lines>
								<line hits="0" number="23" branch="false"/>
							</lines>
						</method>
						<method name="_ZN6aff3ct6module7DelayerIdEixENS0_3dly3sck7produceE" signature="" line-rate="0.0" branch-rate="0.0">
							<lines>
								<line hits="0" number="23" branch="false"/>
							</lines>
						</method>
						<method name="_ZN6aff3ct6module7DelayerIjEixENS0_3dly3sck7produceE" signature="" line-rate="0.0" branch-rate="0.0">
							<lines>
								<line hits="0" number="23" branch="false"/>
							</lines>
						</method>
						<method name="_ZN6aff3ct6module7DelayerIsEixENS0_3dly3sck7produceE" signature="" line-rate="0.0" branch-rate="0.0">
							<lines>
								<line hits="0" number="23" branch="false"/>
							</lines>
						</method>
						<method name="_ZN6aff3ct6module7DelayerIhEixENS0_3dly3sck7produceE" signature="" line-rate="0.0" branch-rate="0.0">
							<lines>
								<line hits="0" number="23" branch="false"/>
							</lines>
						</method>
						<method name="_ZN6aff3ct6module7DelayerIfEixENS0_3dly3sck7produceE" signature="" line-rate="0.0" branch-rate="0.0">
							<lines>
								<line hits="0" number="23" branch="false"/>
							</lines>
						</method>
						<method name="_ZN6aff3ct6module7DelayerIlEixENS0_3dly3sck7produceE" signature="" line-rate="0.0" branch-rate="0.0">
							<lines>
								<line hits="0" number="23" branch="false"/>
							</lines>
						</method>
						<method name="_ZN6aff3ct6module7DelayerIiEixENS0_3dly3sck7produceE" signature="" line-rate="0.0" branch-rate="0.0">
							<lines>
								<line hits="0" number="23" branch="false"/>
							</lines>
						</method>
						<method name="_ZN6aff3ct6module7DelayerIdEixERKNSt7__cxx1112basic_stringIcSt11char_traitsIcESaIcEEE" signature="" line-rate="0.0" branch-rate="0.0">
							<lines>
								<line hits="0" number="30" branch="false"/>
							</lines>
						</method>
						<method name="_ZN6aff3ct6module7DelayerIfEixERKNSt7__cxx1112basic_stringIcSt11char_traitsIcESaIcEEE" signature="" line-rate="0.0" branch-rate="0.0">
							<lines>
								<line hits="0" number="30" branch="false"/>
							</lines>
						</method>
						<method name="_ZN6aff3ct6module7DelayerIhEixERKNSt7__cxx1112basic_stringIcSt11char_traitsIcESaIcEEE" signature="" line-rate="0.0" branch-rate="0.0">
							<lines>
								<line hits="0" number="30" branch="false"/>
							</lines>
						</method>
						<method name="_ZN6aff3ct6module7DelayerIlEixERKNSt7__cxx1112basic_stringIcSt11char_traitsIcESaIcEEE" signature="" line-rate="0.0" branch-rate="0.0">
							<lines>
								<line hits="0" number="30" branch="false"/>
							</lines>
						</method>
						<method name="_ZN6aff3ct6module7DelayerIsEixERKNSt7__cxx1112basic_stringIcSt11char_traitsIcESaIcEEE" signature="" line-rate="0.0" branch-rate="0.0">
							<lines>
								<line hits="0" number="30" branch="false"/>
							</lines>
						</method>
						<method name="_ZN6aff3ct6module7DelayerIaEixERKNSt7__cxx1112basic_stringIcSt11char_traitsIcESaIcEEE" signature="" line-rate="0.0" branch-rate="0.0">
							<lines>
								<line hits="0" number="30" branch="false"/>
							</lines>
						</method>
						<method name="_ZN6aff3ct6module7DelayerIiEixERKNSt7__cxx1112basic_stringIcSt11char_traitsIcESaIcEEE" signature="" line-rate="0.0" branch-rate="0.0">
							<lines>
								<line hits="0" number="30" branch="false"/>
							</lines>
						</method>
						<method name="_ZN6aff3ct6module7DelayerImEixERKNSt7__cxx1112basic_stringIcSt11char_traitsIcESaIcEEE" signature="" line-rate="0.0" branch-rate="0.0">
							<lines>
								<line hits="0" number="30" branch="false"/>
							</lines>
						</method>
						<method name="_ZN6aff3ct6module7DelayerItEixERKNSt7__cxx1112basic_stringIcSt11char_traitsIcESaIcEEE" signature="" line-rate="0.0" branch-rate="0.0">
							<lines>
								<line hits="0" number="30" branch="false"/>
							</lines>
						</method>
						<method name="_ZN6aff3ct6module7DelayerIjEixERKNSt7__cxx1112basic_stringIcSt11char_traitsIcESaIcEEE" signature="" line-rate="0.0" branch-rate="0.0">
							<lines>
								<line hits="0" number="30" branch="false"/>
							</lines>
						</method>
					</methods>
					<lines>
						<line branch="false" hits="0" number="9"/>
						<line branch="false" hits="0" number="12"/>
						<line branch="false" hits="0" number="16"/>
						<line branch="false" hits="0" number="19"/>
						<line branch="false" hits="0" number="23"/>
						<line branch="false" hits="0" number="26"/>
						<line branch="false" hits="0" number="30"/>
						<line branch="false" hits="0" number="33"/>
					</lines>
				</class>
			</classes>
		</package>
		<package line-rate="0.0" branch-rate="0.0" name="include.Module.Finalizer" complexity="0">
			<classes>
				<class branch-rate="0.0" complexity="0" filename="include/Module/Finalizer/Finalizer.hpp" line-rate="0.0" name="include.Module.Finalizer.Finalizer.hpp">
					<methods>
						<method name="_ZN6aff3ct6module9FinalizerIfED0Ev" signature="" line-rate="0.0" branch-rate="0.0">
							<lines>
								<line hits="0" number="40" branch="false"/>
							</lines>
						</method>
						<method name="_ZN6aff3ct6module9FinalizerIjED2Ev" signature="" line-rate="0.0" branch-rate="0.0">
							<lines>
								<line hits="0" number="40" branch="false"/>
							</lines>
						</method>
						<method name="_ZN6aff3ct6module9FinalizerIfED2Ev" signature="" line-rate="0.0" branch-rate="0.0">
							<lines>
								<line hits="0" number="40" branch="false"/>
							</lines>
						</method>
						<method name="_ZN6aff3ct6module9FinalizerIaED0Ev" signature="" line-rate="0.0" branch-rate="0.0">
							<lines>
								<line hits="0" number="40" branch="false"/>
							</lines>
						</method>
						<method name="_ZN6aff3ct6module9FinalizerImED0Ev" signature="" line-rate="0.0" branch-rate="0.0">
							<lines>
								<line hits="0" number="40" branch="false"/>
							</lines>
						</method>
						<method name="_ZN6aff3ct6module9FinalizerItED2Ev" signature="" line-rate="0.0" branch-rate="0.0">
							<lines>
								<line hits="0" number="40" branch="false"/>
							</lines>
						</method>
						<method name="_ZN6aff3ct6module9FinalizerIdED2Ev" signature="" line-rate="0.0" branch-rate="0.0">
							<lines>
								<line hits="0" number="40" branch="false"/>
							</lines>
						</method>
						<method name="_ZN6aff3ct6module9FinalizerIiED2Ev" signature="" line-rate="0.0" branch-rate="0.0">
							<lines>
								<line hits="0" number="40" branch="false"/>
							</lines>
						</method>
						<method name="_ZN6aff3ct6module9FinalizerIiED0Ev" signature="" line-rate="0.0" branch-rate="0.0">
							<lines>
								<line hits="0" number="40" branch="false"/>
							</lines>
						</method>
						<method name="_ZN6aff3ct6module9FinalizerImED2Ev" signature="" line-rate="0.0" branch-rate="0.0">
							<lines>
								<line hits="0" number="40" branch="false"/>
							</lines>
						</method>
						<method name="_ZN6aff3ct6module9FinalizerIsED2Ev" signature="" line-rate="0.0" branch-rate="0.0">
							<lines>
								<line hits="0" number="40" branch="false"/>
							</lines>
						</method>
						<method name="_ZN6aff3ct6module9FinalizerIdED0Ev" signature="" line-rate="0.0" branch-rate="0.0">
							<lines>
								<line hits="0" number="40" branch="false"/>
							</lines>
						</method>
						<method name="_ZN6aff3ct6module9FinalizerIlED0Ev" signature="" line-rate="0.0" branch-rate="0.0">
							<lines>
								<line hits="0" number="40" branch="false"/>
							</lines>
						</method>
						<method name="_ZN6aff3ct6module9FinalizerIjED0Ev" signature="" line-rate="0.0" branch-rate="0.0">
							<lines>
								<line hits="0" number="40" branch="false"/>
							</lines>
						</method>
						<method name="_ZN6aff3ct6module9FinalizerItED0Ev" signature="" line-rate="0.0" branch-rate="0.0">
							<lines>
								<line hits="0" number="40" branch="false"/>
							</lines>
						</method>
						<method name="_ZN6aff3ct6module9FinalizerIhED2Ev" signature="" line-rate="0.0" branch-rate="0.0">
							<lines>
								<line hits="0" number="40" branch="false"/>
							</lines>
						</method>
						<method name="_ZN6aff3ct6module9FinalizerIlED2Ev" signature="" line-rate="0.0" branch-rate="0.0">
							<lines>
								<line hits="0" number="40" branch="false"/>
							</lines>
						</method>
						<method name="_ZN6aff3ct6module9FinalizerIaED2Ev" signature="" line-rate="0.0" branch-rate="0.0">
							<lines>
								<line hits="0" number="40" branch="false"/>
							</lines>
						</method>
						<method name="_ZN6aff3ct6module9FinalizerIsED0Ev" signature="" line-rate="0.0" branch-rate="0.0">
							<lines>
								<line hits="0" number="40" branch="false"/>
							</lines>
						</method>
						<method name="_ZN6aff3ct6module9FinalizerIhED0Ev" signature="" line-rate="0.0" branch-rate="0.0">
							<lines>
								<line hits="0" number="40" branch="false"/>
							</lines>
						</method>
					</methods>
					<lines>
						<line branch="false" hits="0" number="40"/>
					</lines>
				</class>
				<class branch-rate="0.0" complexity="0" filename="include/Module/Finalizer/Finalizer.hxx" line-rate="0.0" name="include.Module.Finalizer.Finalizer.hxx">
					<methods>
						<method name="_ZN6aff3ct6module9FinalizerItEixENS0_3fin3tskE" signature="" line-rate="0.0" branch-rate="0.0">
							<lines>
								<line hits="0" number="9" branch="false"/>
							</lines>
						</method>
						<method name="_ZN6aff3ct6module9FinalizerIhEixENS0_3fin3tskE" signature="" line-rate="0.0" branch-rate="0.0">
							<lines>
								<line hits="0" number="9" branch="false"/>
							</lines>
						</method>
						<method name="_ZN6aff3ct6module9FinalizerIlEixENS0_3fin3tskE" signature="" line-rate="0.0" branch-rate="0.0">
							<lines>
								<line hits="0" number="9" branch="false"/>
							</lines>
						</method>
						<method name="_ZN6aff3ct6module9FinalizerIjEixENS0_3fin3tskE" signature="" line-rate="0.0" branch-rate="0.0">
							<lines>
								<line hits="0" number="9" branch="false"/>
							</lines>
						</method>
						<method name="_ZN6aff3ct6module9FinalizerIdEixENS0_3fin3tskE" signature="" line-rate="0.0" branch-rate="0.0">
							<lines>
								<line hits="0" number="9" branch="false"/>
							</lines>
						</method>
						<method name="_ZN6aff3ct6module9FinalizerIfEixENS0_3fin3tskE" signature="" line-rate="0.0" branch-rate="0.0">
							<lines>
								<line hits="0" number="9" branch="false"/>
							</lines>
						</method>
						<method name="_ZN6aff3ct6module9FinalizerIsEixENS0_3fin3tskE" signature="" line-rate="0.0" branch-rate="0.0">
							<lines>
								<line hits="0" number="9" branch="false"/>
							</lines>
						</method>
						<method name="_ZN6aff3ct6module9FinalizerIiEixENS0_3fin3tskE" signature="" line-rate="0.0" branch-rate="0.0">
							<lines>
								<line hits="0" number="9" branch="false"/>
							</lines>
						</method>
						<method name="_ZN6aff3ct6module9FinalizerImEixENS0_3fin3tskE" signature="" line-rate="0.0" branch-rate="0.0">
							<lines>
								<line hits="0" number="9" branch="false"/>
							</lines>
						</method>
						<method name="_ZN6aff3ct6module9FinalizerIaEixENS0_3fin3tskE" signature="" line-rate="0.0" branch-rate="0.0">
							<lines>
								<line hits="0" number="9" branch="false"/>
							</lines>
						</method>
						<method name="_ZN6aff3ct6module9FinalizerIjEixENS0_3fin3sck8finalizeE" signature="" line-rate="0.0" branch-rate="0.0">
							<lines>
								<line hits="0" number="16" branch="false"/>
							</lines>
						</method>
						<method name="_ZN6aff3ct6module9FinalizerIhEixENS0_3fin3sck8finalizeE" signature="" line-rate="0.0" branch-rate="0.0">
							<lines>
								<line hits="0" number="16" branch="false"/>
							</lines>
						</method>
						<method name="_ZN6aff3ct6module9FinalizerItEixENS0_3fin3sck8finalizeE" signature="" line-rate="0.0" branch-rate="0.0">
							<lines>
								<line hits="0" number="16" branch="false"/>
							</lines>
						</method>
						<method name="_ZN6aff3ct6module9FinalizerIaEixENS0_3fin3sck8finalizeE" signature="" line-rate="0.0" branch-rate="0.0">
							<lines>
								<line hits="0" number="16" branch="false"/>
							</lines>
						</method>
						<method name="_ZN6aff3ct6module9FinalizerIlEixENS0_3fin3sck8finalizeE" signature="" line-rate="0.0" branch-rate="0.0">
							<lines>
								<line hits="0" number="16" branch="false"/>
							</lines>
						</method>
						<method name="_ZN6aff3ct6module9FinalizerIdEixENS0_3fin3sck8finalizeE" signature="" line-rate="0.0" branch-rate="0.0">
							<lines>
								<line hits="0" number="16" branch="false"/>
							</lines>
						</method>
						<method name="_ZN6aff3ct6module9FinalizerIfEixENS0_3fin3sck8finalizeE" signature="" line-rate="0.0" branch-rate="0.0">
							<lines>
								<line hits="0" number="16" branch="false"/>
							</lines>
						</method>
						<method name="_ZN6aff3ct6module9FinalizerImEixENS0_3fin3sck8finalizeE" signature="" line-rate="0.0" branch-rate="0.0">
							<lines>
								<line hits="0" number="16" branch="false"/>
							</lines>
						</method>
						<method name="_ZN6aff3ct6module9FinalizerIsEixENS0_3fin3sck8finalizeE" signature="" line-rate="0.0" branch-rate="0.0">
							<lines>
								<line hits="0" number="16" branch="false"/>
							</lines>
						</method>
						<method name="_ZN6aff3ct6module9FinalizerIiEixENS0_3fin3sck8finalizeE" signature="" line-rate="0.0" branch-rate="0.0">
							<lines>
								<line hits="0" number="16" branch="false"/>
							</lines>
						</method>
						<method name="_ZN6aff3ct6module9FinalizerIhEixERKNSt7__cxx1112basic_stringIcSt11char_traitsIcESaIcEEE" signature="" line-rate="0.0" branch-rate="0.0">
							<lines>
								<line hits="0" number="23" branch="false"/>
							</lines>
						</method>
						<method name="_ZN6aff3ct6module9FinalizerIjEixERKNSt7__cxx1112basic_stringIcSt11char_traitsIcESaIcEEE" signature="" line-rate="0.0" branch-rate="0.0">
							<lines>
								<line hits="0" number="23" branch="false"/>
							</lines>
						</method>
						<method name="_ZN6aff3ct6module9FinalizerIiEixERKNSt7__cxx1112basic_stringIcSt11char_traitsIcESaIcEEE" signature="" line-rate="0.0" branch-rate="0.0">
							<lines>
								<line hits="0" number="23" branch="false"/>
							</lines>
						</method>
						<method name="_ZN6aff3ct6module9FinalizerIsEixERKNSt7__cxx1112basic_stringIcSt11char_traitsIcESaIcEEE" signature="" line-rate="0.0" branch-rate="0.0">
							<lines>
								<line hits="0" number="23" branch="false"/>
							</lines>
						</method>
						<method name="_ZN6aff3ct6module9FinalizerIaEixERKNSt7__cxx1112basic_stringIcSt11char_traitsIcESaIcEEE" signature="" line-rate="0.0" branch-rate="0.0">
							<lines>
								<line hits="0" number="23" branch="false"/>
							</lines>
						</method>
						<method name="_ZN6aff3ct6module9FinalizerIdEixERKNSt7__cxx1112basic_stringIcSt11char_traitsIcESaIcEEE" signature="" line-rate="0.0" branch-rate="0.0">
							<lines>
								<line hits="0" number="23" branch="false"/>
							</lines>
						</method>
						<method name="_ZN6aff3ct6module9FinalizerItEixERKNSt7__cxx1112basic_stringIcSt11char_traitsIcESaIcEEE" signature="" line-rate="0.0" branch-rate="0.0">
							<lines>
								<line hits="0" number="23" branch="false"/>
							</lines>
						</method>
						<method name="_ZN6aff3ct6module9FinalizerImEixERKNSt7__cxx1112basic_stringIcSt11char_traitsIcESaIcEEE" signature="" line-rate="0.0" branch-rate="0.0">
							<lines>
								<line hits="0" number="23" branch="false"/>
							</lines>
						</method>
						<method name="_ZN6aff3ct6module9FinalizerIfEixERKNSt7__cxx1112basic_stringIcSt11char_traitsIcESaIcEEE" signature="" line-rate="0.0" branch-rate="0.0">
							<lines>
								<line hits="0" number="23" branch="false"/>
							</lines>
						</method>
						<method name="_ZN6aff3ct6module9FinalizerIlEixERKNSt7__cxx1112basic_stringIcSt11char_traitsIcESaIcEEE" signature="" line-rate="0.0" branch-rate="0.0">
							<lines>
								<line hits="0" number="23" branch="false"/>
							</lines>
						</method>
					</methods>
					<lines>
						<line branch="false" hits="0" number="9"/>
						<line branch="false" hits="0" number="12"/>
						<line branch="false" hits="0" number="16"/>
						<line branch="false" hits="0" number="19"/>
						<line branch="false" hits="0" number="23"/>
						<line branch="false" hits="0" number="26"/>
					</lines>
				</class>
			</classes>
		</package>
		<package line-rate="0.1111111111111111" branch-rate="0.0" name="include.Module.Incrementer" complexity="0">
			<classes>
				<class branch-rate="0.0" complexity="0" filename="include/Module/Incrementer/Incrementer.hpp" line-rate="1.0" name="include.Module.Incrementer.Incrementer.hpp">
					<methods>
						<method name="_ZN6aff3ct6module11IncrementerIiED0Ev" signature="" line-rate="0.0" branch-rate="0.0">
							<lines>
								<line hits="0" number="43" branch="false"/>
							</lines>
						</method>
						<method name="_ZN6aff3ct6module11IncrementerIhED0Ev" signature="" line-rate="1.0" branch-rate="1.0">
							<lines>
								<line hits="1463" number="43" branch="false"/>
							</lines>
						</method>
						<method name="_ZN6aff3ct6module11IncrementerIaED2Ev" signature="" line-rate="0.0" branch-rate="0.0">
							<lines>
								<line hits="0" number="43" branch="false"/>
							</lines>
						</method>
						<method name="_ZN6aff3ct6module11IncrementerItED0Ev" signature="" line-rate="0.0" branch-rate="0.0">
							<lines>
								<line hits="0" number="43" branch="false"/>
							</lines>
						</method>
						<method name="_ZN6aff3ct6module11IncrementerIiED2Ev" signature="" line-rate="0.0" branch-rate="0.0">
							<lines>
								<line hits="0" number="43" branch="false"/>
							</lines>
						</method>
						<method name="_ZN6aff3ct6module11IncrementerIdED2Ev" signature="" line-rate="0.0" branch-rate="0.0">
							<lines>
								<line hits="0" number="43" branch="false"/>
							</lines>
						</method>
						<method name="_ZN6aff3ct6module11IncrementerIdED0Ev" signature="" line-rate="0.0" branch-rate="0.0">
							<lines>
								<line hits="0" number="43" branch="false"/>
							</lines>
						</method>
						<method name="_ZN6aff3ct6module11IncrementerIsED2Ev" signature="" line-rate="0.0" branch-rate="0.0">
							<lines>
								<line hits="0" number="43" branch="false"/>
							</lines>
						</method>
						<method name="_ZN6aff3ct6module11IncrementerIlED2Ev" signature="" line-rate="0.0" branch-rate="0.0">
							<lines>
								<line hits="0" number="43" branch="false"/>
							</lines>
						</method>
						<method name="_ZN6aff3ct6module11IncrementerIfED0Ev" signature="" line-rate="0.0" branch-rate="0.0">
							<lines>
								<line hits="0" number="43" branch="false"/>
							</lines>
						</method>
						<method name="_ZN6aff3ct6module11IncrementerIsED0Ev" signature="" line-rate="0.0" branch-rate="0.0">
							<lines>
								<line hits="0" number="43" branch="false"/>
							</lines>
						</method>
						<method name="_ZN6aff3ct6module11IncrementerIjED2Ev" signature="" line-rate="0.0" branch-rate="0.0">
							<lines>
								<line hits="0" number="43" branch="false"/>
							</lines>
						</method>
						<method name="_ZN6aff3ct6module11IncrementerIaED0Ev" signature="" line-rate="0.0" branch-rate="0.0">
							<lines>
								<line hits="0" number="43" branch="false"/>
							</lines>
						</method>
						<method name="_ZN6aff3ct6module11IncrementerIhED2Ev" signature="" line-rate="1.0" branch-rate="1.0">
							<lines>
								<line hits="1463" number="43" branch="false"/>
							</lines>
						</method>
						<method name="_ZN6aff3ct6module11IncrementerIlED0Ev" signature="" line-rate="0.0" branch-rate="0.0">
							<lines>
								<line hits="0" number="43" branch="false"/>
							</lines>
						</method>
						<method name="_ZN6aff3ct6module11IncrementerIjED0Ev" signature="" line-rate="0.0" branch-rate="0.0">
							<lines>
								<line hits="0" number="43" branch="false"/>
							</lines>
						</method>
						<method name="_ZN6aff3ct6module11IncrementerImED2Ev" signature="" line-rate="0.0" branch-rate="0.0">
							<lines>
								<line hits="0" number="43" branch="false"/>
							</lines>
						</method>
						<method name="_ZN6aff3ct6module11IncrementerIfED2Ev" signature="" line-rate="0.0" branch-rate="0.0">
							<lines>
								<line hits="0" number="43" branch="false"/>
							</lines>
						</method>
						<method name="_ZN6aff3ct6module11IncrementerItED2Ev" signature="" line-rate="0.0" branch-rate="0.0">
							<lines>
								<line hits="0" number="43" branch="false"/>
							</lines>
						</method>
						<method name="_ZN6aff3ct6module11IncrementerImED0Ev" signature="" line-rate="0.0" branch-rate="0.0">
							<lines>
								<line hits="0" number="43" branch="false"/>
							</lines>
						</method>
					</methods>
					<lines>
						<line branch="false" hits="2926" number="43"/>
					</lines>
				</class>
				<class branch-rate="0.0" complexity="0" filename="include/Module/Incrementer/Incrementer.hxx" line-rate="0.0" name="include.Module.Incrementer.Incrementer.hxx">
					<methods>
						<method name="_ZN6aff3ct6module11IncrementerIhEixENS0_3inc3tskE" signature="" line-rate="0.0" branch-rate="0.0">
							<lines>
								<line hits="0" number="9" branch="false"/>
							</lines>
						</method>
						<method name="_ZN6aff3ct6module11IncrementerIlEixENS0_3inc3tskE" signature="" line-rate="0.0" branch-rate="0.0">
							<lines>
								<line hits="0" number="9" branch="false"/>
							</lines>
						</method>
						<method name="_ZN6aff3ct6module11IncrementerIiEixENS0_3inc3tskE" signature="" line-rate="0.0" branch-rate="0.0">
							<lines>
								<line hits="0" number="9" branch="false"/>
							</lines>
						</method>
						<method name="_ZN6aff3ct6module11IncrementerIjEixENS0_3inc3tskE" signature="" line-rate="0.0" branch-rate="0.0">
							<lines>
								<line hits="0" number="9" branch="false"/>
							</lines>
						</method>
						<method name="_ZN6aff3ct6module11IncrementerImEixENS0_3inc3tskE" signature="" line-rate="0.0" branch-rate="0.0">
							<lines>
								<line hits="0" number="9" branch="false"/>
							</lines>
						</method>
						<method name="_ZN6aff3ct6module11IncrementerIsEixENS0_3inc3tskE" signature="" line-rate="0.0" branch-rate="0.0">
							<lines>
								<line hits="0" number="9" branch="false"/>
							</lines>
						</method>
						<method name="_ZN6aff3ct6module11IncrementerItEixENS0_3inc3tskE" signature="" line-rate="0.0" branch-rate="0.0">
							<lines>
								<line hits="0" number="9" branch="false"/>
							</lines>
						</method>
						<method name="_ZN6aff3ct6module11IncrementerIaEixENS0_3inc3tskE" signature="" line-rate="0.0" branch-rate="0.0">
							<lines>
								<line hits="0" number="9" branch="false"/>
							</lines>
						</method>
						<method name="_ZN6aff3ct6module11IncrementerIfEixENS0_3inc3tskE" signature="" line-rate="0.0" branch-rate="0.0">
							<lines>
								<line hits="0" number="9" branch="false"/>
							</lines>
						</method>
						<method name="_ZN6aff3ct6module11IncrementerIdEixENS0_3inc3tskE" signature="" line-rate="0.0" branch-rate="0.0">
							<lines>
								<line hits="0" number="9" branch="false"/>
							</lines>
						</method>
						<method name="_ZN6aff3ct6module11IncrementerIaEixENS0_3inc3sck9incrementE" signature="" line-rate="0.0" branch-rate="0.0">
							<lines>
								<line hits="0" number="16" branch="false"/>
							</lines>
						</method>
						<method name="_ZN6aff3ct6module11IncrementerImEixENS0_3inc3sck9incrementE" signature="" line-rate="0.0" branch-rate="0.0">
							<lines>
								<line hits="0" number="16" branch="false"/>
							</lines>
						</method>
						<method name="_ZN6aff3ct6module11IncrementerItEixENS0_3inc3sck9incrementE" signature="" line-rate="0.0" branch-rate="0.0">
							<lines>
								<line hits="0" number="16" branch="false"/>
							</lines>
						</method>
						<method name="_ZN6aff3ct6module11IncrementerIdEixENS0_3inc3sck9incrementE" signature="" line-rate="0.0" branch-rate="0.0">
							<lines>
								<line hits="0" number="16" branch="false"/>
							</lines>
						</method>
						<method name="_ZN6aff3ct6module11IncrementerIhEixENS0_3inc3sck9incrementE" signature="" line-rate="0.0" branch-rate="0.0">
							<lines>
								<line hits="0" number="16" branch="false"/>
							</lines>
						</method>
						<method name="_ZN6aff3ct6module11IncrementerIiEixENS0_3inc3sck9incrementE" signature="" line-rate="0.0" branch-rate="0.0">
							<lines>
								<line hits="0" number="16" branch="false"/>
							</lines>
						</method>
						<method name="_ZN6aff3ct6module11IncrementerIlEixENS0_3inc3sck9incrementE" signature="" line-rate="0.0" branch-rate="0.0">
							<lines>
								<line hits="0" number="16" branch="false"/>
							</lines>
						</method>
						<method name="_ZN6aff3ct6module11IncrementerIfEixENS0_3inc3sck9incrementE" signature="" line-rate="0.0" branch-rate="0.0">
							<lines>
								<line hits="0" number="16" branch="false"/>
							</lines>
						</method>
						<method name="_ZN6aff3ct6module11IncrementerIjEixENS0_3inc3sck9incrementE" signature="" line-rate="0.0" branch-rate="0.0">
							<lines>
								<line hits="0" number="16" branch="false"/>
							</lines>
						</method>
						<method name="_ZN6aff3ct6module11IncrementerIsEixENS0_3inc3sck9incrementE" signature="" line-rate="0.0" branch-rate="0.0">
							<lines>
								<line hits="0" number="16" branch="false"/>
							</lines>
						</method>
						<method name="_ZN6aff3ct6module11IncrementerIaEixENS0_3inc3sck10incrementfE" signature="" line-rate="0.0" branch-rate="0.0">
							<lines>
								<line hits="0" number="23" branch="false"/>
							</lines>
						</method>
						<method name="_ZN6aff3ct6module11IncrementerImEixENS0_3inc3sck10incrementfE" signature="" line-rate="0.0" branch-rate="0.0">
							<lines>
								<line hits="0" number="23" branch="false"/>
							</lines>
						</method>
						<method name="_ZN6aff3ct6module11IncrementerItEixENS0_3inc3sck10incrementfE" signature="" line-rate="0.0" branch-rate="0.0">
							<lines>
								<line hits="0" number="23" branch="false"/>
							</lines>
						</method>
						<method name="_ZN6aff3ct6module11IncrementerIiEixENS0_3inc3sck10incrementfE" signature="" line-rate="0.0" branch-rate="0.0">
							<lines>
								<line hits="0" number="23" branch="false"/>
							</lines>
						</method>
						<method name="_ZN6aff3ct6module11IncrementerIsEixENS0_3inc3sck10incrementfE" signature="" line-rate="0.0" branch-rate="0.0">
							<lines>
								<line hits="0" number="23" branch="false"/>
							</lines>
						</method>
						<method name="_ZN6aff3ct6module11IncrementerIjEixENS0_3inc3sck10incrementfE" signature="" line-rate="0.0" branch-rate="0.0">
							<lines>
								<line hits="0" number="23" branch="false"/>
							</lines>
						</method>
						<method name="_ZN6aff3ct6module11IncrementerIlEixENS0_3inc3sck10incrementfE" signature="" line-rate="0.0" branch-rate="0.0">
							<lines>
								<line hits="0" number="23" branch="false"/>
							</lines>
						</method>
						<method name="_ZN6aff3ct6module11IncrementerIdEixENS0_3inc3sck10incrementfE" signature="" line-rate="0.0" branch-rate="0.0">
							<lines>
								<line hits="0" number="23" branch="false"/>
							</lines>
						</method>
						<method name="_ZN6aff3ct6module11IncrementerIfEixENS0_3inc3sck10incrementfE" signature="" line-rate="0.0" branch-rate="0.0">
							<lines>
								<line hits="0" number="23" branch="false"/>
							</lines>
						</method>
						<method name="_ZN6aff3ct6module11IncrementerIhEixENS0_3inc3sck10incrementfE" signature="" line-rate="0.0" branch-rate="0.0">
							<lines>
								<line hits="0" number="23" branch="false"/>
							</lines>
						</method>
						<method name="_ZN6aff3ct6module11IncrementerIjEixERKNSt7__cxx1112basic_stringIcSt11char_traitsIcESaIcEEE" signature="" line-rate="0.0" branch-rate="0.0">
							<lines>
								<line hits="0" number="30" branch="false"/>
							</lines>
						</method>
						<method name="_ZN6aff3ct6module11IncrementerIaEixERKNSt7__cxx1112basic_stringIcSt11char_traitsIcESaIcEEE" signature="" line-rate="0.0" branch-rate="0.0">
							<lines>
								<line hits="0" number="30" branch="false"/>
							</lines>
						</method>
						<method name="_ZN6aff3ct6module11IncrementerIdEixERKNSt7__cxx1112basic_stringIcSt11char_traitsIcESaIcEEE" signature="" line-rate="0.0" branch-rate="0.0">
							<lines>
								<line hits="0" number="30" branch="false"/>
							</lines>
						</method>
						<method name="_ZN6aff3ct6module11IncrementerIsEixERKNSt7__cxx1112basic_stringIcSt11char_traitsIcESaIcEEE" signature="" line-rate="0.0" branch-rate="0.0">
							<lines>
								<line hits="0" number="30" branch="false"/>
							</lines>
						</method>
						<method name="_ZN6aff3ct6module11IncrementerIfEixERKNSt7__cxx1112basic_stringIcSt11char_traitsIcESaIcEEE" signature="" line-rate="0.0" branch-rate="0.0">
							<lines>
								<line hits="0" number="30" branch="false"/>
							</lines>
						</method>
						<method name="_ZN6aff3ct6module11IncrementerIlEixERKNSt7__cxx1112basic_stringIcSt11char_traitsIcESaIcEEE" signature="" line-rate="0.0" branch-rate="0.0">
							<lines>
								<line hits="0" number="30" branch="false"/>
							</lines>
						</method>
						<method name="_ZN6aff3ct6module11IncrementerImEixERKNSt7__cxx1112basic_stringIcSt11char_traitsIcESaIcEEE" signature="" line-rate="0.0" branch-rate="0.0">
							<lines>
								<line hits="0" number="30" branch="false"/>
							</lines>
						</method>
						<method name="_ZN6aff3ct6module11IncrementerIhEixERKNSt7__cxx1112basic_stringIcSt11char_traitsIcESaIcEEE" signature="" line-rate="0.0" branch-rate="0.0">
							<lines>
								<line hits="0" number="30" branch="false"/>
							</lines>
						</method>
						<method name="_ZN6aff3ct6module11IncrementerItEixERKNSt7__cxx1112basic_stringIcSt11char_traitsIcESaIcEEE" signature="" line-rate="0.0" branch-rate="0.0">
							<lines>
								<line hits="0" number="30" branch="false"/>
							</lines>
						</method>
						<method name="_ZN6aff3ct6module11IncrementerIiEixERKNSt7__cxx1112basic_stringIcSt11char_traitsIcESaIcEEE" signature="" line-rate="0.0" branch-rate="0.0">
							<lines>
								<line hits="0" number="30" branch="false"/>
							</lines>
						</method>
					</methods>
					<lines>
						<line branch="false" hits="0" number="9"/>
						<line branch="false" hits="0" number="12"/>
						<line branch="false" hits="0" number="16"/>
						<line branch="false" hits="0" number="19"/>
						<line branch="false" hits="0" number="23"/>
						<line branch="false" hits="0" number="26"/>
						<line branch="false" hits="0" number="30"/>
						<line branch="false" hits="0" number="33"/>
					</lines>
				</class>
			</classes>
		</package>
		<package line-rate="0.0" branch-rate="0.0" name="include.Module.Initializer" complexity="0">
			<classes>
				<class branch-rate="0.0" complexity="0" filename="include/Module/Initializer/Initializer.hpp" line-rate="0.0" name="include.Module.Initializer.Initializer.hpp">
					<methods>
						<method name="_ZN6aff3ct6module11InitializerIaED0Ev" signature="" line-rate="0.0" branch-rate="0.0">
							<lines>
								<line hits="0" number="39" branch="false"/>
							</lines>
						</method>
						<method name="_ZN6aff3ct6module11InitializerItED2Ev" signature="" line-rate="0.0" branch-rate="0.0">
							<lines>
								<line hits="0" number="39" branch="false"/>
							</lines>
						</method>
						<method name="_ZN6aff3ct6module11InitializerIaED2Ev" signature="" line-rate="0.0" branch-rate="0.0">
							<lines>
								<line hits="0" number="39" branch="false"/>
							</lines>
						</method>
						<method name="_ZN6aff3ct6module11InitializerIsED0Ev" signature="" line-rate="0.0" branch-rate="0.0">
							<lines>
								<line hits="0" number="39" branch="false"/>
							</lines>
						</method>
						<method name="_ZN6aff3ct6module11InitializerIdED0Ev" signature="" line-rate="0.0" branch-rate="0.0">
							<lines>
								<line hits="0" number="39" branch="false"/>
							</lines>
						</method>
						<method name="_ZN6aff3ct6module11InitializerIhED2Ev" signature="" line-rate="0.0" branch-rate="0.0">
							<lines>
								<line hits="0" number="39" branch="false"/>
							</lines>
						</method>
						<method name="_ZN6aff3ct6module11InitializerIhED0Ev" signature="" line-rate="0.0" branch-rate="0.0">
							<lines>
								<line hits="0" number="39" branch="false"/>
							</lines>
						</method>
						<method name="_ZN6aff3ct6module11InitializerIiED0Ev" signature="" line-rate="0.0" branch-rate="0.0">
							<lines>
								<line hits="0" number="39" branch="false"/>
							</lines>
						</method>
						<method name="_ZN6aff3ct6module11InitializerIfED0Ev" signature="" line-rate="0.0" branch-rate="0.0">
							<lines>
								<line hits="0" number="39" branch="false"/>
							</lines>
						</method>
						<method name="_ZN6aff3ct6module11InitializerImED2Ev" signature="" line-rate="0.0" branch-rate="0.0">
							<lines>
								<line hits="0" number="39" branch="false"/>
							</lines>
						</method>
						<method name="_ZN6aff3ct6module11InitializerIlED0Ev" signature="" line-rate="0.0" branch-rate="0.0">
							<lines>
								<line hits="0" number="39" branch="false"/>
							</lines>
						</method>
						<method name="_ZN6aff3ct6module11InitializerImED0Ev" signature="" line-rate="0.0" branch-rate="0.0">
							<lines>
								<line hits="0" number="39" branch="false"/>
							</lines>
						</method>
						<method name="_ZN6aff3ct6module11InitializerIiED2Ev" signature="" line-rate="0.0" branch-rate="0.0">
							<lines>
								<line hits="0" number="39" branch="false"/>
							</lines>
						</method>
						<method name="_ZN6aff3ct6module11InitializerIlED2Ev" signature="" line-rate="0.0" branch-rate="0.0">
							<lines>
								<line hits="0" number="39" branch="false"/>
							</lines>
						</method>
						<method name="_ZN6aff3ct6module11InitializerIsED2Ev" signature="" line-rate="0.0" branch-rate="0.0">
							<lines>
								<line hits="0" number="39" branch="false"/>
							</lines>
						</method>
						<method name="_ZN6aff3ct6module11InitializerIjED0Ev" signature="" line-rate="0.0" branch-rate="0.0">
							<lines>
								<line hits="0" number="39" branch="false"/>
							</lines>
						</method>
						<method name="_ZN6aff3ct6module11InitializerItED0Ev" signature="" line-rate="0.0" branch-rate="0.0">
							<lines>
								<line hits="0" number="39" branch="false"/>
							</lines>
						</method>
						<method name="_ZN6aff3ct6module11InitializerIjED2Ev" signature="" line-rate="0.0" branch-rate="0.0">
							<lines>
								<line hits="0" number="39" branch="false"/>
							</lines>
						</method>
						<method name="_ZN6aff3ct6module11InitializerIfED2Ev" signature="" line-rate="0.0" branch-rate="0.0">
							<lines>
								<line hits="0" number="39" branch="false"/>
							</lines>
						</method>
						<method name="_ZN6aff3ct6module11InitializerIdED2Ev" signature="" line-rate="0.0" branch-rate="0.0">
							<lines>
								<line hits="0" number="39" branch="false"/>
							</lines>
						</method>
					</methods>
					<lines>
						<line branch="false" hits="0" number="39"/>
					</lines>
				</class>
				<class branch-rate="0.0" complexity="0" filename="include/Module/Initializer/Initializer.hxx" line-rate="0.0" name="include.Module.Initializer.Initializer.hxx">
					<methods>
						<method name="_ZN6aff3ct6module11InitializerIlEixENS0_3ini3tskE" signature="" line-rate="0.0" branch-rate="0.0">
							<lines>
								<line hits="0" number="14" branch="false"/>
							</lines>
						</method>
						<method name="_ZN6aff3ct6module11InitializerIhEixENS0_3ini3tskE" signature="" line-rate="0.0" branch-rate="0.0">
							<lines>
								<line hits="0" number="14" branch="false"/>
							</lines>
						</method>
						<method name="_ZN6aff3ct6module11InitializerIsEixENS0_3ini3tskE" signature="" line-rate="0.0" branch-rate="0.0">
							<lines>
								<line hits="0" number="14" branch="false"/>
							</lines>
						</method>
						<method name="_ZN6aff3ct6module11InitializerImEixENS0_3ini3tskE" signature="" line-rate="0.0" branch-rate="0.0">
							<lines>
								<line hits="0" number="14" branch="false"/>
							</lines>
						</method>
						<method name="_ZN6aff3ct6module11InitializerIiEixENS0_3ini3tskE" signature="" line-rate="0.0" branch-rate="0.0">
							<lines>
								<line hits="0" number="14" branch="false"/>
							</lines>
						</method>
						<method name="_ZN6aff3ct6module11InitializerIaEixENS0_3ini3tskE" signature="" line-rate="0.0" branch-rate="0.0">
							<lines>
								<line hits="0" number="14" branch="false"/>
							</lines>
						</method>
						<method name="_ZN6aff3ct6module11InitializerIfEixENS0_3ini3tskE" signature="" line-rate="0.0" branch-rate="0.0">
							<lines>
								<line hits="0" number="14" branch="false"/>
							</lines>
						</method>
						<method name="_ZN6aff3ct6module11InitializerItEixENS0_3ini3tskE" signature="" line-rate="0.0" branch-rate="0.0">
							<lines>
								<line hits="0" number="14" branch="false"/>
							</lines>
						</method>
						<method name="_ZN6aff3ct6module11InitializerIdEixENS0_3ini3tskE" signature="" line-rate="0.0" branch-rate="0.0">
							<lines>
								<line hits="0" number="14" branch="false"/>
							</lines>
						</method>
						<method name="_ZN6aff3ct6module11InitializerIjEixENS0_3ini3tskE" signature="" line-rate="0.0" branch-rate="0.0">
							<lines>
								<line hits="0" number="14" branch="false"/>
							</lines>
						</method>
						<method name="_ZN6aff3ct6module11InitializerIlEixENS0_3ini3sck10initializeE" signature="" line-rate="0.0" branch-rate="0.0">
							<lines>
								<line hits="0" number="21" branch="false"/>
							</lines>
						</method>
						<method name="_ZN6aff3ct6module11InitializerIsEixENS0_3ini3sck10initializeE" signature="" line-rate="0.0" branch-rate="0.0">
							<lines>
								<line hits="0" number="21" branch="false"/>
							</lines>
						</method>
						<method name="_ZN6aff3ct6module11InitializerImEixENS0_3ini3sck10initializeE" signature="" line-rate="0.0" branch-rate="0.0">
							<lines>
								<line hits="0" number="21" branch="false"/>
							</lines>
						</method>
						<method name="_ZN6aff3ct6module11InitializerItEixENS0_3ini3sck10initializeE" signature="" line-rate="0.0" branch-rate="0.0">
							<lines>
								<line hits="0" number="21" branch="false"/>
							</lines>
						</method>
						<method name="_ZN6aff3ct6module11InitializerIhEixENS0_3ini3sck10initializeE" signature="" line-rate="0.0" branch-rate="0.0">
							<lines>
								<line hits="0" number="21" branch="false"/>
							</lines>
						</method>
						<method name="_ZN6aff3ct6module11InitializerIjEixENS0_3ini3sck10initializeE" signature="" line-rate="0.0" branch-rate="0.0">
							<lines>
								<line hits="0" number="21" branch="false"/>
							</lines>
						</method>
						<method name="_ZN6aff3ct6module11InitializerIdEixENS0_3ini3sck10initializeE" signature="" line-rate="0.0" branch-rate="0.0">
							<lines>
								<line hits="0" number="21" branch="false"/>
							</lines>
						</method>
						<method name="_ZN6aff3ct6module11InitializerIfEixENS0_3ini3sck10initializeE" signature="" line-rate="0.0" branch-rate="0.0">
							<lines>
								<line hits="0" number="21" branch="false"/>
							</lines>
						</method>
						<method name="_ZN6aff3ct6module11InitializerIiEixENS0_3ini3sck10initializeE" signature="" line-rate="0.0" branch-rate="0.0">
							<lines>
								<line hits="0" number="21" branch="false"/>
							</lines>
						</method>
						<method name="_ZN6aff3ct6module11InitializerIaEixENS0_3ini3sck10initializeE" signature="" line-rate="0.0" branch-rate="0.0">
							<lines>
								<line hits="0" number="21" branch="false"/>
							</lines>
						</method>
						<method name="_ZN6aff3ct6module11InitializerIsEixERKNSt7__cxx1112basic_stringIcSt11char_traitsIcESaIcEEE" signature="" line-rate="0.0" branch-rate="0.0">
							<lines>
								<line hits="0" number="29" branch="false"/>
							</lines>
						</method>
						<method name="_ZN6aff3ct6module11InitializerIjEixERKNSt7__cxx1112basic_stringIcSt11char_traitsIcESaIcEEE" signature="" line-rate="0.0" branch-rate="0.0">
							<lines>
								<line hits="0" number="29" branch="false"/>
							</lines>
						</method>
						<method name="_ZN6aff3ct6module11InitializerIiEixERKNSt7__cxx1112basic_stringIcSt11char_traitsIcESaIcEEE" signature="" line-rate="0.0" branch-rate="0.0">
							<lines>
								<line hits="0" number="29" branch="false"/>
							</lines>
						</method>
						<method name="_ZN6aff3ct6module11InitializerIhEixERKNSt7__cxx1112basic_stringIcSt11char_traitsIcESaIcEEE" signature="" line-rate="0.0" branch-rate="0.0">
							<lines>
								<line hits="0" number="29" branch="false"/>
							</lines>
						</method>
						<method name="_ZN6aff3ct6module11InitializerIlEixERKNSt7__cxx1112basic_stringIcSt11char_traitsIcESaIcEEE" signature="" line-rate="0.0" branch-rate="0.0">
							<lines>
								<line hits="0" number="29" branch="false"/>
							</lines>
						</method>
						<method name="_ZN6aff3ct6module11InitializerImEixERKNSt7__cxx1112basic_stringIcSt11char_traitsIcESaIcEEE" signature="" line-rate="0.0" branch-rate="0.0">
							<lines>
								<line hits="0" number="29" branch="false"/>
							</lines>
						</method>
						<method name="_ZN6aff3ct6module11InitializerIfEixERKNSt7__cxx1112basic_stringIcSt11char_traitsIcESaIcEEE" signature="" line-rate="0.0" branch-rate="0.0">
							<lines>
								<line hits="0" number="29" branch="false"/>
							</lines>
						</method>
						<method name="_ZN6aff3ct6module11InitializerIaEixERKNSt7__cxx1112basic_stringIcSt11char_traitsIcESaIcEEE" signature="" line-rate="0.0" branch-rate="0.0">
							<lines>
								<line hits="0" number="29" branch="false"/>
							</lines>
						</method>
						<method name="_ZN6aff3ct6module11InitializerItEixERKNSt7__cxx1112basic_stringIcSt11char_traitsIcESaIcEEE" signature="" line-rate="0.0" branch-rate="0.0">
							<lines>
								<line hits="0" number="29" branch="false"/>
							</lines>
						</method>
						<method name="_ZN6aff3ct6module11InitializerIdEixERKNSt7__cxx1112basic_stringIcSt11char_traitsIcESaIcEEE" signature="" line-rate="0.0" branch-rate="0.0">
							<lines>
								<line hits="0" number="29" branch="false"/>
							</lines>
						</method>
					</methods>
					<lines>
						<line branch="false" hits="0" number="14"/>
						<line branch="false" hits="0" number="17"/>
						<line branch="false" hits="0" number="21"/>
						<line branch="false" hits="0" number="24"/>
						<line branch="false" hits="0" number="29"/>
						<line branch="false" hits="0" number="32"/>
					</lines>
				</class>
			</classes>
		</package>
		<package line-rate="0.0" branch-rate="0.0" name="include.Module.Iterator" complexity="0">
			<classes>
				<class branch-rate="0.0" complexity="0" filename="include/Module/Iterator/Iterator.hpp" line-rate="0.0" name="include.Module.Iterator.Iterator.hpp">
					<methods>
						<method name="_ZN6aff3ct6module8IteratorD2Ev" signature="" line-rate="0.0" branch-rate="0.0">
							<lines>
								<line hits="0" number="40" branch="false"/>
							</lines>
						</method>
						<method name="_ZN6aff3ct6module8IteratorD0Ev" signature="" line-rate="0.0" branch-rate="0.0">
							<lines>
								<line hits="0" number="40" branch="false"/>
							</lines>
						</method>
					</methods>
					<lines>
						<line branch="false" hits="0" number="40"/>
					</lines>
				</class>
				<class branch-rate="0.0" complexity="0" filename="include/Module/Iterator/Iterator.hxx" line-rate="0.0" name="include.Module.Iterator.Iterator.hxx">
					<methods>
						<method name="_ZN6aff3ct6module8IteratorixENS0_3ite3tskE" signature="" line-rate="0.0" branch-rate="0.0">
							<lines>
								<line hits="0" number="13" branch="false"/>
							</lines>
						</method>
						<method name="_ZN6aff3ct6module8IteratorixENS0_3ite3sck7iterateE" signature="" line-rate="0.0" branch-rate="0.0">
							<lines>
								<line hits="0" number="19" branch="false"/>
							</lines>
						</method>
					</methods>
					<lines>
						<line branch="false" hits="0" number="13"/>
						<line branch="false" hits="0" number="16"/>
						<line branch="false" hits="0" number="19"/>
						<line branch="false" hits="0" number="22"/>
					</lines>
				</class>
			</classes>
		</package>
		<package line-rate="0.3673469387755102" branch-rate="0.0" name="include.Module" complexity="0">
			<classes>
				<class branch-rate="0.0" complexity="0" filename="include/Module/Module.hpp" line-rate="0.0" name="include.Module.Module.hpp">
					<methods>
						<method name="_ZN6aff3ct6module6ModuleD2Ev" signature="" line-rate="0.0" branch-rate="0.0">
							<lines>
								<line hits="0" number="53" branch="false"/>
							</lines>
						</method>
						<method name="_ZN6aff3ct6module6ModuleD0Ev" signature="" line-rate="0.0" branch-rate="0.0">
							<lines>
								<line hits="0" number="53" branch="false"/>
							</lines>
						</method>
					</methods>
					<lines>
						<line branch="false" hits="0" number="53"/>
					</lines>
				</class>
				<class branch-rate="0.0" complexity="0" filename="include/Module/Module.hxx" line-rate="0.375" name="include.Module.Module.hxx">
					<methods>
						<method name="_ZN6aff3ct6module6ModuleixEm" signature="" line-rate="0.0" branch-rate="0.0">
							<lines>
								<line hits="0" number="12" branch="false"/>
							</lines>
						</method>
						<method name="_ZNK6aff3ct6module6ModuleixEm" signature="" line-rate="1.0" branch-rate="1.0">
							<lines>
								<line hits="190" number="21" branch="false"/>
							</lines>
						</method>
						<method name="_ZN6aff3ct6module6ModuleixERKNSt7__cxx1112basic_stringIcSt11char_traitsIcESaIcEEE" signature="" line-rate="0.0" branch-rate="0.0">
							<lines>
								<line hits="0" number="30" branch="false"/>
							</lines>
						</method>
						<method name="_ZZN6aff3ct6module6ModuleixERKNSt7__cxx1112basic_stringIcSt11char_traitsIcESaIcEEEENKUlSt10shared_ptrINS_7runtime6SocketEEE_clESD_" signature="" line-rate="0.0" branch-rate="0.0">
							<lines>
								<line hits="0" number="47" branch="false"/>
							</lines>
						</method>
						<method name="_ZN6aff3ct6module6ModuleclERKNSt7__cxx1112basic_stringIcSt11char_traitsIcESaIcEEE" signature="" line-rate="0.0" branch-rate="0.0">
							<lines>
								<line hits="0" number="59" branch="false"/>
							</lines>
						</method>
						<method name="_ZZN6aff3ct6module6ModuleclERKNSt7__cxx1112basic_stringIcSt11char_traitsIcESaIcEEEENKUlSt10shared_ptrINS_7runtime4TaskEEE_clESD_" signature="" line-rate="0.0" branch-rate="0.0">
							<lines>
								<line hits="0" number="63" branch="false"/>
							</lines>
						</method>
						<method name="_ZN6aff3ct6module6Module16create_socket_inIjEEmRNS_7runtime4TaskERKNSt7__cxx1112basic_stringIcSt11char_traitsIcESaIcEEEm" signature="" line-rate="1.0" branch-rate="1.0">
							<lines>
								<line hits="29" number="76" branch="false"/>
							</lines>
						</method>
						<method name="_ZN6aff3ct6module6Module16create_socket_inIiEEmRNS_7runtime4TaskERKNSt7__cxx1112basic_stringIcSt11char_traitsIcESaIcEEEm" signature="" line-rate="0.0" branch-rate="0.0">
							<lines>
								<line hits="0" number="76" branch="false"/>
							</lines>
						</method>
						<method name="_ZN6aff3ct6module6Module16create_socket_inIsEEmRNS_7runtime4TaskERKNSt7__cxx1112basic_stringIcSt11char_traitsIcESaIcEEEm" signature="" line-rate="0.0" branch-rate="0.0">
							<lines>
								<line hits="0" number="76" branch="false"/>
							</lines>
						</method>
						<method name="_ZN6aff3ct6module6Module16create_socket_inIhEEmRNS_7runtime4TaskERKNSt7__cxx1112basic_stringIcSt11char_traitsIcESaIcEEEm" signature="" line-rate="1.0" branch-rate="1.0">
							<lines>
								<line hits="707" number="76" branch="false"/>
							</lines>
						</method>
						<method name="_ZN6aff3ct6module6Module16create_socket_inIaEEmRNS_7runtime4TaskERKNSt7__cxx1112basic_stringIcSt11char_traitsIcESaIcEEEm" signature="" line-rate="0.0" branch-rate="0.0">
							<lines>
								<line hits="0" number="76" branch="false"/>
							</lines>
						</method>
						<method name="_ZN6aff3ct6module6Module16create_socket_inIfEEmRNS_7runtime4TaskERKNSt7__cxx1112basic_stringIcSt11char_traitsIcESaIcEEEm" signature="" line-rate="0.0" branch-rate="0.0">
							<lines>
								<line hits="0" number="76" branch="false"/>
							</lines>
						</method>
						<method name="_ZN6aff3ct6module6Module16create_socket_inIlEEmRNS_7runtime4TaskERKNSt7__cxx1112basic_stringIcSt11char_traitsIcESaIcEEEm" signature="" line-rate="0.0" branch-rate="0.0">
							<lines>
								<line hits="0" number="76" branch="false"/>
							</lines>
						</method>
						<method name="_ZN6aff3ct6module6Module16create_socket_inImEEmRNS_7runtime4TaskERKNSt7__cxx1112basic_stringIcSt11char_traitsIcESaIcEEEm" signature="" line-rate="0.0" branch-rate="0.0">
							<lines>
								<line hits="0" number="76" branch="false"/>
							</lines>
						</method>
						<method name="_ZN6aff3ct6module6Module16create_socket_inIdEEmRNS_7runtime4TaskERKNSt7__cxx1112basic_stringIcSt11char_traitsIcESaIcEEEm" signature="" line-rate="0.0" branch-rate="0.0">
							<lines>
								<line hits="0" number="76" branch="false"/>
							</lines>
						</method>
						<method name="_ZN6aff3ct6module6Module16create_socket_inItEEmRNS_7runtime4TaskERKNSt7__cxx1112basic_stringIcSt11char_traitsIcESaIcEEEm" signature="" line-rate="0.0" branch-rate="0.0">
							<lines>
								<line hits="0" number="76" branch="false"/>
							</lines>
						</method>
						<method name="_ZN6aff3ct6module6Module17create_socket_outIaEEmRNS_7runtime4TaskERKNSt7__cxx1112basic_stringIcSt11char_traitsIcESaIcEEEm" signature="" line-rate="0.0" branch-rate="0.0">
							<lines>
								<line hits="0" number="90" branch="false"/>
							</lines>
						</method>
						<method name="_ZN6aff3ct6module6Module17create_socket_outIsEEmRNS_7runtime4TaskERKNSt7__cxx1112basic_stringIcSt11char_traitsIcESaIcEEEm" signature="" line-rate="0.0" branch-rate="0.0">
							<lines>
								<line hits="0" number="90" branch="false"/>
							</lines>
						</method>
						<method name="_ZN6aff3ct6module6Module17create_socket_outItEEmRNS_7runtime4TaskERKNSt7__cxx1112basic_stringIcSt11char_traitsIcESaIcEEEm" signature="" line-rate="0.0" branch-rate="0.0">
							<lines>
								<line hits="0" number="90" branch="false"/>
							</lines>
						</method>
						<method name="_ZN6aff3ct6module6Module17create_socket_outIfEEmRNS_7runtime4TaskERKNSt7__cxx1112basic_stringIcSt11char_traitsIcESaIcEEEm" signature="" line-rate="0.0" branch-rate="0.0">
							<lines>
								<line hits="0" number="90" branch="false"/>
							</lines>
						</method>
						<method name="_ZN6aff3ct6module6Module17create_socket_outImEEmRNS_7runtime4TaskERKNSt7__cxx1112basic_stringIcSt11char_traitsIcESaIcEEEm" signature="" line-rate="0.0" branch-rate="0.0">
							<lines>
								<line hits="0" number="90" branch="false"/>
							</lines>
						</method>
						<method name="_ZN6aff3ct6module6Module17create_socket_outIhEEmRNS_7runtime4TaskERKNSt7__cxx1112basic_stringIcSt11char_traitsIcESaIcEEEm" signature="" line-rate="1.0" branch-rate="1.0">
							<lines>
								<line hits="674" number="90" branch="false"/>
							</lines>
						</method>
						<method name="_ZN6aff3ct6module6Module17create_socket_outIiEEmRNS_7runtime4TaskERKNSt7__cxx1112basic_stringIcSt11char_traitsIcESaIcEEEm" signature="" line-rate="0.0" branch-rate="0.0">
							<lines>
								<line hits="0" number="90" branch="false"/>
							</lines>
						</method>
						<method name="_ZN6aff3ct6module6Module17create_socket_outIdEEmRNS_7runtime4TaskERKNSt7__cxx1112basic_stringIcSt11char_traitsIcESaIcEEEm" signature="" line-rate="0.0" branch-rate="0.0">
							<lines>
								<line hits="0" number="90" branch="false"/>
							</lines>
						</method>
						<method name="_ZN6aff3ct6module6Module17create_socket_outIjEEmRNS_7runtime4TaskERKNSt7__cxx1112basic_stringIcSt11char_traitsIcESaIcEEEm" signature="" line-rate="1.0" branch-rate="1.0">
							<lines>
								<line hits="29" number="90" branch="false"/>
							</lines>
						</method>
						<method name="_ZN6aff3ct6module6Module17create_socket_outIlEEmRNS_7runtime4TaskERKNSt7__cxx1112basic_stringIcSt11char_traitsIcESaIcEEEm" signature="" line-rate="0.0" branch-rate="0.0">
							<lines>
								<line hits="0" number="90" branch="false"/>
							</lines>
						</method>
						<method name="_ZN6aff3ct6module6Module17create_socket_fwdIjEEmRNS_7runtime4TaskERKNSt7__cxx1112basic_stringIcSt11char_traitsIcESaIcEEEm" signature="" line-rate="0.0" branch-rate="0.0">
							<lines>
								<line hits="0" number="104" branch="false"/>
							</lines>
						</method>
						<method name="_ZN6aff3ct6module6Module17create_socket_fwdIaEEmRNS_7runtime4TaskERKNSt7__cxx1112basic_stringIcSt11char_traitsIcESaIcEEEm" signature="" line-rate="0.0" branch-rate="0.0">
[...]
						<line branch="false" hits="0" number="222"/>
						<line branch="false" hits="0" number="223"/>
						<line branch="false" hits="0" number="224"/>
						<line branch="false" hits="0" number="225"/>
						<line branch="false" hits="0" number="226"/>
						<line branch="false" hits="0" number="227"/>
						<line branch="false" hits="0" number="230"/>
						<line branch="false" hits="0" number="239"/>
						<line branch="false" hits="0" number="240"/>
						<line branch="false" hits="0" number="241"/>
						<line branch="false" hits="0" number="242"/>
						<line branch="false" hits="0" number="243"/>
						<line branch="false" hits="0" number="244"/>
						<line branch="false" hits="0" number="245"/>
						<line branch="false" hits="0" number="246"/>
						<line branch="false" hits="0" number="247"/>
						<line branch="false" hits="0" number="248"/>
						<line branch="false" hits="0" number="249"/>
						<line branch="false" hits="0" number="250"/>
						<line branch="false" hits="0" number="251"/>
						<line branch="false" hits="0" number="252"/>
						<line branch="false" hits="0" number="255"/>
						<line branch="false" hits="0" number="261"/>
						<line branch="false" hits="0" number="262"/>
						<line branch="false" hits="0" number="263"/>
						<line branch="false" hits="0" number="264"/>
						<line branch="false" hits="0" number="265"/>
						<line branch="false" hits="0" number="266"/>
						<line branch="false" hits="0" number="267"/>
						<line branch="false" hits="0" number="268"/>
						<line branch="false" hits="0" number="269"/>
						<line branch="false" hits="0" number="270"/>
						<line branch="false" hits="0" number="271"/>
						<line branch="false" hits="0" number="272"/>
						<line branch="false" hits="0" number="273"/>
						<line branch="false" hits="0" number="274"/>
						<line branch="false" hits="0" number="277"/>
						<line branch="false" hits="0" number="283"/>
						<line branch="false" hits="0" number="284"/>
						<line branch="false" hits="0" number="285"/>
						<line branch="false" hits="0" number="286"/>
						<line branch="false" hits="0" number="287"/>
						<line branch="false" hits="0" number="288"/>
						<line branch="false" hits="0" number="289"/>
						<line branch="false" hits="0" number="290"/>
						<line branch="false" hits="0" number="291"/>
						<line branch="false" hits="0" number="292"/>
						<line branch="false" hits="0" number="293"/>
						<line branch="false" hits="0" number="294"/>
						<line branch="false" hits="0" number="295"/>
						<line branch="false" hits="0" number="296"/>
						<line branch="false" hits="0" number="299"/>
						<line branch="false" hits="0" number="305"/>
						<line branch="false" hits="0" number="306"/>
						<line branch="false" hits="0" number="307"/>
						<line branch="false" hits="0" number="308"/>
						<line branch="false" hits="0" number="309"/>
						<line branch="false" hits="0" number="310"/>
						<line branch="false" hits="0" number="311"/>
						<line branch="false" hits="0" number="312"/>
						<line branch="false" hits="0" number="313"/>
						<line branch="false" hits="0" number="314"/>
						<line branch="false" hits="0" number="315"/>
						<line branch="false" hits="0" number="316"/>
						<line branch="false" hits="0" number="317"/>
						<line branch="false" hits="0" number="318"/>
						<line branch="false" hits="0" number="321"/>
						<line branch="false" hits="0" number="328"/>
						<line branch="false" hits="0" number="329"/>
						<line branch="false" hits="0" number="330"/>
						<line branch="false" hits="0" number="331"/>
						<line branch="false" hits="0" number="332"/>
						<line branch="false" hits="0" number="333"/>
						<line branch="false" hits="0" number="334"/>
						<line branch="false" hits="0" number="335"/>
						<line branch="false" hits="0" number="336"/>
						<line branch="false" hits="0" number="337"/>
						<line branch="false" hits="0" number="338"/>
						<line branch="false" hits="0" number="339"/>
						<line branch="false" hits="0" number="340"/>
						<line branch="false" hits="0" number="341"/>
						<line branch="false" hits="0" number="344"/>
						<line branch="false" hits="0" number="351"/>
						<line branch="false" hits="0" number="352"/>
						<line branch="false" hits="0" number="353"/>
						<line branch="false" hits="0" number="354"/>
						<line branch="false" hits="0" number="355"/>
						<line branch="false" hits="0" number="356"/>
						<line branch="false" hits="0" number="357"/>
						<line branch="false" hits="0" number="358"/>
						<line branch="false" hits="0" number="359"/>
						<line branch="false" hits="0" number="360"/>
						<line branch="false" hits="0" number="361"/>
						<line branch="false" hits="0" number="362"/>
						<line branch="false" hits="0" number="363"/>
						<line branch="false" hits="0" number="364"/>
					</lines>
				</class>
			</classes>
		</package>
		<package line-rate="0.0" branch-rate="0.0" name="src.Tools.Reporter" complexity="0">
			<classes>
				<class branch-rate="0.0" complexity="0" filename="src/Tools/Reporter/Reporter.cpp" line-rate="0.0" name="src.Tools.Reporter.Reporter.cpp">
					<methods>
						<method name="_ZN6aff3ct5tools8Reporter4initEv" signature="" line-rate="0.0" branch-rate="0.0">
							<lines>
								<line hits="0" number="6" branch="false"/>
							</lines>
						</method>
						<method name="_ZNK6aff3ct5tools8Reporter10get_groupsB5cxx11Ev" signature="" line-rate="0.0" branch-rate="0.0">
							<lines>
								<line hits="0" number="11" branch="false"/>
							</lines>
						</method>
						<method name="_ZN6aff3ct5tools8Reporter5resetEv" signature="" line-rate="0.0" branch-rate="0.0">
							<lines>
								<line hits="0" number="17" branch="false"/>
							</lines>
						</method>
					</methods>
					<lines>
						<line branch="false" hits="0" number="6"/>
						<line branch="false" hits="0" number="9"/>
						<line branch="false" hits="0" number="11"/>
						<line branch="false" hits="0" number="14"/>
						<line branch="false" hits="0" number="17"/>
						<line branch="false" hits="0" number="20"/>
					</lines>
				</class>
			</classes>
		</package>
		<package line-rate="0.9090909090909091" branch-rate="0.0" name="src.Tools.System" complexity="0">
			<classes>
				<class branch-rate="0.0" complexity="0" filename="src/Tools/System/memory.cpp" line-rate="0.9090909090909091" name="src.Tools.System.memory.cpp">
					<methods>
						<method name="_ZN6aff3ct5toolsL17mem_alloc_alignedEmm" signature="" line-rate="1.0" branch-rate="1.0">
							<lines>
								<line hits="11763" number="9" branch="false"/>
							</lines>
						</method>
						<method name="_ZN6aff3ct5tools9mem_allocEm" signature="" line-rate="1.0" branch-rate="1.0">
							<lines>
								<line hits="11763" number="33" branch="false"/>
							</lines>
						</method>
						<method name="_ZN6aff3ct5tools8mem_freeEPv" signature="" line-rate="1.0" branch-rate="1.0">
							<lines>
								<line hits="11763" number="42" branch="false"/>
							</lines>
						</method>
					</methods>
					<lines>
						<line branch="false" hits="11763" number="9"/>
						<line branch="false" hits="11763" number="11"/>
						<line branch="false" hits="11763" number="15"/>
						<line branch="false" hits="0" number="16"/>
						<line branch="false" hits="11763" number="30"/>
						<line branch="false" hits="11763" number="33"/>
						<line branch="false" hits="11763" number="35"/>
						<line branch="false" hits="11763" number="39"/>
						<line branch="false" hits="11763" number="42"/>
						<line branch="false" hits="11763" number="45"/>
						<line branch="false" hits="11763" number="53"/>
					</lines>
				</class>
			</classes>
		</package>
		<package line-rate="0.0" branch-rate="0.0" name="src.Tools.Thread_pinning" complexity="0">
			<classes>
				<class branch-rate="0.0" complexity="0" filename="src/Tools/Thread_pinning/Thread_pinning.cpp" line-rate="0.0" name="src.Tools.Thread_pinning.Thread_pinning.cpp">
					<methods>
						<method name="_ZN6aff3ct5tools14Thread_pinning4initEv" signature="" line-rate="0.0" branch-rate="0.0">
							<lines>
								<line hits="0" number="27" branch="false"/>
							</lines>
						</method>
						<method name="_ZN6aff3ct5tools14Thread_pinning7destroyEv" signature="" line-rate="0.0" branch-rate="0.0">
							<lines>
								<line hits="0" number="59" branch="false"/>
							</lines>
						</method>
						<method name="_ZN6aff3ct5tools14Thread_pinning8set_logsEb" signature="" line-rate="0.0" branch-rate="0.0">
							<lines>
								<line hits="0" number="79" branch="false"/>
							</lines>
						</method>
						<method name="_ZN6aff3ct5tools14Thread_pinning7is_logsEv" signature="" line-rate="0.0" branch-rate="0.0">
							<lines>
								<line hits="0" number="87" branch="false"/>
							</lines>
						</method>
						<method name="_ZN6aff3ct5tools14Thread_pinning3pinEm" signature="" line-rate="0.0" branch-rate="0.0">
							<lines>
								<line hits="0" number="93" branch="false"/>
							</lines>
						</method>
						<method name="_ZN6aff3ct5tools14Thread_pinning5unpinEv" signature="" line-rate="0.0" branch-rate="0.0">
							<lines>
								<line hits="0" number="158" branch="false"/>
							</lines>
						</method>
						<method name="_ZN6aff3ct5tools14Thread_pinning18get_cur_cpuset_strB5cxx11Ev" signature="" line-rate="0.0" branch-rate="0.0">
							<lines>
								<line hits="0" number="180" branch="false"/>
							</lines>
						</method>
					</methods>
					<lines>
						<line branch="false" hits="0" number="27"/>
						<line branch="false" hits="0" number="30"/>
						<line branch="false" hits="0" number="32"/>
						<line branch="false" hits="0" number="33"/>
						<line branch="false" hits="0" number="35"/>
						<line branch="false" hits="0" number="55"/>
						<line branch="false" hits="0" number="57"/>
						<line branch="false" hits="0" number="59"/>
						<line branch="false" hits="0" number="62"/>
						<line branch="false" hits="0" number="64"/>
						<line branch="false" hits="0" number="65"/>
						<line branch="false" hits="0" number="72"/>
						<line branch="false" hits="0" number="74"/>
						<line branch="false" hits="0" number="77"/>
						<line branch="false" hits="0" number="79"/>
						<line branch="false" hits="0" number="82"/>
						<line branch="false" hits="0" number="83"/>
						<line branch="false" hits="0" number="84"/>
						<line branch="false" hits="0" number="85"/>
						<line branch="false" hits="0" number="87"/>
						<line branch="false" hits="0" number="90"/>
						<line branch="false" hits="0" number="93"/>
						<line branch="false" hits="0" number="96"/>
						<line branch="false" hits="0" number="150"/>
						<line branch="false" hits="0" number="152"/>
						<line branch="false" hits="0" number="155"/>
						<line branch="false" hits="0" number="156"/>
						<line branch="false" hits="0" number="158"/>
						<line branch="false" hits="0" number="161"/>
						<line branch="false" hits="0" number="172"/>
						<line branch="false" hits="0" number="174"/>
						<line branch="false" hits="0" number="177"/>
						<line branch="false" hits="0" number="178"/>
						<line branch="false" hits="0" number="180"/>
						<line branch="false" hits="0" number="196"/>
						<line branch="false" hits="0" number="197"/>
						<line branch="false" hits="0" number="198"/>
					</lines>
				</class>
			</classes>
		</package>
		<package line-rate="0.36666666666666664" branch-rate="0.0" name="src.Tools" complexity="0">
			<classes>
				<class branch-rate="0.0" complexity="0" filename="src/Tools/compute_bytes.cpp" line-rate="0.5416666666666666" name="src.Tools.compute_bytes.cpp">
					<methods>
						<method name="_ZN6aff3ct5tools13compute_bytesEmSt10type_index" signature="" line-rate="1.0" branch-rate="1.0">
							<lines>
								<line hits="306" number="7" branch="false"/>
							</lines>
						</method>
						<method name="_ZN6aff3ct5tools13compute_bytesERKSt6vectorImSaImEERKS1_ISt10type_indexSaIS6_EE" signature="" line-rate="1.0" branch-rate="1.0">
							<lines>
								<line hits="119" number="27" branch="false"/>
							</lines>
						</method>
					</methods>
					<lines>
						<line branch="false" hits="306" number="7"/>
						<line branch="false" hits="306" number="9"/>
						<line branch="false" hits="303" number="10"/>
						<line branch="false" hits="68" number="11"/>
						<line branch="false" hits="68" number="12"/>
						<line branch="false" hits="68" number="13"/>
						<line branch="false" hits="58" number="14"/>
						<line branch="false" hits="0" number="15"/>
						<line branch="false" hits="0" number="16"/>
						<line branch="false" hits="0" number="17"/>
						<line branch="false" hits="0" number="18"/>
						<line branch="false" hits="0" number="21"/>
						<line branch="false" hits="0" number="22"/>
						<line branch="false" hits="0" number="23"/>
						<line branch="false" hits="119" number="27"/>
						<line branch="false" hits="119" number="30"/>
						<line branch="false" hits="0" number="32"/>
						<line branch="false" hits="0" number="33"/>
						<line branch="false" hits="0" number="34"/>
						<line branch="false" hits="0" number="35"/>
						<line branch="false" hits="119" number="38"/>
						<line branch="false" hits="327" number="39"/>
						<line branch="false" hits="208" number="40"/>
						<line branch="false" hits="119" number="41"/>
					</lines>
				</class>
				<class branch-rate="0.0" complexity="0" filename="src/Tools/system_functions.cpp" line-rate="0.3229166666666667" name="src.Tools.system_functions.cpp">
					<methods>
						<method name="_ZN6aff3ct5tools14get_back_traceB5cxx11Ei" signature="" line-rate="1.0" branch-rate="1.0">
							<lines>
								<line hits="3752" number="25" branch="false"/>
							</lines>
						</method>
						<method name="_ZN6aff3ct5tools18run_system_commandENSt7__cxx1112basic_stringIcSt11char_traitsIcESaIcEEE" signature="" line-rate="0.0" branch-rate="0.0">
							<lines>
								<line hits="0" number="91" branch="false"/>
							</lines>
						</method>
						<method name="_ZN6aff3ct5tools12addr_to_lineERKNSt7__cxx1112basic_stringIcSt11char_traitsIcESaIcEEE" signature="" line-rate="0.0" branch-rate="0.0">
							<lines>
								<line hits="0" number="125" branch="false"/>
							</lines>
						</method>
						<method name="_ZN6aff3ct5tools15get_binary_pathB5cxx11Ev" signature="" line-rate="0.0" branch-rate="0.0">
							<lines>
								<line hits="0" number="192" branch="false"/>
							</lines>
						</method>
						<method name="_ZN6aff3ct5tools10split_pathERKNSt7__cxx1112basic_stringIcSt11char_traitsIcESaIcEEERS6_S9_" signature="" line-rate="0.0" branch-rate="0.0">
							<lines>
								<line hits="0" number="241" branch="false"/>
							</lines>
						</method>
					</methods>
					<lines>
						<line branch="false" hits="3752" number="25"/>
						<line branch="false" hits="3752" number="27"/>
						<line branch="false" hits="3752" number="30"/>
						<line branch="false" hits="3752" number="33"/>
						<line branch="false" hits="3752" number="34"/>
						<line branch="false" hits="3752" number="37"/>
						<line branch="false" hits="65741" number="38"/>
						<line branch="false" hits="123978" number="40"/>
						<line branch="false" hits="61989" number="42"/>
						<line branch="false" hits="61989" number="43"/>
						<line branch="false" hits="61989" number="44"/>
						<line branch="false" hits="61989" number="45"/>
						<line branch="false" hits="61989" number="46"/>
						<line branch="false" hits="61989" number="48"/>
						<line branch="false" hits="61989" number="49"/>
						<line branch="false" hits="61989" number="50"/>
						<line branch="false" hits="61989" number="51"/>
						<line branch="false" hits="61989" number="52"/>
						<line branch="false" hits="123978" number="54"/>
						<line branch="false" hits="123978" number="55"/>
						<line branch="false" hits="123978" number="56"/>
						<line branch="false" hits="123978" number="57"/>
						<line branch="false" hits="123978" number="59"/>
						<line branch="false" hits="61989" number="62"/>
						<line branch="false" hits="61989" number="64"/>
						<line branch="false" hits="0" number="66"/>
						<line branch="false" hits="0" number="67"/>
						<line branch="false" hits="61989" number="71"/>
						<line branch="false" hits="61989" number="74"/>
						<line branch="false" hits="61989" number="76"/>
						<line branch="false" hits="61989" number="77"/>
						<line branch="false" hits="0" number="79"/>
						<line branch="false" hits="0" number="80"/>
						<line branch="false" hits="0" number="81"/>
						<line branch="false" hits="0" number="82"/>
						<line branch="false" hits="3752" number="85"/>
						<line branch="false" hits="7504" number="88"/>
						<line branch="false" hits="0" number="91"/>
						<line branch="false" hits="0" number="93"/>
						<line branch="false" hits="0" number="95"/>
						<line branch="false" hits="0" number="98"/>
						<line branch="false" hits="0" number="105"/>
						<line branch="false" hits="0" number="107"/>
						<line branch="false" hits="0" number="109"/>
						<line branch="false" hits="0" number="110"/>
						<line branch="false" hits="0" number="111"/>
						<line branch="false" hits="0" number="114"/>
						<line branch="false" hits="0" number="120"/>
						<line branch="false" hits="0" number="122"/>
						<line branch="false" hits="0" number="125"/>
						<line branch="false" hits="0" number="132"/>
						<line branch="false" hits="0" number="134"/>
						<line branch="false" hits="0" number="135"/>
						<line branch="false" hits="0" number="139"/>
						<line branch="false" hits="0" number="141"/>
						<line branch="false" hits="0" number="143"/>
						<line branch="false" hits="0" number="144"/>
						<line branch="false" hits="0" number="147"/>
						<line branch="false" hits="0" number="149"/>
						<line branch="false" hits="0" number="150"/>
						<line branch="false" hits="0" number="153"/>
						<line branch="false" hits="0" number="155"/>
						<line branch="false" hits="0" number="156"/>
						<line branch="false" hits="0" number="157"/>
						<line branch="false" hits="0" number="158"/>
						<line branch="false" hits="0" number="160"/>
						<line branch="false" hits="0" number="161"/>
						<line branch="false" hits="0" number="162"/>
						<line branch="false" hits="0" number="163"/>
						<line branch="false" hits="0" number="165"/>
						<line branch="false" hits="0" number="166"/>
						<line branch="false" hits="0" number="167"/>
						<line branch="false" hits="0" number="169"/>
						<line branch="false" hits="0" number="170"/>
						<line branch="false" hits="0" number="171"/>
						<line branch="false" hits="0" number="173"/>
						<line branch="false" hits="0" number="177"/>
						<line branch="false" hits="0" number="180"/>
						<line branch="false" hits="0" number="181"/>
						<line branch="false" hits="0" number="184"/>
						<line branch="false" hits="0" number="192"/>
						<line branch="false" hits="0" number="194"/>
						<line branch="false" hits="0" number="197"/>
						<line branch="false" hits="0" number="202"/>
						<line branch="false" hits="0" number="204"/>
						<line branch="false" hits="0" number="206"/>
						<line branch="false" hits="0" number="207"/>
						<line branch="false" hits="0" number="208"/>
						<line branch="false" hits="0" number="210"/>
						<line branch="false" hits="0" number="211"/>
						<line branch="false" hits="0" number="238"/>
						<line branch="false" hits="0" number="241"/>
						<line branch="false" hits="0" number="244"/>
						<line branch="false" hits="0" number="245"/>
						<line branch="false" hits="0" number="246"/>
						<line branch="false" hits="0" number="247"/>
					</lines>
				</class>
			</classes>
		</package>
	</packages>
</coverage>
